  [1m[35m (587.6ms)[0m  [1m[35mCREATE DATABASE "top_ten_development" ENCODING = 'unicode'[0m
  [1m[35m (291.2ms)[0m  [1m[35mCREATE DATABASE "top_ten_test" ENCODING = 'unicode'[0m
  [1m[35m (9.2ms)[0m  [1m[35mCREATE TABLE "schema_migrations" ("version" character varying NOT NULL PRIMARY KEY)[0m
  [1m[35m (31.4ms)[0m  [1m[35mCREATE TABLE "ar_internal_metadata" ("key" character varying NOT NULL PRIMARY KEY, "value" character varying, "created_at" timestamp(6) NOT NULL, "updated_at" timestamp(6) NOT NULL)[0m
  [1m[35m (0.3ms)[0m  [1m[34mSELECT pg_try_advisory_lock(8196296309710392240)[0m
  [1m[35m (1.1ms)[0m  [1m[34mSELECT "schema_migrations"."version" FROM "schema_migrations" ORDER BY "schema_migrations"."version" ASC[0m
  [1m[36mActiveRecord::InternalMetadata Load (0.7ms)[0m  [1m[34mSELECT "ar_internal_metadata".* FROM "ar_internal_metadata" WHERE "ar_internal_metadata"."key" = $1 LIMIT $2[0m  [["key", "environment"], ["LIMIT", 1]]
  [1m[36mTRANSACTION (0.3ms)[0m  [1m[35mBEGIN[0m
  [1m[36mActiveRecord::InternalMetadata Create (1.2ms)[0m  [1m[32mINSERT INTO "ar_internal_metadata" ("key", "value", "created_at", "updated_at") VALUES ($1, $2, $3, $4) RETURNING "key"[0m  [["key", "environment"], ["value", "development"], ["created_at", "2021-06-08 21:50:31.770818"], ["updated_at", "2021-06-08 21:50:31.770818"]]
  [1m[36mTRANSACTION (0.6ms)[0m  [1m[35mCOMMIT[0m
  [1m[35m (23.5ms)[0m  [1m[34mSELECT pg_advisory_unlock(8196296309710392240)[0m
  [1m[35m (1.0ms)[0m  [1m[34mSELECT "schema_migrations"."version" FROM "schema_migrations" ORDER BY "schema_migrations"."version" ASC[0m
Started GET "/" for ::1 at 2021-06-08 14:51:21 -0700
  [1m[35m (3.2ms)[0m  [1m[34mSELECT "schema_migrations"."version" FROM "schema_migrations" ORDER BY "schema_migrations"."version" ASC[0m
Processing by Rails::WelcomeController#index as HTML
  Rendering /Users/learnacademy/.rvm/gems/ruby-3.0.0/gems/railties-6.1.3.2/lib/rails/templates/rails/welcome/index.html.erb
  Rendered /Users/learnacademy/.rvm/gems/ruby-3.0.0/gems/railties-6.1.3.2/lib/rails/templates/rails/welcome/index.html.erb (Duration: 14.4ms | Allocations: 522)
Completed 200 OK in 57ms (Views: 31.6ms | ActiveRecord: 0.0ms | Allocations: 4212)


Started GET "/" for ::1 at 2021-06-08 14:57:08 -0700
  [1m[35m (7.1ms)[0m  [1m[34mSELECT "schema_migrations"."version" FROM "schema_migrations" ORDER BY "schema_migrations"."version" ASC[0m
Processing by Rails::WelcomeController#index as HTML
  Rendering /Users/learnacademy/.rvm/gems/ruby-3.0.0/gems/railties-6.1.3.2/lib/rails/templates/rails/welcome/index.html.erb
  Rendered /Users/learnacademy/.rvm/gems/ruby-3.0.0/gems/railties-6.1.3.2/lib/rails/templates/rails/welcome/index.html.erb (Duration: 46.0ms | Allocations: 415)
Completed 200 OK in 109ms (Views: 59.0ms | ActiveRecord: 0.0ms | Allocations: 3068)


Started GET "/" for ::1 at 2021-06-08 15:02:57 -0700
Processing by Rails::WelcomeController#index as HTML
  Rendering /Users/learnacademy/.rvm/gems/ruby-3.0.0/gems/railties-6.1.3.2/lib/rails/templates/rails/welcome/index.html.erb
  Rendered /Users/learnacademy/.rvm/gems/ruby-3.0.0/gems/railties-6.1.3.2/lib/rails/templates/rails/welcome/index.html.erb (Duration: 15.6ms | Allocations: 222)
Completed 200 OK in 23ms (Views: 18.4ms | ActiveRecord: 0.0ms | Allocations: 953)


Started GET "/answer" for ::1 at 2021-06-08 15:03:06 -0700
  
ActionController::RoutingError (No route matches [GET] "/answer"):
  
Started GET "/answer" for ::1 at 2021-06-08 15:04:23 -0700
Processing by MainController#answer as HTML
  Rendering html template
  Rendered html template (Duration: 0.1ms | Allocations: 32)
Completed 200 OK in 4ms (Views: 3.7ms | ActiveRecord: 0.0ms | Allocations: 707)


Started GET "/" for ::1 at 2021-06-08 15:08:12 -0700
Processing by MainController#topten as HTML
  Rendering html template
  Rendered html template (Duration: 0.2ms | Allocations: 28)
Completed 200 OK in 4ms (Views: 3.1ms | ActiveRecord: 0.0ms | Allocations: 509)


Started GET "/" for ::1 at 2021-06-08 15:08:37 -0700
Processing by MainController#topten as HTML
  Rendering html template
  Rendered html template (Duration: 0.2ms | Allocations: 27)
Completed 200 OK in 2ms (Views: 1.1ms | ActiveRecord: 0.0ms | Allocations: 324)


Started GET "/topten" for ::1 at 2021-06-08 15:08:43 -0700
Processing by MainController#topten as HTML
  Rendering html template
  Rendered html template (Duration: 0.1ms | Allocations: 27)
Completed 200 OK in 2ms (Views: 1.0ms | ActiveRecord: 0.0ms | Allocations: 326)


Started GET "/" for ::1 at 2021-06-08 15:08:50 -0700
Processing by MainController#topten as HTML
  Rendering html template
  Rendered html template (Duration: 0.1ms | Allocations: 27)
Completed 200 OK in 2ms (Views: 1.3ms | ActiveRecord: 0.0ms | Allocations: 324)


Started GET "/" for ::1 at 2021-06-08 15:14:42 -0700
Processing by MainController#topten as HTML
  Rendering layout layouts/application.html.erb
  Rendering main/topten.html.erb within layouts/application
  Rendered main/topten.html.erb within layouts/application (Duration: 0.5ms | Allocations: 107)
[Webpacker] Compiling...
[Webpacker] Compiled all packs in /Users/learnacademy/Desktop/rails_challenges/top_ten/public/packs
[Webpacker] Though the "loose" option was set to "false" in your @babel/preset-env config, it will not be used for @babel/plugin-proposal-private-methods since the "loose" mode option was set to "true" for @babel/plugin-proposal-class-properties.
The "loose" option must be the same for @babel/plugin-proposal-class-properties, @babel/plugin-proposal-private-methods and @babel/plugin-proposal-private-property-in-object (when they are enabled): you can silence this warning by explicitly adding
	["@babel/plugin-proposal-private-methods", { "loose": true }]
to the "plugins" section of your Babel config.
Though the "loose" option was set to "false" in your @babel/preset-env config, it will not be used for @babel/plugin-proposal-private-methods since the "loose" mode option was set to "true" for @babel/plugin-proposal-class-properties.
The "loose" option must be the same for @babel/plugin-proposal-class-properties, @babel/plugin-proposal-private-methods and @babel/plugin-proposal-private-property-in-object (when they are enabled): you can silence this warning by explicitly adding
	["@babel/plugin-proposal-private-methods", { "loose": true }]
to the "plugins" section of your Babel config.
Though the "loose" option was set to "false" in your @babel/preset-env config, it will not be used for @babel/plugin-proposal-private-methods since the "loose" mode option was set to "true" for @babel/plugin-proposal-class-properties.
The "loose" option must be the same for @babel/plugin-proposal-class-properties, @babel/plugin-proposal-private-methods and @babel/plugin-proposal-private-property-in-object (when they are enabled): you can silence this warning by explicitly adding
	["@babel/plugin-proposal-private-methods", { "loose": true }]
to the "plugins" section of your Babel config.
Though the "loose" option was set to "false" in your @babel/preset-env config, it will not be used for @babel/plugin-proposal-private-methods since the "loose" mode option was set to "true" for @babel/plugin-proposal-class-properties.
The "loose" option must be the same for @babel/plugin-proposal-class-properties, @babel/plugin-proposal-private-methods and @babel/plugin-proposal-private-property-in-object (when they are enabled): you can silence this warning by explicitly adding
	["@babel/plugin-proposal-private-methods", { "loose": true }]
to the "plugins" section of your Babel config.
Though the "loose" option was set to "false" in your @babel/preset-env config, it will not be used for @babel/plugin-proposal-private-methods since the "loose" mode option was set to "true" for @babel/plugin-proposal-class-properties.
The "loose" option must be the same for @babel/plugin-proposal-class-properties, @babel/plugin-proposal-private-methods and @babel/plugin-proposal-private-property-in-object (when they are enabled): you can silence this warning by explicitly adding
	["@babel/plugin-proposal-private-methods", { "loose": true }]
to the "plugins" section of your Babel config.
Though the "loose" option was set to "false" in your @babel/preset-env config, it will not be used for @babel/plugin-proposal-private-methods since the "loose" mode option was set to "true" for @babel/plugin-proposal-class-properties.
The "loose" option must be the same for @babel/plugin-proposal-class-properties, @babel/plugin-proposal-private-methods and @babel/plugin-proposal-private-property-in-object (when they are enabled): you can silence this warning by explicitly adding
	["@babel/plugin-proposal-private-methods", { "loose": true }]
to the "plugins" section of your Babel config.

[Webpacker] Hash: e332c6419728fac579d5
Version: webpack 4.46.0
Time: 4742ms
Built at: 06/08/2021 3:14:53 PM
                                     Asset       Size       Chunks                         Chunk Names
    js/application-f826770d917d8a37c1d8.js    125 KiB  application  [emitted] [immutable]  application
js/application-f826770d917d8a37c1d8.js.map    139 KiB  application  [emitted] [dev]        application
                             manifest.json  364 bytes               [emitted]              
Entrypoint application = js/application-f826770d917d8a37c1d8.js js/application-f826770d917d8a37c1d8.js.map
[./app/javascript/channels sync recursive _channel\.js$] ./app/javascript/channels sync _channel\.js$ 160 bytes {application} [built]
[./app/javascript/channels/index.js] 211 bytes {application} [built]
[./app/javascript/packs/application.js] 492 bytes {application} [built]
[./node_modules/webpack/buildin/module.js] (webpack)/buildin/module.js 552 bytes {application} [built]
    + 3 hidden modules

  Rendered layout layouts/application.html.erb (Duration: 11337.6ms | Allocations: 14609)
Completed 200 OK in 11347ms (Views: 11344.8ms | Allocations: 15794)


Started GET "/" for ::1 at 2021-06-08 15:15:29 -0700
Processing by MainController#topten as HTML
  Rendering layout layouts/application.html.erb
  Rendering main/topten.html.erb within layouts/application
  Rendered main/topten.html.erb within layouts/application (Duration: 1.3ms | Allocations: 111)
[Webpacker] Everything's up-to-date. Nothing to do
  Rendered layout layouts/application.html.erb (Duration: 24.4ms | Allocations: 3760)
Completed 200 OK in 35ms (Views: 32.6ms | Allocations: 4995)


Started GET "/" for ::1 at 2021-06-08 15:17:20 -0700
Processing by MainController#topten as HTML
  Rendering layout layouts/application.html.erb
  Rendering main/topten.html.erb within layouts/application
  Rendered main/topten.html.erb within layouts/application (Duration: 0.6ms | Allocations: 121)
[Webpacker] Everything's up-to-date. Nothing to do
  Rendered layout layouts/application.html.erb (Duration: 15.3ms | Allocations: 3743)
Completed 200 OK in 30ms (Views: 20.8ms | Allocations: 4976)


Started GET "/" for ::1 at 2021-06-08 15:18:06 -0700
Processing by MainController#topten as HTML
  Rendering layout layouts/application.html.erb
  Rendering main/topten.html.erb within layouts/application
  Rendered main/topten.html.erb within layouts/application (Duration: 0.5ms | Allocations: 132)
[Webpacker] Everything's up-to-date. Nothing to do
  Rendered layout layouts/application.html.erb (Duration: 12.4ms | Allocations: 3775)
Completed 200 OK in 20ms (Views: 17.8ms | Allocations: 4983)


Started GET "/" for ::1 at 2021-06-08 15:23:51 -0700
Processing by MainController#topten as HTML
  Rendering layout layouts/application.html.erb
  Rendering main/topten.html.erb within layouts/application
  Rendered main/topten.html.erb within layouts/application (Duration: 0.8ms | Allocations: 145)
[Webpacker] Everything's up-to-date. Nothing to do
  Rendered layout layouts/application.html.erb (Duration: 12.0ms | Allocations: 3767)
Completed 200 OK in 20ms (Views: 17.6ms | Allocations: 5035)


Started GET "/" for ::1 at 2021-06-08 15:24:03 -0700
Processing by MainController#topten as HTML
  Rendering layout layouts/application.html.erb
  Rendering main/topten.html.erb within layouts/application
  Rendered main/topten.html.erb within layouts/application (Duration: 0.7ms | Allocations: 148)
[Webpacker] Everything's up-to-date. Nothing to do
  Rendered layout layouts/application.html.erb (Duration: 15.8ms | Allocations: 3791)
Completed 200 OK in 23ms (Views: 20.9ms | Allocations: 5026)


Started GET "/" for ::1 at 2021-06-08 15:25:07 -0700
Processing by MainController#topten as HTML
  Rendering layout layouts/application.html.erb
  Rendering main/topten.html.erb within layouts/application
  Rendered main/topten.html.erb within layouts/application (Duration: 0.8ms | Allocations: 203)
[Webpacker] Everything's up-to-date. Nothing to do
  Rendered layout layouts/application.html.erb (Duration: 9.8ms | Allocations: 3851)
Completed 200 OK in 16ms (Views: 13.7ms | Allocations: 5087)


Started GET "/" for ::1 at 2021-06-08 15:26:09 -0700
Processing by MainController#topten as HTML
  Rendering layout layouts/application.html.erb
  Rendering main/topten.html.erb within layouts/application
  Rendered main/topten.html.erb within layouts/application (Duration: 0.8ms | Allocations: 292)
[Webpacker] Everything's up-to-date. Nothing to do
  Rendered layout layouts/application.html.erb (Duration: 14.6ms | Allocations: 3936)
Completed 200 OK in 23ms (Views: 20.0ms | Allocations: 5167)


Started GET "/" for ::1 at 2021-06-08 15:29:30 -0700
Processing by MainController#topten as HTML
  Rendering layout layouts/application.html.erb
  Rendering main/topten.html.erb within layouts/application
  Rendered main/topten.html.erb within layouts/application (Duration: 1.9ms | Allocations: 328)
[Webpacker] Everything's up-to-date. Nothing to do
  Rendered layout layouts/application.html.erb (Duration: 24.0ms | Allocations: 3954)
Completed 200 OK in 31ms (Views: 29.0ms | Allocations: 5229)


Started GET "/" for ::1 at 2021-06-08 15:29:32 -0700
Processing by MainController#topten as HTML
  Rendering layout layouts/application.html.erb
  Rendering main/topten.html.erb within layouts/application
  Rendered main/topten.html.erb within layouts/application (Duration: 0.4ms | Allocations: 58)
[Webpacker] Everything's up-to-date. Nothing to do
  Rendered layout layouts/application.html.erb (Duration: 11.5ms | Allocations: 3462)
Completed 200 OK in 14ms (Views: 12.5ms | Allocations: 3935)


Started GET "/" for ::1 at 2021-06-08 15:31:19 -0700
Processing by MainController#topten as HTML
  Rendering layout layouts/application.html.erb
  Rendering main/topten.html.erb within layouts/application
  Rendered main/topten.html.erb within layouts/application (Duration: 1.3ms | Allocations: 351)
[Webpacker] Everything's up-to-date. Nothing to do
  Rendered layout layouts/application.html.erb (Duration: 26.4ms | Allocations: 3990)
Completed 200 OK in 35ms (Views: 32.8ms | Allocations: 5221)


Started GET "/" for ::1 at 2021-06-08 15:31:21 -0700
Processing by MainController#topten as HTML
  Rendering layout layouts/application.html.erb
  Rendering main/topten.html.erb within layouts/application
  Rendered main/topten.html.erb within layouts/application (Duration: 0.4ms | Allocations: 68)
[Webpacker] Everything's up-to-date. Nothing to do
  Rendered layout layouts/application.html.erb (Duration: 10.9ms | Allocations: 3472)
Completed 200 OK in 14ms (Views: 13.4ms | Allocations: 3945)


Started GET "/" for ::1 at 2021-06-08 15:31:55 -0700
Processing by MainController#topten as HTML
  Rendering layout layouts/application.html.erb
  Rendering main/topten.html.erb within layouts/application
  Rendered main/topten.html.erb within layouts/application (Duration: 0.7ms | Allocations: 335)
[Webpacker] Everything's up-to-date. Nothing to do
  Rendered layout layouts/application.html.erb (Duration: 8.9ms | Allocations: 3974)
Completed 200 OK in 15ms (Views: 13.0ms | Allocations: 5205)


Started GET "/" for ::1 at 2021-06-08 15:31:57 -0700
Processing by MainController#topten as HTML
  Rendering layout layouts/application.html.erb
  Rendering main/topten.html.erb within layouts/application
  Rendered main/topten.html.erb within layouts/application (Duration: 0.3ms | Allocations: 67)
[Webpacker] Everything's up-to-date. Nothing to do
  Rendered layout layouts/application.html.erb (Duration: 12.6ms | Allocations: 3471)
Completed 200 OK in 16ms (Views: 14.5ms | Allocations: 3944)


Started GET "/" for ::1 at 2021-06-08 15:35:24 -0700
Processing by MainController#topten as HTML
  Rendering layout layouts/application.html.erb
  Rendering main/topten.html.erb within layouts/application
  Rendered main/topten.html.erb within layouts/application (Duration: 1.6ms | Allocations: 450)
[Webpacker] Everything's up-to-date. Nothing to do
  Rendered layout layouts/application.html.erb (Duration: 13.2ms | Allocations: 4089)
Completed 200 OK in 22ms (Views: 18.9ms | Allocations: 5328)


Started GET "/" for ::1 at 2021-06-08 15:35:26 -0700
Processing by MainController#topten as HTML
  Rendering layout layouts/application.html.erb
  Rendering main/topten.html.erb within layouts/application
  Rendered main/topten.html.erb within layouts/application (Duration: 0.3ms | Allocations: 146)
[Webpacker] Everything's up-to-date. Nothing to do
  Rendered layout layouts/application.html.erb (Duration: 10.9ms | Allocations: 3551)
Completed 200 OK in 13ms (Views: 12.3ms | Allocations: 4024)


Started GET "/" for ::1 at 2021-06-08 15:35:26 -0700
Processing by MainController#topten as HTML
  Rendering layout layouts/application.html.erb
  Rendering main/topten.html.erb within layouts/application
  Rendered main/topten.html.erb within layouts/application (Duration: 0.5ms | Allocations: 146)
[Webpacker] Everything's up-to-date. Nothing to do
  Rendered layout layouts/application.html.erb (Duration: 11.4ms | Allocations: 3555)
Completed 200 OK in 14ms (Views: 13.4ms | Allocations: 4027)


Started GET "/" for ::1 at 2021-06-08 15:35:27 -0700
Processing by MainController#topten as HTML
  Rendering layout layouts/application.html.erb
  Rendering main/topten.html.erb within layouts/application
  Rendered main/topten.html.erb within layouts/application (Duration: 0.3ms | Allocations: 146)
[Webpacker] Everything's up-to-date. Nothing to do
  Rendered layout layouts/application.html.erb (Duration: 19.3ms | Allocations: 3552)
Completed 200 OK in 21ms (Views: 20.2ms | Allocations: 4024)


Started GET "/" for ::1 at 2021-06-08 15:35:27 -0700
Processing by MainController#topten as HTML
  Rendering layout layouts/application.html.erb
  Rendering main/topten.html.erb within layouts/application
  Rendered main/topten.html.erb within layouts/application (Duration: 0.6ms | Allocations: 146)
[Webpacker] Everything's up-to-date. Nothing to do
  Rendered layout layouts/application.html.erb (Duration: 20.2ms | Allocations: 3553)
Completed 200 OK in 23ms (Views: 21.2ms | Allocations: 4026)


Started GET "/" for ::1 at 2021-06-08 15:35:28 -0700
Processing by MainController#topten as HTML
  Rendering layout layouts/application.html.erb
  Rendering main/topten.html.erb within layouts/application
  Rendered main/topten.html.erb within layouts/application (Duration: 0.8ms | Allocations: 146)
[Webpacker] Everything's up-to-date. Nothing to do
  Rendered layout layouts/application.html.erb (Duration: 17.8ms | Allocations: 3550)
Completed 200 OK in 20ms (Views: 19.1ms | Allocations: 4022)


Started GET "/" for ::1 at 2021-06-08 15:35:28 -0700
Processing by MainController#topten as HTML
  Rendering layout layouts/application.html.erb
  Rendering main/topten.html.erb within layouts/application
  Rendered main/topten.html.erb within layouts/application (Duration: 0.3ms | Allocations: 146)
[Webpacker] Everything's up-to-date. Nothing to do
  Rendered layout layouts/application.html.erb (Duration: 26.8ms | Allocations: 3550)
Completed 200 OK in 30ms (Views: 28.8ms | Allocations: 4022)


Started GET "/" for ::1 at 2021-06-08 15:35:29 -0700
Processing by MainController#topten as HTML
  Rendering layout layouts/application.html.erb
  Rendering main/topten.html.erb within layouts/application
  Rendered main/topten.html.erb within layouts/application (Duration: 0.7ms | Allocations: 146)
[Webpacker] Everything's up-to-date. Nothing to do
  Rendered layout layouts/application.html.erb (Duration: 15.3ms | Allocations: 3558)
Completed 200 OK in 19ms (Views: 16.7ms | Allocations: 4041)


Started GET "/" for ::1 at 2021-06-08 15:35:45 -0700
Processing by MainController#topten as HTML
  Rendering layout layouts/application.html.erb
  Rendering main/topten.html.erb within layouts/application
  Rendered main/topten.html.erb within layouts/application (Duration: 3.7ms | Allocations: 435)
[Webpacker] Everything's up-to-date. Nothing to do
  Rendered layout layouts/application.html.erb (Duration: 28.6ms | Allocations: 4074)
Completed 200 OK in 43ms (Views: 38.3ms | Allocations: 5309)


Started GET "/" for ::1 at 2021-06-08 15:44:01 -0700
Processing by MainController#topten as HTML
  Rendering layout layouts/application.html.erb
  Rendering main/topten.html.erb within layouts/application
  Rendered main/topten.html.erb within layouts/application (Duration: 1.1ms | Allocations: 435)
[Webpacker] Everything's up-to-date. Nothing to do
  Rendered layout layouts/application.html.erb (Duration: 15.1ms | Allocations: 4061)
Completed 200 OK in 21ms (Views: 17.5ms | Allocations: 5336)


Started GET "/" for ::1 at 2021-06-08 15:44:02 -0700
Processing by MainController#topten as HTML
  Rendering layout layouts/application.html.erb
  Rendering main/topten.html.erb within layouts/application
  Rendered main/topten.html.erb within layouts/application (Duration: 0.4ms | Allocations: 137)
[Webpacker] Everything's up-to-date. Nothing to do
  Rendered layout layouts/application.html.erb (Duration: 18.2ms | Allocations: 3541)
Completed 200 OK in 21ms (Views: 19.8ms | Allocations: 4013)


Started GET "/" for ::1 at 2021-06-08 15:44:04 -0700
Processing by MainController#topten as HTML
  Rendering layout layouts/application.html.erb
  Rendering main/topten.html.erb within layouts/application
  Rendered main/topten.html.erb within layouts/application (Duration: 0.2ms | Allocations: 137)
[Webpacker] Everything's up-to-date. Nothing to do
  Rendered layout layouts/application.html.erb (Duration: 8.7ms | Allocations: 3541)
Completed 200 OK in 10ms (Views: 9.5ms | Allocations: 4010)


Started GET "/" for ::1 at 2021-06-08 15:44:05 -0700
Processing by MainController#topten as HTML
  Rendering layout layouts/application.html.erb
  Rendering main/topten.html.erb within layouts/application
  Rendered main/topten.html.erb within layouts/application (Duration: 0.3ms | Allocations: 137)
[Webpacker] Everything's up-to-date. Nothing to do
  Rendered layout layouts/application.html.erb (Duration: 11.5ms | Allocations: 3541)
Completed 200 OK in 13ms (Views: 12.3ms | Allocations: 4022)


Started GET "/chillimac" for ::1 at 2021-06-08 15:44:15 -0700
Processing by MainController#chillimac as HTML
  Rendering layout layouts/application.html.erb
  Rendering main/chillimac.html.erb within layouts/application
  Rendered main/chillimac.html.erb within layouts/application (Duration: 0.4ms | Allocations: 122)
[Webpacker] Everything's up-to-date. Nothing to do
  Rendered layout layouts/application.html.erb (Duration: 6.6ms | Allocations: 3506)
Completed 200 OK in 10ms (Views: 7.9ms | Allocations: 4046)


Started GET "/" for ::1 at 2021-06-08 15:44:18 -0700
Processing by MainController#topten as HTML
  Rendering layout layouts/application.html.erb
  Rendering main/topten.html.erb within layouts/application
  Rendered main/topten.html.erb within layouts/application (Duration: 0.3ms | Allocations: 137)
[Webpacker] Everything's up-to-date. Nothing to do
  Rendered layout layouts/application.html.erb (Duration: 13.4ms | Allocations: 4137)
Completed 200 OK in 15ms (Views: 14.3ms | Allocations: 4609)


Started GET "/" for ::1 at 2021-06-08 15:44:32 -0700
Processing by MainController#topten as HTML
  Rendering layout layouts/application.html.erb
  Rendering main/topten.html.erb within layouts/application
  Rendered main/topten.html.erb within layouts/application (Duration: 0.4ms | Allocations: 147)
[Webpacker] Everything's up-to-date. Nothing to do
  Rendered layout layouts/application.html.erb (Duration: 17.7ms | Allocations: 3602)
Completed 200 OK in 23ms (Views: 21.5ms | Allocations: 4267)


Started GET "/" for ::1 at 2021-06-08 15:44:33 -0700
Processing by MainController#topten as HTML
  Rendering layout layouts/application.html.erb
  Rendering main/topten.html.erb within layouts/application
  Rendered main/topten.html.erb within layouts/application (Duration: 0.5ms | Allocations: 137)
[Webpacker] Everything's up-to-date. Nothing to do
  Rendered layout layouts/application.html.erb (Duration: 24.8ms | Allocations: 3541)
Completed 200 OK in 28ms (Views: 26.2ms | Allocations: 4013)


Started GET "/" for ::1 at 2021-06-08 15:44:48 -0700
  
ArgumentError (Missing :action key on routes definition, please check your routes.):
  
config/routes.rb:5:in `block in <main>'
config/routes.rb:1:in `<main>'
Started GET "/" for ::1 at 2021-06-08 15:46:59 -0700
  
ArgumentError (Invalid route name, already in use: 'root' 
You may have defined two routes with the same name using the `:as` option, or you may be overriding a route already defined by a resource with the same naming. For the latter, you can restrict the routes created with `resources` as explained here: 
https://guides.rubyonrails.org/routing.html#restricting-the-routes-created):
  
config/routes.rb:6:in `block in <main>'
config/routes.rb:1:in `<main>'
Started GET "/" for ::1 at 2021-06-08 15:47:12 -0700
Processing by MainController#topten as HTML
  Rendering layout layouts/application.html.erb
  Rendering main/topten.html.erb within layouts/application
  Rendered main/topten.html.erb within layouts/application (Duration: 0.5ms | Allocations: 147)
[Webpacker] Everything's up-to-date. Nothing to do
  Rendered layout layouts/application.html.erb (Duration: 21.1ms | Allocations: 3623)
Completed 200 OK in 26ms (Views: 24.7ms | Allocations: 4288)


Started GET "/" for ::1 at 2021-06-08 15:47:13 -0700
Processing by MainController#topten as HTML
  Rendering layout layouts/application.html.erb
  Rendering main/topten.html.erb within layouts/application
  Rendered main/topten.html.erb within layouts/application (Duration: 0.4ms | Allocations: 137)
[Webpacker] Everything's up-to-date. Nothing to do
  Rendered layout layouts/application.html.erb (Duration: 25.9ms | Allocations: 3541)
Completed 200 OK in 29ms (Views: 27.4ms | Allocations: 4010)


Started GET "/" for ::1 at 2021-06-08 15:47:14 -0700
Processing by MainController#topten as HTML
  Rendering layout layouts/application.html.erb
  Rendering main/topten.html.erb within layouts/application
  Rendered main/topten.html.erb within layouts/application (Duration: 0.4ms | Allocations: 137)
[Webpacker] Everything's up-to-date. Nothing to do
  Rendered layout layouts/application.html.erb (Duration: 9.3ms | Allocations: 3541)
Completed 200 OK in 12ms (Views: 11.0ms | Allocations: 4013)


Started GET "/" for ::1 at 2021-06-08 15:47:15 -0700
Processing by MainController#topten as HTML
  Rendering layout layouts/application.html.erb
  Rendering main/topten.html.erb within layouts/application
  Rendered main/topten.html.erb within layouts/application (Duration: 0.3ms | Allocations: 137)
[Webpacker] Everything's up-to-date. Nothing to do
  Rendered layout layouts/application.html.erb (Duration: 19.2ms | Allocations: 3541)
Completed 200 OK in 21ms (Views: 20.0ms | Allocations: 4013)


Started GET "/" for ::1 at 2021-06-08 15:47:15 -0700
Processing by MainController#topten as HTML
  Rendering layout layouts/application.html.erb
  Rendering main/topten.html.erb within layouts/application
  Rendered main/topten.html.erb within layouts/application (Duration: 1.3ms | Allocations: 137)
[Webpacker] Everything's up-to-date. Nothing to do
  Rendered layout layouts/application.html.erb (Duration: 12.4ms | Allocations: 3541)
Completed 200 OK in 15ms (Views: 14.1ms | Allocations: 4013)


Started GET "/" for ::1 at 2021-06-08 15:47:15 -0700
Processing by MainController#topten as HTML
  Rendering layout layouts/application.html.erb
  Rendering main/topten.html.erb within layouts/application
  Rendered main/topten.html.erb within layouts/application (Duration: 0.2ms | Allocations: 137)
[Webpacker] Everything's up-to-date. Nothing to do
  Rendered layout layouts/application.html.erb (Duration: 11.5ms | Allocations: 3541)
Completed 200 OK in 14ms (Views: 13.4ms | Allocations: 4013)


Started GET "/" for ::1 at 2021-06-08 15:47:41 -0700
Processing by MainController#topten as HTML
  Rendering layout layouts/application.html.erb
  Rendering main/topten.html.erb within layouts/application
  Rendered main/topten.html.erb within layouts/application (Duration: 0.4ms | Allocations: 147)
[Webpacker] Everything's up-to-date. Nothing to do
  Rendered layout layouts/application.html.erb (Duration: 21.8ms | Allocations: 3594)
Completed 200 OK in 27ms (Views: 25.9ms | Allocations: 4248)


Started GET "/" for ::1 at 2021-06-08 15:47:42 -0700
Processing by MainController#topten as HTML
  Rendering layout layouts/application.html.erb
  Rendering main/topten.html.erb within layouts/application
  Rendered main/topten.html.erb within layouts/application (Duration: 0.3ms | Allocations: 137)
[Webpacker] Everything's up-to-date. Nothing to do
  Rendered layout layouts/application.html.erb (Duration: 29.9ms | Allocations: 3541)
Completed 200 OK in 33ms (Views: 31.1ms | Allocations: 4011)


Started GET "/" for ::1 at 2021-06-08 15:47:43 -0700
Processing by MainController#topten as HTML
  Rendering layout layouts/application.html.erb
  Rendering main/topten.html.erb within layouts/application
  Rendered main/topten.html.erb within layouts/application (Duration: 0.2ms | Allocations: 137)
[Webpacker] Everything's up-to-date. Nothing to do
  Rendered layout layouts/application.html.erb (Duration: 13.5ms | Allocations: 3547)
Completed 200 OK in 16ms (Views: 14.7ms | Allocations: 4020)


Started GET "/" for ::1 at 2021-06-08 15:47:44 -0700
Processing by MainController#topten as HTML
  Rendering layout layouts/application.html.erb
  Rendering main/topten.html.erb within layouts/application
  Rendered main/topten.html.erb within layouts/application (Duration: 1.2ms | Allocations: 137)
[Webpacker] Everything's up-to-date. Nothing to do
  Rendered layout layouts/application.html.erb (Duration: 18.9ms | Allocations: 3541)
Completed 200 OK in 22ms (Views: 20.0ms | Allocations: 4013)


Started GET "/" for ::1 at 2021-06-08 15:47:45 -0700
Processing by MainController#topten as HTML
  Rendering layout layouts/application.html.erb
  Rendering main/topten.html.erb within layouts/application
  Rendered main/topten.html.erb within layouts/application (Duration: 0.3ms | Allocations: 137)
[Webpacker] Everything's up-to-date. Nothing to do
  Rendered layout layouts/application.html.erb (Duration: 10.5ms | Allocations: 3541)
Completed 200 OK in 13ms (Views: 11.8ms | Allocations: 4013)


Started GET "/" for ::1 at 2021-06-08 15:48:06 -0700
Processing by MainController#topten as HTML
  Rendering layout layouts/application.html.erb
  Rendering main/topten.html.erb within layouts/application
  Rendered main/topten.html.erb within layouts/application (Duration: 2.6ms | Allocations: 147)
[Webpacker] Everything's up-to-date. Nothing to do
  Rendered layout layouts/application.html.erb (Duration: 34.8ms | Allocations: 3621)
Completed 200 OK in 45ms (Views: 42.2ms | Allocations: 4276)


Started GET "/" for ::1 at 2021-06-08 15:48:07 -0700
Processing by MainController#topten as HTML
  Rendering layout layouts/application.html.erb
  Rendering main/topten.html.erb within layouts/application
  Rendered main/topten.html.erb within layouts/application (Duration: 0.5ms | Allocations: 137)
[Webpacker] Everything's up-to-date. Nothing to do
  Rendered layout layouts/application.html.erb (Duration: 36.0ms | Allocations: 3541)
Completed 200 OK in 39ms (Views: 37.8ms | Allocations: 4013)


Started GET "/chillimac" for ::1 at 2021-06-08 15:48:47 -0700
Processing by MainController#chillimac as HTML
  Rendering layout layouts/application.html.erb
  Rendering main/chillimac.html.erb within layouts/application
  Rendered main/chillimac.html.erb within layouts/application (Duration: 0.2ms | Allocations: 48)
[Webpacker] Everything's up-to-date. Nothing to do
  Rendered layout layouts/application.html.erb (Duration: 7.3ms | Allocations: 3432)
Completed 200 OK in 9ms (Views: 8.4ms | Allocations: 3870)


Started GET "/" for ::1 at 2021-06-08 15:48:49 -0700
Processing by MainController#topten as HTML
  Rendering layout layouts/application.html.erb
  Rendering main/topten.html.erb within layouts/application
  Rendered main/topten.html.erb within layouts/application (Duration: 0.4ms | Allocations: 137)
[Webpacker] Everything's up-to-date. Nothing to do
  Rendered layout layouts/application.html.erb (Duration: 19.9ms | Allocations: 4141)
Completed 200 OK in 24ms (Views: 21.4ms | Allocations: 4613)


Started GET "/" for ::1 at 2021-06-08 15:49:01 -0700
Processing by MainController#topten as HTML
  Rendering layout layouts/application.html.erb
  Rendering main/topten.html.erb within layouts/application
  Rendered main/topten.html.erb within layouts/application (Duration: 0.5ms | Allocations: 147)
[Webpacker] Everything's up-to-date. Nothing to do
  Rendered layout layouts/application.html.erb (Duration: 119.6ms | Allocations: 3594)
Completed 200 OK in 124ms (Views: 121.9ms | Allocations: 4248)


Started GET "/" for ::1 at 2021-06-08 15:49:03 -0700
Processing by MainController#topten as HTML
  Rendering layout layouts/application.html.erb
  Rendering main/topten.html.erb within layouts/application
  Rendered main/topten.html.erb within layouts/application (Duration: 0.6ms | Allocations: 137)
[Webpacker] Everything's up-to-date. Nothing to do
  Rendered layout layouts/application.html.erb (Duration: 21.0ms | Allocations: 3541)
Completed 200 OK in 24ms (Views: 22.2ms | Allocations: 4013)


Started GET "/" for ::1 at 2021-06-08 15:50:09 -0700
Processing by MainController#topten as HTML
  Rendering layout layouts/application.html.erb
  Rendering main/topten.html.erb within layouts/application
  Rendered main/topten.html.erb within layouts/application (Duration: 8.3ms | Allocations: 435)
[Webpacker] Everything's up-to-date. Nothing to do
  Rendered layout layouts/application.html.erb (Duration: 63.9ms | Allocations: 4061)
Completed 200 OK in 87ms (Views: 81.0ms | Allocations: 5337)


Started GET "/chillimac" for ::1 at 2021-06-08 15:50:10 -0700
Processing by MainController#chillimac as HTML
  Rendering layout layouts/application.html.erb
  Rendering main/chillimac.html.erb within layouts/application
  Rendered main/chillimac.html.erb within layouts/application (Duration: 2.2ms | Allocations: 121)
[Webpacker] Everything's up-to-date. Nothing to do
  Rendered layout layouts/application.html.erb (Duration: 22.6ms | Allocations: 3505)
Completed 200 OK in 26ms (Views: 24.0ms | Allocations: 4047)


Started GET "/" for ::1 at 2021-06-08 15:50:12 -0700
Processing by MainController#topten as HTML
  Rendering layout layouts/application.html.erb
  Rendering main/topten.html.erb within layouts/application
  Rendered main/topten.html.erb within layouts/application (Duration: 0.4ms | Allocations: 137)
[Webpacker] Everything's up-to-date. Nothing to do
  Rendered layout layouts/application.html.erb (Duration: 38.9ms | Allocations: 4137)
Completed 200 OK in 44ms (Views: 42.5ms | Allocations: 4619)


Started GET "/" for ::1 at 2021-06-08 15:51:56 -0700
Processing by MainController#topten as HTML
  Rendering layout layouts/application.html.erb
  Rendering main/topten.html.erb within layouts/application
  Rendered main/topten.html.erb within layouts/application (Duration: 3.6ms | Allocations: 446)
[Webpacker] Everything's up-to-date. Nothing to do
  Rendered layout layouts/application.html.erb (Duration: 45.9ms | Allocations: 4093)
Completed 200 OK in 63ms (Views: 59.4ms | Allocations: 5339)


Started GET "/meatballmarinara" for ::1 at 2021-06-08 15:51:58 -0700
  
ActionController::RoutingError (No route matches [GET] "/meatballmarinara"):
  
Started GET "/meatballmarinara" for ::1 at 2021-06-08 15:52:00 -0700
  
ActionController::RoutingError (No route matches [GET] "/meatballmarinara"):
  
Started GET "/meatballmarinara" for ::1 at 2021-06-08 15:52:59 -0700
Processing by MainController#meatballmarinara as HTML
  Rendering layout layouts/application.html.erb
  Rendering main/meatballmarinara.html.erb within layouts/application
  Rendered main/meatballmarinara.html.erb within layouts/application (Duration: 1.4ms | Allocations: 133)
[Webpacker] Everything's up-to-date. Nothing to do
  Rendered layout layouts/application.html.erb (Duration: 24.3ms | Allocations: 3568)
Completed 200 OK in 30ms (Views: 27.8ms | Allocations: 4293)


Started GET "/" for ::1 at 2021-06-08 15:53:01 -0700
Processing by MainController#topten as HTML
  Rendering layout layouts/application.html.erb
  Rendering main/topten.html.erb within layouts/application
  Rendered main/topten.html.erb within layouts/application (Duration: 1.0ms | Allocations: 139)
[Webpacker] Everything's up-to-date. Nothing to do
  Rendered layout layouts/application.html.erb (Duration: 14.7ms | Allocations: 3551)
Completed 200 OK in 17ms (Views: 16.0ms | Allocations: 4034)


Started GET "/meatballmarinara" for ::1 at 2021-06-08 15:53:02 -0700
Processing by MainController#meatballmarinara as HTML
  Rendering layout layouts/application.html.erb
  Rendering main/meatballmarinara.html.erb within layouts/application
  Rendered main/meatballmarinara.html.erb within layouts/application (Duration: 0.2ms | Allocations: 48)
[Webpacker] Everything's up-to-date. Nothing to do
  Rendered layout layouts/application.html.erb (Duration: 26.8ms | Allocations: 4031)
Completed 200 OK in 30ms (Views: 27.9ms | Allocations: 4472)


Started GET "/" for ::1 at 2021-06-08 15:53:04 -0700
Processing by MainController#topten as HTML
  Rendering layout layouts/application.html.erb
  Rendering main/topten.html.erb within layouts/application
  Rendered main/topten.html.erb within layouts/application (Duration: 0.2ms | Allocations: 139)
[Webpacker] Everything's up-to-date. Nothing to do
  Rendered layout layouts/application.html.erb (Duration: 26.2ms | Allocations: 3991)
Completed 200 OK in 30ms (Views: 28.2ms | Allocations: 4463)


Started GET "/" for ::1 at 2021-06-08 15:53:31 -0700
Processing by MainController#topten as HTML
  Rendering layout layouts/application.html.erb
  Rendering main/topten.html.erb within layouts/application
  Rendered main/topten.html.erb within layouts/application (Duration: 0.4ms | Allocations: 149)
[Webpacker] Everything's up-to-date. Nothing to do
  Rendered layout layouts/application.html.erb (Duration: 16.8ms | Allocations: 3596)
Completed 200 OK in 23ms (Views: 19.2ms | Allocations: 4250)


Started GET "/" for ::1 at 2021-06-08 15:53:32 -0700
Processing by MainController#topten as HTML
  Rendering layout layouts/application.html.erb
  Rendering main/topten.html.erb within layouts/application
  Rendered main/topten.html.erb within layouts/application (Duration: 0.5ms | Allocations: 139)
[Webpacker] Everything's up-to-date. Nothing to do
  Rendered layout layouts/application.html.erb (Duration: 23.3ms | Allocations: 3543)
Completed 200 OK in 25ms (Views: 24.2ms | Allocations: 4012)


Started GET "/cheesetortilini" for ::1 at 2021-06-08 15:53:34 -0700
Processing by MainController#cheesetortilini as HTML
  Rendering layout layouts/application.html.erb
  Rendering main/cheesetortilini.html.erb within layouts/application
  Rendered main/cheesetortilini.html.erb within layouts/application (Duration: 1.6ms | Allocations: 124)
[Webpacker] Everything's up-to-date. Nothing to do
  Rendered layout layouts/application.html.erb (Duration: 21.2ms | Allocations: 4113)
Completed 200 OK in 27ms (Views: 24.8ms | Allocations: 4655)


Started GET "/" for ::1 at 2021-06-08 15:53:35 -0700
Processing by MainController#topten as HTML
  Rendering layout layouts/application.html.erb
  Rendering main/topten.html.erb within layouts/application
  Rendered main/topten.html.erb within layouts/application (Duration: 0.3ms | Allocations: 139)
[Webpacker] Everything's up-to-date. Nothing to do
  Rendered layout layouts/application.html.erb (Duration: 18.7ms | Allocations: 4147)
Completed 200 OK in 20ms (Views: 19.7ms | Allocations: 4630)


Started GET "/" for ::1 at 2021-06-08 15:55:20 -0700
Processing by MainController#topten as HTML
  Rendering layout layouts/application.html.erb
  Rendering main/topten.html.erb within layouts/application
  Rendered main/topten.html.erb within layouts/application (Duration: 0.2ms | Allocations: 149)
[Webpacker] Everything's up-to-date. Nothing to do
  Rendered layout layouts/application.html.erb (Duration: 6.3ms | Allocations: 3604)
Completed 200 OK in 8ms (Views: 7.1ms | Allocations: 4259)


Started GET "/chiliwithbeans" for ::1 at 2021-06-08 15:55:21 -0700
Processing by MainController#chiliwithbeans as HTML
  Rendering layout layouts/application.html.erb
  Rendering main/chiliwithbeans.html.erb within layouts/application
  Rendered main/chiliwithbeans.html.erb within layouts/application (Duration: 2.3ms | Allocations: 128)
[Webpacker] Everything's up-to-date. Nothing to do
  Rendered layout layouts/application.html.erb (Duration: 24.1ms | Allocations: 4104)
Completed 200 OK in 31ms (Views: 25.8ms | Allocations: 4647)


Started GET "/" for ::1 at 2021-06-08 15:55:23 -0700
Processing by MainController#topten as HTML
  Rendering layout layouts/application.html.erb
  Rendering main/topten.html.erb within layouts/application
  Rendered main/topten.html.erb within layouts/application (Duration: 0.4ms | Allocations: 139)
[Webpacker] Everything's up-to-date. Nothing to do
  Rendered layout layouts/application.html.erb (Duration: 20.2ms | Allocations: 4149)
Completed 200 OK in 23ms (Views: 21.6ms | Allocations: 4631)


Started GET "/pizza" for ::1 at 2021-06-08 16:21:19 -0700
Processing by MainController#pizza as HTML
  Rendering layout layouts/application.html.erb
  Rendering main/pizza.html.erb within layouts/application
  Rendered main/pizza.html.erb within layouts/application (Duration: 0.6ms | Allocations: 133)
[Webpacker] Everything's up-to-date. Nothing to do
  Rendered layout layouts/application.html.erb (Duration: 7.6ms | Allocations: 3560)
Completed 200 OK in 10ms (Views: 8.8ms | Allocations: 4287)


Started GET "/" for ::1 at 2021-06-08 16:21:20 -0700
Processing by MainController#topten as HTML
  Rendering layout layouts/application.html.erb
  Rendering main/topten.html.erb within layouts/application
  Rendered main/topten.html.erb within layouts/application (Duration: 0.2ms | Allocations: 139)
[Webpacker] Everything's up-to-date. Nothing to do
  Rendered layout layouts/application.html.erb (Duration: 22.1ms | Allocations: 4131)
Completed 200 OK in 23ms (Views: 22.8ms | Allocations: 4603)


