  [1m[35m (918.1ms)[0m  [1m[35mCREATE DATABASE "app_name_development" ENCODING = 'unicode'[0m
  [1m[35m (303.4ms)[0m  [1m[35mCREATE DATABASE "app_name_test" ENCODING = 'unicode'[0m
Started GET "/" for ::1 at 2021-06-08 15:00:12 -0700
Processing by Rails::WelcomeController#index as HTML
  Rendering /Users/learnacademy/.rvm/gems/ruby-3.0.0/gems/railties-6.1.3.2/lib/rails/templates/rails/welcome/index.html.erb
  Rendered /Users/learnacademy/.rvm/gems/ruby-3.0.0/gems/railties-6.1.3.2/lib/rails/templates/rails/welcome/index.html.erb (Duration: 19.3ms | Allocations: 522)
Completed 200 OK in 57ms (Views: 33.5ms | ActiveRecord: 0.0ms | Allocations: 4230)


Started GET "/home" for ::1 at 2021-06-08 15:00:19 -0700
  
ActionController::RoutingError (uninitialized constant DeveloperController
Did you mean?  DevelopersController):
  
Started GET "/home" for ::1 at 2021-06-08 15:01:00 -0700
  
AbstractController::ActionNotFound (The action 'home' could not be found for DevelopersController):
  
actionpack (6.1.3.2) lib/abstract_controller/base.rb:160:in `process'
actionview (6.1.3.2) lib/action_view/rendering.rb:39:in `process'
actionpack (6.1.3.2) lib/action_controller/metal.rb:190:in `dispatch'
actionpack (6.1.3.2) lib/action_controller/metal.rb:254:in `dispatch'
actionpack (6.1.3.2) lib/action_dispatch/routing/route_set.rb:50:in `dispatch'
actionpack (6.1.3.2) lib/action_dispatch/routing/route_set.rb:33:in `serve'
actionpack (6.1.3.2) lib/action_dispatch/journey/router.rb:50:in `block in serve'
actionpack (6.1.3.2) lib/action_dispatch/journey/router.rb:32:in `each'
actionpack (6.1.3.2) lib/action_dispatch/journey/router.rb:32:in `serve'
actionpack (6.1.3.2) lib/action_dispatch/routing/route_set.rb:842:in `call'
rack (2.2.3) lib/rack/tempfile_reaper.rb:15:in `call'
rack (2.2.3) lib/rack/etag.rb:27:in `call'
rack (2.2.3) lib/rack/conditional_get.rb:27:in `call'
rack (2.2.3) lib/rack/head.rb:12:in `call'
actionpack (6.1.3.2) lib/action_dispatch/http/permissions_policy.rb:22:in `call'
actionpack (6.1.3.2) lib/action_dispatch/http/content_security_policy.rb:18:in `call'
rack (2.2.3) lib/rack/session/abstract/id.rb:266:in `context'
rack (2.2.3) lib/rack/session/abstract/id.rb:260:in `call'
actionpack (6.1.3.2) lib/action_dispatch/middleware/cookies.rb:689:in `call'
activerecord (6.1.3.2) lib/active_record/migration.rb:601:in `call'
actionpack (6.1.3.2) lib/action_dispatch/middleware/callbacks.rb:27:in `block in call'
activesupport (6.1.3.2) lib/active_support/callbacks.rb:98:in `run_callbacks'
actionpack (6.1.3.2) lib/action_dispatch/middleware/callbacks.rb:26:in `call'
actionpack (6.1.3.2) lib/action_dispatch/middleware/executor.rb:14:in `call'
actionpack (6.1.3.2) lib/action_dispatch/middleware/actionable_exceptions.rb:18:in `call'
actionpack (6.1.3.2) lib/action_dispatch/middleware/debug_exceptions.rb:29:in `call'
web-console (4.1.0) lib/web_console/middleware.rb:132:in `call_app'
web-console (4.1.0) lib/web_console/middleware.rb:28:in `block in call'
web-console (4.1.0) lib/web_console/middleware.rb:17:in `catch'
web-console (4.1.0) lib/web_console/middleware.rb:17:in `call'
actionpack (6.1.3.2) lib/action_dispatch/middleware/show_exceptions.rb:33:in `call'
railties (6.1.3.2) lib/rails/rack/logger.rb:37:in `call_app'
railties (6.1.3.2) lib/rails/rack/logger.rb:26:in `block in call'
activesupport (6.1.3.2) lib/active_support/tagged_logging.rb:99:in `block in tagged'
activesupport (6.1.3.2) lib/active_support/tagged_logging.rb:37:in `tagged'
activesupport (6.1.3.2) lib/active_support/tagged_logging.rb:99:in `tagged'
railties (6.1.3.2) lib/rails/rack/logger.rb:26:in `call'
sprockets-rails (3.2.2) lib/sprockets/rails/quiet_assets.rb:13:in `call'
actionpack (6.1.3.2) lib/action_dispatch/middleware/remote_ip.rb:81:in `call'
actionpack (6.1.3.2) lib/action_dispatch/middleware/request_id.rb:26:in `call'
rack (2.2.3) lib/rack/method_override.rb:24:in `call'
rack (2.2.3) lib/rack/runtime.rb:22:in `call'
activesupport (6.1.3.2) lib/active_support/cache/strategy/local_cache_middleware.rb:29:in `call'
actionpack (6.1.3.2) lib/action_dispatch/middleware/executor.rb:14:in `call'
actionpack (6.1.3.2) lib/action_dispatch/middleware/static.rb:24:in `call'
rack (2.2.3) lib/rack/sendfile.rb:110:in `call'
actionpack (6.1.3.2) lib/action_dispatch/middleware/host_authorization.rb:98:in `call'
rack-mini-profiler (2.3.2) lib/mini_profiler/profiler.rb:384:in `call'
webpacker (5.4.0) lib/webpacker/dev_server_proxy.rb:25:in `perform_request'
rack-proxy (0.7.0) lib/rack/proxy.rb:63:in `call'
railties (6.1.3.2) lib/rails/engine.rb:539:in `call'
puma (5.3.2) lib/puma/configuration.rb:249:in `call'
puma (5.3.2) lib/puma/request.rb:77:in `block in handle_request'
puma (5.3.2) lib/puma/thread_pool.rb:338:in `with_force_shutdown'
puma (5.3.2) lib/puma/request.rb:76:in `handle_request'
puma (5.3.2) lib/puma/server.rb:438:in `process_client'
puma (5.3.2) lib/puma/thread_pool.rb:145:in `block in spawn_thread'
Started GET "/home" for ::1 at 2021-06-08 15:01:50 -0700
  
ArgumentError ('Developers' is not a supported controller name. This can lead to potential routing problems. See https://guides.rubyonrails.org/routing.html#specifying-a-controller-to-use):
  
config/routes.rb:4:in `block in <main>'
config/routes.rb:1:in `<main>'
Started GET "/home" for ::1 at 2021-06-08 15:02:22 -0700
  
ActionController::RoutingError (uninitialized constant DevelopersControllerController):
  
Started GET "/home" for ::1 at 2021-06-08 15:03:59 -0700
Processing by DevelopersController#home as HTML
  Rendering html template
  Rendered html template (Duration: 0.1ms | Allocations: 31)
Completed 200 OK in 6ms (Views: 4.9ms | ActiveRecord: 0.0ms | Allocations: 724)


Started GET "/home" for ::1 at 2021-06-08 15:07:05 -0700
Processing by DevelopersController#home as HTML
  Rendering html template
  Rendered html template (Duration: 0.1ms | Allocations: 27)
Completed 200 OK in 2ms (Views: 0.6ms | ActiveRecord: 0.0ms | Allocations: 326)


Started GET "/home" for ::1 at 2021-06-08 15:13:25 -0700
Processing by DevelopersController#home as HTML
DEPRECATION WARNING: Rendering actions with '.' in the name is deprecated: developers/topten.html.erb (called from home at /Users/learnacademy/Desktop/rails_challenges/app_name/app/controllers/developers_controller.rb:3)
DEPRECATION WARNING: Rendering actions with '.' in the name is deprecated: developers/topten.html.erb (called from home at /Users/learnacademy/Desktop/rails_challenges/app_name/app/controllers/developers_controller.rb:3)
DEPRECATION WARNING: Rendering actions with '.' in the name is deprecated: developers/topten.html.erb (called from home at /Users/learnacademy/Desktop/rails_challenges/app_name/app/controllers/developers_controller.rb:3)
DEPRECATION WARNING: Rendering actions with '.' in the name is deprecated: application/topten.html.erb (called from home at /Users/learnacademy/Desktop/rails_challenges/app_name/app/controllers/developers_controller.rb:3)
DEPRECATION WARNING: Rendering actions with '.' in the name is deprecated: application/topten.html.erb (called from home at /Users/learnacademy/Desktop/rails_challenges/app_name/app/controllers/developers_controller.rb:3)
DEPRECATION WARNING: Rendering actions with '.' in the name is deprecated: application/topten.html.erb (called from home at /Users/learnacademy/Desktop/rails_challenges/app_name/app/controllers/developers_controller.rb:3)
Completed 500 Internal Server Error in 11ms (Allocations: 2509)


  
ActionView::MissingTemplate (Missing template developers/topten.html.erb, application/topten.html.erb with {:locale=>[:en], :formats=>[:html], :variants=>[], :handlers=>[:raw, :erb, :html, :builder, :ruby, :jbuilder]}. Searched in:
  * "/Users/learnacademy/Desktop/rails_challenges/app_name/app/views"
  * "/Users/learnacademy/.rvm/gems/ruby-3.0.0/gems/actiontext-6.1.3.2/app/views"
  * "/Users/learnacademy/.rvm/gems/ruby-3.0.0/gems/actionmailbox-6.1.3.2/app/views"
):
  
app/controllers/developers_controller.rb:3:in `home'
Started GET "/home" for ::1 at 2021-06-08 15:14:04 -0700
Processing by DevelopersController#home as HTML
Completed 500 Internal Server Error in 2ms (Allocations: 925)


  
ActionView::MissingTemplate (Missing template developers/topten.html.erb, application/topten.html.erb with {:locale=>[:en], :formats=>[:html], :variants=>[], :handlers=>[:raw, :erb, :html, :builder, :ruby, :jbuilder]}. Searched in:
  * "/Users/learnacademy/Desktop/rails_challenges/app_name/app/views"
  * "/Users/learnacademy/.rvm/gems/ruby-3.0.0/gems/actiontext-6.1.3.2/app/views"
  * "/Users/learnacademy/.rvm/gems/ruby-3.0.0/gems/actionmailbox-6.1.3.2/app/views"
):
  
app/controllers/developers_controller.rb:3:in `home'
Started GET "/" for ::1 at 2021-06-08 15:14:12 -0700
Processing by Rails::WelcomeController#index as HTML
  Rendering /Users/learnacademy/.rvm/gems/ruby-3.0.0/gems/railties-6.1.3.2/lib/rails/templates/rails/welcome/index.html.erb
  Rendered /Users/learnacademy/.rvm/gems/ruby-3.0.0/gems/railties-6.1.3.2/lib/rails/templates/rails/welcome/index.html.erb (Duration: 10.7ms | Allocations: 221)
Completed 200 OK in 19ms (Views: 13.6ms | Allocations: 929)


Started GET "/home" for ::1 at 2021-06-08 15:14:25 -0700
Processing by DevelopersController#home as HTML
Completed 500 Internal Server Error in 3ms (Allocations: 758)


  
ActionView::MissingTemplate (Missing template developers/topten.html.erb, application/topten.html.erb with {:locale=>[:en], :formats=>[:html], :variants=>[], :handlers=>[:raw, :erb, :html, :builder, :ruby, :jbuilder]}. Searched in:
  * "/Users/learnacademy/Desktop/rails_challenges/app_name/app/views"
  * "/Users/learnacademy/.rvm/gems/ruby-3.0.0/gems/actiontext-6.1.3.2/app/views"
  * "/Users/learnacademy/.rvm/gems/ruby-3.0.0/gems/actionmailbox-6.1.3.2/app/views"
):
  
app/controllers/developers_controller.rb:3:in `home'
Started GET "/home" for ::1 at 2021-06-08 15:15:30 -0700
Processing by DevelopersController#home as HTML
DEPRECATION WARNING: Rendering actions with '.' in the name is deprecated: developers/topten.html.erb (called from home at /Users/learnacademy/Desktop/rails_challenges/app_name/app/controllers/developers_controller.rb:3)
DEPRECATION WARNING: Rendering actions with '.' in the name is deprecated: developers/topten.html.erb (called from home at /Users/learnacademy/Desktop/rails_challenges/app_name/app/controllers/developers_controller.rb:3)
DEPRECATION WARNING: Rendering actions with '.' in the name is deprecated: developers/topten.html.erb (called from home at /Users/learnacademy/Desktop/rails_challenges/app_name/app/controllers/developers_controller.rb:3)
DEPRECATION WARNING: Rendering actions with '.' in the name is deprecated: application/topten.html.erb (called from home at /Users/learnacademy/Desktop/rails_challenges/app_name/app/controllers/developers_controller.rb:3)
DEPRECATION WARNING: Rendering actions with '.' in the name is deprecated: application/topten.html.erb (called from home at /Users/learnacademy/Desktop/rails_challenges/app_name/app/controllers/developers_controller.rb:3)
DEPRECATION WARNING: Rendering actions with '.' in the name is deprecated: application/topten.html.erb (called from home at /Users/learnacademy/Desktop/rails_challenges/app_name/app/controllers/developers_controller.rb:3)
Completed 500 Internal Server Error in 16ms (ActiveRecord: 0.0ms | Allocations: 4422)


  
ActionView::MissingTemplate (Missing template developers/topten.html.erb, application/topten.html.erb with {:locale=>[:en], :formats=>[:html], :variants=>[], :handlers=>[:raw, :erb, :html, :builder, :ruby, :jbuilder]}. Searched in:
  * "/Users/learnacademy/Desktop/rails_challenges/app_name/app/views"
  * "/Users/learnacademy/.rvm/gems/ruby-3.0.0/gems/actiontext-6.1.3.2/app/views"
  * "/Users/learnacademy/.rvm/gems/ruby-3.0.0/gems/actionmailbox-6.1.3.2/app/views"
):
  
app/controllers/developers_controller.rb:3:in `home'
Started GET "/home" for ::1 at 2021-06-08 15:16:12 -0700
Processing by DevelopersController#home as HTML
Completed 500 Internal Server Error in 2ms (ActiveRecord: 0.0ms | Allocations: 930)


  
ActionView::MissingTemplate (Missing template developers/topten.html.erb, application/topten.html.erb with {:locale=>[:en], :formats=>[:html], :variants=>[], :handlers=>[:raw, :erb, :html, :builder, :ruby, :jbuilder]}. Searched in:
  * "/Users/learnacademy/Desktop/rails_challenges/app_name/app/views"
  * "/Users/learnacademy/.rvm/gems/ruby-3.0.0/gems/actiontext-6.1.3.2/app/views"
  * "/Users/learnacademy/.rvm/gems/ruby-3.0.0/gems/actionmailbox-6.1.3.2/app/views"
):
  
app/controllers/developers_controller.rb:3:in `home'
Started GET "/home" for ::1 at 2021-06-08 15:21:59 -0700
Processing by DevelopersController#home as HTML
DEPRECATION WARNING: Rendering actions with '.' in the name is deprecated: developers/topten.html.erb (called from home at /Users/learnacademy/Desktop/rails_challenges/app_name/app/controllers/developers_controller.rb:3)
  Rendering layout layouts/application.html.erb
  Rendering developers/topten.html.erb within layouts/application
  Rendered developers/topten.html.erb within layouts/application (Duration: 1.2ms | Allocations: 124)
[Webpacker] Compiling...
Started GET "/home" for ::1 at 2021-06-08 15:22:02 -0700
[Webpacker] Compiled all packs in /Users/learnacademy/Desktop/rails_challenges/app_name/public/packs
[Webpacker] warning ../../package.json: No license field
Though the "loose" option was set to "false" in your @babel/preset-env config, it will not be used for @babel/plugin-proposal-private-methods since the "loose" mode option was set to "true" for @babel/plugin-proposal-class-properties.
The "loose" option must be the same for @babel/plugin-proposal-class-properties, @babel/plugin-proposal-private-methods and @babel/plugin-proposal-private-property-in-object (when they are enabled): you can silence this warning by explicitly adding
	["@babel/plugin-proposal-private-methods", { "loose": true }]
to the "plugins" section of your Babel config.
Though the "loose" option was set to "false" in your @babel/preset-env config, it will not be used for @babel/plugin-proposal-private-methods since the "loose" mode option was set to "true" for @babel/plugin-proposal-class-properties.
The "loose" option must be the same for @babel/plugin-proposal-class-properties, @babel/plugin-proposal-private-methods and @babel/plugin-proposal-private-property-in-object (when they are enabled): you can silence this warning by explicitly adding
	["@babel/plugin-proposal-private-methods", { "loose": true }]
to the "plugins" section of your Babel config.
Though the "loose" option was set to "false" in your @babel/preset-env config, it will not be used for @babel/plugin-proposal-private-methods since the "loose" mode option was set to "true" for @babel/plugin-proposal-class-properties.
The "loose" option must be the same for @babel/plugin-proposal-class-properties, @babel/plugin-proposal-private-methods and @babel/plugin-proposal-private-property-in-object (when they are enabled): you can silence this warning by explicitly adding
	["@babel/plugin-proposal-private-methods", { "loose": true }]
to the "plugins" section of your Babel config.
Though the "loose" option was set to "false" in your @babel/preset-env config, it will not be used for @babel/plugin-proposal-private-methods since the "loose" mode option was set to "true" for @babel/plugin-proposal-class-properties.
The "loose" option must be the same for @babel/plugin-proposal-class-properties, @babel/plugin-proposal-private-methods and @babel/plugin-proposal-private-property-in-object (when they are enabled): you can silence this warning by explicitly adding
	["@babel/plugin-proposal-private-methods", { "loose": true }]
to the "plugins" section of your Babel config.
Though the "loose" option was set to "false" in your @babel/preset-env config, it will not be used for @babel/plugin-proposal-private-methods since the "loose" mode option was set to "true" for @babel/plugin-proposal-class-properties.
The "loose" option must be the same for @babel/plugin-proposal-class-properties, @babel/plugin-proposal-private-methods and @babel/plugin-proposal-private-property-in-object (when they are enabled): you can silence this warning by explicitly adding
	["@babel/plugin-proposal-private-methods", { "loose": true }]
to the "plugins" section of your Babel config.
Though the "loose" option was set to "false" in your @babel/preset-env config, it will not be used for @babel/plugin-proposal-private-methods since the "loose" mode option was set to "true" for @babel/plugin-proposal-class-properties.
The "loose" option must be the same for @babel/plugin-proposal-class-properties, @babel/plugin-proposal-private-methods and @babel/plugin-proposal-private-property-in-object (when they are enabled): you can silence this warning by explicitly adding
	["@babel/plugin-proposal-private-methods", { "loose": true }]
to the "plugins" section of your Babel config.

[Webpacker] Hash: e332c6419728fac579d5
Version: webpack 4.46.0
Time: 5543ms
Built at: 06/08/2021 3:22:14 PM
                                     Asset       Size       Chunks                         Chunk Names
    js/application-f826770d917d8a37c1d8.js    125 KiB  application  [emitted] [immutable]  application
js/application-f826770d917d8a37c1d8.js.map    139 KiB  application  [emitted] [dev]        application
                             manifest.json  364 bytes               [emitted]              
Entrypoint application = js/application-f826770d917d8a37c1d8.js js/application-f826770d917d8a37c1d8.js.map
[./app/javascript/channels sync recursive _channel\.js$] ./app/javascript/channels sync _channel\.js$ 160 bytes {application} [built]
[./app/javascript/channels/index.js] 211 bytes {application} [built]
[./app/javascript/packs/application.js] 492 bytes {application} [built]
[./node_modules/webpack/buildin/module.js] (webpack)/buildin/module.js 552 bytes {application} [built]
    + 3 hidden modules

  Rendered layout layouts/application.html.erb (Duration: 15285.1ms | Allocations: 16235)
Completed 200 OK in 15292ms (Views: 15291.8ms | Allocations: 17602)


Processing by DevelopersController#home as HTML
  Rendering layout layouts/application.html.erb
  Rendering developers/topten.html.erb within layouts/application
  Rendered developers/topten.html.erb within layouts/application (Duration: 0.2ms | Allocations: 40)
[Webpacker] Everything's up-to-date. Nothing to do
  Rendered layout layouts/application.html.erb (Duration: 15.9ms | Allocations: 3527)
Completed 200 OK in 21ms (Views: 19.8ms | Allocations: 4078)


Started GET "/home" for ::1 at 2021-06-08 15:27:15 -0700
  
ActionController::RoutingError (No route matches [GET] "/home"):
  
Started GET "/" for ::1 at 2021-06-08 15:27:24 -0700
Processing by DevelopersController#home as HTML
  Rendering layout layouts/application.html.erb
  Rendering developers/topten.html.erb within layouts/application
  Rendered developers/topten.html.erb within layouts/application (Duration: 0.2ms | Allocations: 40)
[Webpacker] Everything's up-to-date. Nothing to do
  Rendered layout layouts/application.html.erb (Duration: 21.2ms | Allocations: 3494)
Completed 200 OK in 25ms (Views: 24.5ms | Allocations: 4099)


Started GET "/" for ::1 at 2021-06-08 15:37:52 -0700
Processing by DevelopersController#home as HTML
DEPRECATION WARNING: Rendering actions with '.' in the name is deprecated: developers/topten.html.erb (called from home at /Users/learnacademy/Desktop/rails_challenges/app_name/app/controllers/developers_controller.rb:3)
  Rendering layout layouts/application.html.erb
  Rendering developers/topten.html.erb within layouts/application
  Rendered developers/topten.html.erb within layouts/application (Duration: 1.1ms | Allocations: 129)
[Webpacker] Everything's up-to-date. Nothing to do
  Rendered layout layouts/application.html.erb (Duration: 45.3ms | Allocations: 3763)
Completed 200 OK in 60ms (Views: 59.1ms | Allocations: 5107)


Started GET "/" for ::1 at 2021-06-08 15:38:44 -0700
Processing by DevelopersController#home as HTML
DEPRECATION WARNING: Rendering actions with '.' in the name is deprecated: developers/topten.html.erb (called from home at /Users/learnacademy/Desktop/rails_challenges/app_name/app/controllers/developers_controller.rb:3)
  Rendering layout layouts/application.html.erb
  Rendering developers/topten.html.erb within layouts/application
  Rendered developers/topten.html.erb within layouts/application (Duration: 0.4ms | Allocations: 126)
[Webpacker] Everything's up-to-date. Nothing to do
  Rendered layout layouts/application.html.erb (Duration: 21.0ms | Allocations: 3753)
Completed 200 OK in 25ms (Views: 24.5ms | Allocations: 5086)


