  [1m[35m (596.2ms)[0m  [1m[35mCREATE DATABASE "params_development" ENCODING = 'unicode'[0m
  [1m[35m (392.3ms)[0m  [1m[35mCREATE DATABASE "params_test" ENCODING = 'unicode'[0m
Started GET "/" for ::1 at 2021-06-09 09:24:23 -0700
Processing by Rails::WelcomeController#index as HTML
  Rendering /Users/learnacademy/.rvm/gems/ruby-3.0.0/gems/railties-6.1.3.2/lib/rails/templates/rails/welcome/index.html.erb
  Rendered /Users/learnacademy/.rvm/gems/ruby-3.0.0/gems/railties-6.1.3.2/lib/rails/templates/rails/welcome/index.html.erb (Duration: 23.8ms | Allocations: 522)
Completed 200 OK in 90ms (Views: 51.1ms | ActiveRecord: 0.0ms | Allocations: 4215)


  [1m[35m (56.0ms)[0m  [1m[35mCREATE TABLE "schema_migrations" ("version" character varying NOT NULL PRIMARY KEY)[0m
  [1m[35m (4.3ms)[0m  [1m[35mCREATE TABLE "ar_internal_metadata" ("key" character varying NOT NULL PRIMARY KEY, "value" character varying, "created_at" timestamp(6) NOT NULL, "updated_at" timestamp(6) NOT NULL)[0m
  [1m[35m (0.4ms)[0m  [1m[34mSELECT pg_try_advisory_lock(1122423567285955410)[0m
  [1m[35m (1.1ms)[0m  [1m[34mSELECT "schema_migrations"."version" FROM "schema_migrations" ORDER BY "schema_migrations"."version" ASC[0m
  [1m[36mActiveRecord::InternalMetadata Load (1.0ms)[0m  [1m[34mSELECT "ar_internal_metadata".* FROM "ar_internal_metadata" WHERE "ar_internal_metadata"."key" = $1 LIMIT $2[0m  [["key", "environment"], ["LIMIT", 1]]
  [1m[36mTRANSACTION (22.8ms)[0m  [1m[35mBEGIN[0m
  [1m[36mActiveRecord::InternalMetadata Create (1.4ms)[0m  [1m[32mINSERT INTO "ar_internal_metadata" ("key", "value", "created_at", "updated_at") VALUES ($1, $2, $3, $4) RETURNING "key"[0m  [["key", "environment"], ["value", "development"], ["created_at", "2021-06-09 16:26:17.989176"], ["updated_at", "2021-06-09 16:26:17.989176"]]
  [1m[36mTRANSACTION (0.4ms)[0m  [1m[35mCOMMIT[0m
  [1m[35m (0.2ms)[0m  [1m[34mSELECT pg_advisory_unlock(1122423567285955410)[0m
  [1m[35m (1.1ms)[0m  [1m[34mSELECT "schema_migrations"."version" FROM "schema_migrations" ORDER BY "schema_migrations"."version" ASC[0m
Started GET "/" for ::1 at 2021-06-09 09:47:34 -0700
Processing by Rails::WelcomeController#index as HTML
  Rendering /Users/learnacademy/.rvm/gems/ruby-3.0.0/gems/railties-6.1.3.2/lib/rails/templates/rails/welcome/index.html.erb
  Rendered /Users/learnacademy/.rvm/gems/ruby-3.0.0/gems/railties-6.1.3.2/lib/rails/templates/rails/welcome/index.html.erb (Duration: 6.3ms | Allocations: 224)
Completed 200 OK in 10ms (Views: 7.6ms | Allocations: 952)


Started GET "/cubed/3" for ::1 at 2021-06-09 09:49:35 -0700
  
ActionController::RoutingError (No route matches [GET] "/cubed/3"):
  
Started GET "/cubed" for ::1 at 2021-06-09 09:49:50 -0700
Processing by ParameterController#cubed as HTML
DEPRECATION WARNING: Rendering actions with '.' in the name is deprecated: parameter/cubed.html.erb (called from cubed at /Users/learnacademy/Desktop/rails_challenges/params/app/controllers/parameter_controller.rb:4)
DEPRECATION WARNING: Rendering actions with '.' in the name is deprecated: parameter/cubed.html.erb (called from cubed at /Users/learnacademy/Desktop/rails_challenges/params/app/controllers/parameter_controller.rb:4)
DEPRECATION WARNING: Rendering actions with '.' in the name is deprecated: parameter/cubed.html.erb (called from cubed at /Users/learnacademy/Desktop/rails_challenges/params/app/controllers/parameter_controller.rb:4)
DEPRECATION WARNING: Rendering actions with '.' in the name is deprecated: application/cubed.html.erb (called from cubed at /Users/learnacademy/Desktop/rails_challenges/params/app/controllers/parameter_controller.rb:4)
DEPRECATION WARNING: Rendering actions with '.' in the name is deprecated: application/cubed.html.erb (called from cubed at /Users/learnacademy/Desktop/rails_challenges/params/app/controllers/parameter_controller.rb:4)
DEPRECATION WARNING: Rendering actions with '.' in the name is deprecated: application/cubed.html.erb (called from cubed at /Users/learnacademy/Desktop/rails_challenges/params/app/controllers/parameter_controller.rb:4)
Completed 500 Internal Server Error in 8ms (Allocations: 2579)


  
ActionView::MissingTemplate (Missing template parameter/cubed.html.erb, application/cubed.html.erb with {:locale=>[:en], :formats=>[:html], :variants=>[], :handlers=>[:raw, :erb, :html, :builder, :ruby, :jbuilder]}. Searched in:
  * "/Users/learnacademy/Desktop/rails_challenges/params/app/views"
  * "/Users/learnacademy/.rvm/gems/ruby-3.0.0/gems/actiontext-6.1.3.2/app/views"
  * "/Users/learnacademy/.rvm/gems/ruby-3.0.0/gems/actionmailbox-6.1.3.2/app/views"
):
  
app/controllers/parameter_controller.rb:4:in `cubed'
Started GET "/parms" for ::1 at 2021-06-09 09:54:29 -0700
  
ActionController::RoutingError (No route matches [GET] "/parms"):
  
Started GET "/parms" for ::1 at 2021-06-09 09:54:32 -0700
  
ActionController::RoutingError (No route matches [GET] "/parms"):
  
Started GET "/params" for ::1 at 2021-06-09 09:54:35 -0700
  
ActionController::RoutingError (No route matches [GET] "/params"):
  
Started GET "/rcubed" for ::1 at 2021-06-09 09:54:42 -0700
  
ActionController::RoutingError (No route matches [GET] "/rcubed"):
  
Started GET "/cubed" for ::1 at 2021-06-09 09:54:47 -0700
Processing by ParameterController#cubed as HTML
Completed 500 Internal Server Error in 1ms (Allocations: 770)


  
ActionView::MissingTemplate (Missing template parameter/cubed.html.erb, application/cubed.html.erb with {:locale=>[:en], :formats=>[:html], :variants=>[], :handlers=>[:raw, :erb, :html, :builder, :ruby, :jbuilder]}. Searched in:
  * "/Users/learnacademy/Desktop/rails_challenges/params/app/views"
  * "/Users/learnacademy/.rvm/gems/ruby-3.0.0/gems/actiontext-6.1.3.2/app/views"
  * "/Users/learnacademy/.rvm/gems/ruby-3.0.0/gems/actionmailbox-6.1.3.2/app/views"
):
  
app/controllers/parameter_controller.rb:4:in `cubed'
Started GET "/cubed/3" for ::1 at 2021-06-09 09:55:30 -0700
  
ActionController::RoutingError (No route matches [GET] "/cubed/3"):
  
Started GET "/cubed?num=3" for ::1 at 2021-06-09 09:56:25 -0700
Processing by ParameterController#cubed as HTML
  Parameters: {"num"=>"3"}
Completed 500 Internal Server Error in 3ms (Allocations: 768)


  
ActionView::MissingTemplate (Missing template parameter/cubed.html.erb, application/cubed.html.erb with {:locale=>[:en], :formats=>[:html], :variants=>[], :handlers=>[:raw, :erb, :html, :builder, :ruby, :jbuilder]}. Searched in:
  * "/Users/learnacademy/Desktop/rails_challenges/params/app/views"
  * "/Users/learnacademy/.rvm/gems/ruby-3.0.0/gems/actiontext-6.1.3.2/app/views"
  * "/Users/learnacademy/.rvm/gems/ruby-3.0.0/gems/actionmailbox-6.1.3.2/app/views"
):
  
app/controllers/parameter_controller.rb:4:in `cubed'
Started GET "/cubed/3" for ::1 at 2021-06-09 09:59:46 -0700
Processing by ParameterController#cubed as HTML
  Parameters: {"num"=>"3"}
Completed 500 Internal Server Error in 4ms (Allocations: 935)


  
ActionView::MissingTemplate (Missing template parameter/cubed.html.erb, application/cubed.html.erb with {:locale=>[:en], :formats=>[:html], :variants=>[], :handlers=>[:raw, :erb, :html, :builder, :ruby, :jbuilder]}. Searched in:
  * "/Users/learnacademy/Desktop/rails_challenges/params/app/views"
  * "/Users/learnacademy/.rvm/gems/ruby-3.0.0/gems/actiontext-6.1.3.2/app/views"
  * "/Users/learnacademy/.rvm/gems/ruby-3.0.0/gems/actionmailbox-6.1.3.2/app/views"
):
  
app/controllers/parameter_controller.rb:4:in `cubed'
Started GET "/cubed/" for ::1 at 2021-06-09 09:59:58 -0700
  
ActionController::RoutingError (No route matches [GET] "/cubed"):
  
Started GET "/cubed/3" for ::1 at 2021-06-09 10:02:01 -0700
  
ActionController::RoutingError (No route matches [GET] "/cubed/3"):
  
Started GET "/cubed" for ::1 at 2021-06-09 10:02:07 -0700
Processing by ParameterController#cubed as HTML
Completed 500 Internal Server Error in 2ms (Allocations: 949)


  
ActionView::MissingTemplate (Missing template parameter/cubed.html.erb, application/cubed.html.erb with {:locale=>[:en], :formats=>[:html], :variants=>[], :handlers=>[:raw, :erb, :html, :builder, :ruby, :jbuilder]}. Searched in:
  * "/Users/learnacademy/Desktop/rails_challenges/params/app/views"
  * "/Users/learnacademy/.rvm/gems/ruby-3.0.0/gems/actiontext-6.1.3.2/app/views"
  * "/Users/learnacademy/.rvm/gems/ruby-3.0.0/gems/actionmailbox-6.1.3.2/app/views"
):
  
app/controllers/parameter_controller.rb:4:in `cubed'
