  [1m[35m (901.8ms)[0m  [1m[35mCREATE DATABASE "full_stack_blog_development" ENCODING = 'unicode'[0m
  [1m[35m (461.1ms)[0m  [1m[35mCREATE DATABASE "full_stack_blog_test" ENCODING = 'unicode'[0m
  [1m[35m (109.7ms)[0m  [1m[35mCREATE TABLE "schema_migrations" ("version" character varying NOT NULL PRIMARY KEY)[0m
  [1m[35m (6.2ms)[0m  [1m[35mCREATE TABLE "ar_internal_metadata" ("key" character varying NOT NULL PRIMARY KEY, "value" character varying, "created_at" timestamp(6) NOT NULL, "updated_at" timestamp(6) NOT NULL)[0m
  [1m[35m (2.0ms)[0m  [1m[34mSELECT pg_try_advisory_lock(2780720426999146905)[0m
  [1m[35m (1.9ms)[0m  [1m[34mSELECT "schema_migrations"."version" FROM "schema_migrations" ORDER BY "schema_migrations"."version" ASC[0m
Migrating to CreateBlogs (20210609202410)
  [1m[36mTRANSACTION (22.5ms)[0m  [1m[35mBEGIN[0m
  [1m[35m (53.4ms)[0m  [1m[35mCREATE TABLE "blogs" ("id" bigserial primary key, "title" character varying, "content" character varying, "created_at" timestamp(6) NOT NULL, "updated_at" timestamp(6) NOT NULL)[0m
  [1m[36mActiveRecord::SchemaMigration Create (2.7ms)[0m  [1m[32mINSERT INTO "schema_migrations" ("version") VALUES ($1) RETURNING "version"[0m  [["version", "20210609202410"]]
  [1m[36mTRANSACTION (24.3ms)[0m  [1m[35mCOMMIT[0m
  [1m[36mActiveRecord::InternalMetadata Load (0.8ms)[0m  [1m[34mSELECT "ar_internal_metadata".* FROM "ar_internal_metadata" WHERE "ar_internal_metadata"."key" = $1 LIMIT $2[0m  [["key", "environment"], ["LIMIT", 1]]
  [1m[36mTRANSACTION (19.0ms)[0m  [1m[35mBEGIN[0m
  [1m[36mActiveRecord::InternalMetadata Create (1.9ms)[0m  [1m[32mINSERT INTO "ar_internal_metadata" ("key", "value", "created_at", "updated_at") VALUES ($1, $2, $3, $4) RETURNING "key"[0m  [["key", "environment"], ["value", "development"], ["created_at", "2021-06-09 20:24:30.197592"], ["updated_at", "2021-06-09 20:24:30.197592"]]
  [1m[36mTRANSACTION (0.8ms)[0m  [1m[35mCOMMIT[0m
  [1m[35m (0.5ms)[0m  [1m[34mSELECT pg_advisory_unlock(2780720426999146905)[0m
  [1m[35m (3.7ms)[0m  [1m[34mSELECT "schema_migrations"."version" FROM "schema_migrations" ORDER BY "schema_migrations"."version" ASC[0m
  [1m[36mTRANSACTION (17.6ms)[0m  [1m[35mBEGIN[0m
  [1m[36mBlog Create (8.5ms)[0m  [1m[32mINSERT INTO "blogs" ("title", "content", "created_at", "updated_at") VALUES ($1, $2, $3, $4) RETURNING "id"[0m  [["title", "first blog post"], ["content", "first blog"], ["created_at", "2021-06-09 20:29:22.579730"], ["updated_at", "2021-06-09 20:29:22.579730"]]
  [1m[36mTRANSACTION (4.5ms)[0m  [1m[35mCOMMIT[0m
  [1m[36mTRANSACTION (11.6ms)[0m  [1m[35mBEGIN[0m
  [1m[36mBlog Create (0.4ms)[0m  [1m[32mINSERT INTO "blogs" ("title", "content", "created_at", "updated_at") VALUES ($1, $2, $3, $4) RETURNING "id"[0m  [["title", "second blog post"], ["content", "second blog"], ["created_at", "2021-06-09 20:29:47.697902"], ["updated_at", "2021-06-09 20:29:47.697902"]]
  [1m[36mTRANSACTION (0.7ms)[0m  [1m[35mCOMMIT[0m
  [1m[36mTRANSACTION (0.5ms)[0m  [1m[35mBEGIN[0m
  [1m[36mBlog Create (8.7ms)[0m  [1m[32mINSERT INTO "blogs" ("title", "content", "created_at", "updated_at") VALUES ($1, $2, $3, $4) RETURNING "id"[0m  [["title", "third blog post"], ["content", "third blog"], ["created_at", "2021-06-09 20:30:00.717903"], ["updated_at", "2021-06-09 20:30:00.717903"]]
  [1m[36mTRANSACTION (0.9ms)[0m  [1m[35mCOMMIT[0m
  [1m[35m (0.3ms)[0m  [1m[34mSELECT pg_try_advisory_lock(2780720426999146905)[0m
  [1m[35m (1.1ms)[0m  [1m[34mSELECT "schema_migrations"."version" FROM "schema_migrations" ORDER BY "schema_migrations"."version" ASC[0m
  [1m[36mActiveRecord::InternalMetadata Load (2.8ms)[0m  [1m[34mSELECT "ar_internal_metadata".* FROM "ar_internal_metadata" WHERE "ar_internal_metadata"."key" = $1 LIMIT $2[0m  [["key", "environment"], ["LIMIT", 1]]
  [1m[35m (0.4ms)[0m  [1m[34mSELECT pg_advisory_unlock(2780720426999146905)[0m
  [1m[35m (1.7ms)[0m  [1m[34mSELECT "schema_migrations"."version" FROM "schema_migrations" ORDER BY "schema_migrations"."version" ASC[0m
Started GET "/" for ::1 at 2021-06-09 13:37:03 -0700
  [1m[35m (14.1ms)[0m  [1m[34mSELECT "schema_migrations"."version" FROM "schema_migrations" ORDER BY "schema_migrations"."version" ASC[0m
Processing by Rails::WelcomeController#index as HTML
  Rendering /Users/learnacademy/.rvm/gems/ruby-3.0.0/gems/railties-6.1.3.2/lib/rails/templates/rails/welcome/index.html.erb
  Rendered /Users/learnacademy/.rvm/gems/ruby-3.0.0/gems/railties-6.1.3.2/lib/rails/templates/rails/welcome/index.html.erb (Duration: 51.6ms | Allocations: 522)
Completed 200 OK in 296ms (Views: 79.5ms | ActiveRecord: 0.0ms | Allocations: 4227)


Started GET "/index" for ::1 at 2021-06-09 13:37:18 -0700
  
ActionController::RoutingError (No route matches [GET] "/index"):
  
Started GET "/index" for ::1 at 2021-06-09 13:38:40 -0700
  
ActionController::RoutingError (No route matches [GET] "/index"):
  
Started GET "/index" for ::1 at 2021-06-09 13:38:53 -0700
  
ActionController::RoutingError (No route matches [GET] "/index"):
  
Started GET "/index" for ::1 at 2021-06-09 13:39:12 -0700
  
ActionController::RoutingError (uninitialized constant BlogsController
Did you mean?  BlogController):
  
Started GET "/index" for ::1 at 2021-06-09 13:39:29 -0700
Processing by BlogController#index as HTML
  Rendering layout layouts/application.html.erb
  Rendering blog/index.html.erb within layouts/application
  Rendered blog/index.html.erb within layouts/application (Duration: 1.4ms | Allocations: 108)
[Webpacker] Compiling...
[Webpacker] Compiled all packs in /Users/learnacademy/Desktop/rails_challenges/full_stack_blog/public/packs
[Webpacker] Though the "loose" option was set to "false" in your @babel/preset-env config, it will not be used for @babel/plugin-proposal-private-methods since the "loose" mode option was set to "true" for @babel/plugin-proposal-class-properties.
The "loose" option must be the same for @babel/plugin-proposal-class-properties, @babel/plugin-proposal-private-methods and @babel/plugin-proposal-private-property-in-object (when they are enabled): you can silence this warning by explicitly adding
	["@babel/plugin-proposal-private-methods", { "loose": true }]
to the "plugins" section of your Babel config.
Though the "loose" option was set to "false" in your @babel/preset-env config, it will not be used for @babel/plugin-proposal-private-methods since the "loose" mode option was set to "true" for @babel/plugin-proposal-class-properties.
The "loose" option must be the same for @babel/plugin-proposal-class-properties, @babel/plugin-proposal-private-methods and @babel/plugin-proposal-private-property-in-object (when they are enabled): you can silence this warning by explicitly adding
	["@babel/plugin-proposal-private-methods", { "loose": true }]
to the "plugins" section of your Babel config.
Though the "loose" option was set to "false" in your @babel/preset-env config, it will not be used for @babel/plugin-proposal-private-methods since the "loose" mode option was set to "true" for @babel/plugin-proposal-class-properties.
The "loose" option must be the same for @babel/plugin-proposal-class-properties, @babel/plugin-proposal-private-methods and @babel/plugin-proposal-private-property-in-object (when they are enabled): you can silence this warning by explicitly adding
	["@babel/plugin-proposal-private-methods", { "loose": true }]
to the "plugins" section of your Babel config.
Though the "loose" option was set to "false" in your @babel/preset-env config, it will not be used for @babel/plugin-proposal-private-methods since the "loose" mode option was set to "true" for @babel/plugin-proposal-class-properties.
The "loose" option must be the same for @babel/plugin-proposal-class-properties, @babel/plugin-proposal-private-methods and @babel/plugin-proposal-private-property-in-object (when they are enabled): you can silence this warning by explicitly adding
	["@babel/plugin-proposal-private-methods", { "loose": true }]
to the "plugins" section of your Babel config.
Though the "loose" option was set to "false" in your @babel/preset-env config, it will not be used for @babel/plugin-proposal-private-methods since the "loose" mode option was set to "true" for @babel/plugin-proposal-class-properties.
The "loose" option must be the same for @babel/plugin-proposal-class-properties, @babel/plugin-proposal-private-methods and @babel/plugin-proposal-private-property-in-object (when they are enabled): you can silence this warning by explicitly adding
	["@babel/plugin-proposal-private-methods", { "loose": true }]
to the "plugins" section of your Babel config.
Though the "loose" option was set to "false" in your @babel/preset-env config, it will not be used for @babel/plugin-proposal-private-methods since the "loose" mode option was set to "true" for @babel/plugin-proposal-class-properties.
The "loose" option must be the same for @babel/plugin-proposal-class-properties, @babel/plugin-proposal-private-methods and @babel/plugin-proposal-private-property-in-object (when they are enabled): you can silence this warning by explicitly adding
	["@babel/plugin-proposal-private-methods", { "loose": true }]
to the "plugins" section of your Babel config.

[Webpacker] Hash: e332c6419728fac579d5
Version: webpack 4.46.0
Time: 7488ms
Built at: 06/09/2021 1:39:47 PM
                                     Asset       Size       Chunks                         Chunk Names
    js/application-f826770d917d8a37c1d8.js    125 KiB  application  [emitted] [immutable]  application
js/application-f826770d917d8a37c1d8.js.map    139 KiB  application  [emitted] [dev]        application
                             manifest.json  364 bytes               [emitted]              
Entrypoint application = js/application-f826770d917d8a37c1d8.js js/application-f826770d917d8a37c1d8.js.map
[./app/javascript/channels sync recursive _channel\.js$] ./app/javascript/channels sync _channel\.js$ 160 bytes {application} [built]
[./app/javascript/channels/index.js] 211 bytes {application} [built]
[./app/javascript/packs/application.js] 492 bytes {application} [built]
[./node_modules/webpack/buildin/module.js] (webpack)/buildin/module.js 552 bytes {application} [built]
    + 3 hidden modules

  Rendered layout layouts/application.html.erb (Duration: 18227.6ms | Allocations: 14734)
Completed 200 OK in 18248ms (Views: 18238.0ms | ActiveRecord: 0.0ms | Allocations: 16415)


Started GET "/index" for ::1 at 2021-06-09 13:45:32 -0700
Processing by BlogController#index as HTML
  Rendering layout layouts/application.html.erb
  Rendering blog/index.html.erb within layouts/application
  [1m[36mBlog Load (4.4ms)[0m  [1m[34mSELECT "blogs".* FROM "blogs"[0m
  ↳ app/views/blog/index.html.erb:3
  Rendered blog/index.html.erb within layouts/application (Duration: 270.9ms | Allocations: 8119)
[Webpacker] Everything's up-to-date. Nothing to do
  Rendered layout layouts/application.html.erb (Duration: 310.2ms | Allocations: 11761)
Completed 200 OK in 336ms (Views: 324.2ms | ActiveRecord: 156.6ms | Allocations: 13002)


Started GET "/index" for ::1 at 2021-06-09 13:50:08 -0700
Processing by BlogController#index as HTML
  Rendering layout layouts/application.html.erb
  Rendering blog/index.html.erb within layouts/application
  [1m[36mBlog Load (15.1ms)[0m  [1m[34mSELECT "blogs".* FROM "blogs"[0m
  ↳ app/views/blog/index.html.erb:3
  Rendered blog/index.html.erb within layouts/application (Duration: 668.9ms | Allocations: 7602)
  Rendered layout layouts/application.html.erb (Duration: 669.7ms | Allocations: 7672)
Completed 500 Internal Server Error in 693ms (ActiveRecord: 334.4ms | Allocations: 9317)


  
ActionView::Template::Error (undefined method `blog_path' for #<ActionView::Base:0x0000000000c2d8>):
    2: 
    3: <% @blogs.each do |blog| %>
    4:     <li>
    5:     <%= link_to blog.title, blog_path(blog) %>
    6:     </li>
    7: <% end %>
  
app/views/blog/index.html.erb:5
app/views/blog/index.html.erb:3
Started GET "/index" for ::1 at 2021-06-09 14:07:07 -0700
Processing by BlogController#index as HTML
  Rendering layout layouts/application.html.erb
  Rendering blog/index.html.erb within layouts/application
  [1m[36mBlog Load (4.6ms)[0m  [1m[34mSELECT "blogs".* FROM "blogs"[0m
  ↳ app/views/blog/index.html.erb:3
  Rendered blog/index.html.erb within layouts/application (Duration: 228.7ms | Allocations: 6590)
[Webpacker] Everything's up-to-date. Nothing to do
  Rendered layout layouts/application.html.erb (Duration: 279.4ms | Allocations: 10216)
Completed 200 OK in 311ms (Views: 290.5ms | ActiveRecord: 131.3ms | Allocations: 11881)


Started GET "/blogs/3" for ::1 at 2021-06-09 14:07:12 -0700
Processing by BlogController#page1 as HTML
  Parameters: {"id"=>"3"}
  [1m[36mBlog Load (3.1ms)[0m  [1m[34mSELECT "blogs".* FROM "blogs" WHERE "blogs"."id" = $1 LIMIT $2[0m  [["id", 3], ["LIMIT", 1]]
  ↳ app/controllers/blog_controller.rb:6:in `page1'
  Rendering layout layouts/application.html.erb
  Rendering blog/page1.html.erb within layouts/application
  Rendered blog/page1.html.erb within layouts/application (Duration: 6.5ms | Allocations: 192)
[Webpacker] Everything's up-to-date. Nothing to do
  Rendered layout layouts/application.html.erb (Duration: 39.3ms | Allocations: 4192)
Completed 200 OK in 73ms (Views: 44.3ms | ActiveRecord: 5.1ms | Allocations: 6224)


Started GET "/blogs/1" for ::1 at 2021-06-09 14:07:14 -0700
Processing by BlogController#page1 as HTML
  Parameters: {"id"=>"1"}
  [1m[36mBlog Load (4.9ms)[0m  [1m[34mSELECT "blogs".* FROM "blogs" WHERE "blogs"."id" = $1 LIMIT $2[0m  [["id", 1], ["LIMIT", 1]]
  ↳ app/controllers/blog_controller.rb:6:in `page1'
  Rendering layout layouts/application.html.erb
  Rendering blog/page1.html.erb within layouts/application
  Rendered blog/page1.html.erb within layouts/application (Duration: 0.6ms | Allocations: 75)
[Webpacker] Everything's up-to-date. Nothing to do
  Rendered layout layouts/application.html.erb (Duration: 33.3ms | Allocations: 3480)
Completed 200 OK in 51ms (Views: 34.4ms | ActiveRecord: 4.9ms | Allocations: 4612)


Started GET "/blogs/2" for ::1 at 2021-06-09 14:07:16 -0700
Processing by BlogController#page1 as HTML
  Parameters: {"id"=>"2"}
  [1m[36mBlog Load (3.3ms)[0m  [1m[34mSELECT "blogs".* FROM "blogs" WHERE "blogs"."id" = $1 LIMIT $2[0m  [["id", 2], ["LIMIT", 1]]
  ↳ app/controllers/blog_controller.rb:6:in `page1'
  Rendering layout layouts/application.html.erb
  Rendering blog/page1.html.erb within layouts/application
  Rendered blog/page1.html.erb within layouts/application (Duration: 0.5ms | Allocations: 75)
[Webpacker] Everything's up-to-date. Nothing to do
  Rendered layout layouts/application.html.erb (Duration: 28.6ms | Allocations: 4079)
Completed 200 OK in 67ms (Views: 33.2ms | ActiveRecord: 3.3ms | Allocations: 5229)


Started GET "/index" for ::1 at 2021-06-09 14:07:19 -0700
Processing by BlogController#index as HTML
  Rendering layout layouts/application.html.erb
  Rendering blog/index.html.erb within layouts/application
  [1m[36mBlog Load (21.7ms)[0m  [1m[34mSELECT "blogs".* FROM "blogs"[0m
  ↳ app/views/blog/index.html.erb:3
  Rendered blog/index.html.erb within layouts/application (Duration: 40.0ms | Allocations: 970)
[Webpacker] Everything's up-to-date. Nothing to do
  Rendered layout layouts/application.html.erb (Duration: 91.8ms | Allocations: 4949)
Completed 200 OK in 95ms (Views: 71.6ms | ActiveRecord: 21.7ms | Allocations: 5405)


Started GET "/blogs/1" for ::1 at 2021-06-09 14:07:20 -0700
Processing by BlogController#page1 as HTML
  Parameters: {"id"=>"1"}
  [1m[36mBlog Load (3.2ms)[0m  [1m[34mSELECT "blogs".* FROM "blogs" WHERE "blogs"."id" = $1 LIMIT $2[0m  [["id", 1], ["LIMIT", 1]]
  ↳ app/controllers/blog_controller.rb:6:in `page1'
  Rendering layout layouts/application.html.erb
  Rendering blog/page1.html.erb within layouts/application
  Rendered blog/page1.html.erb within layouts/application (Duration: 0.7ms | Allocations: 75)
[Webpacker] Everything's up-to-date. Nothing to do
  Rendered layout layouts/application.html.erb (Duration: 18.5ms | Allocations: 3487)
Completed 200 OK in 72ms (Views: 20.7ms | ActiveRecord: 3.2ms | Allocations: 5215)


Started GET "/index" for ::1 at 2021-06-09 14:07:21 -0700
Processing by BlogController#index as HTML
  Rendering layout layouts/application.html.erb
  Rendering blog/index.html.erb within layouts/application
  [1m[36mBlog Load (4.2ms)[0m  [1m[34mSELECT "blogs".* FROM "blogs"[0m
  ↳ app/views/blog/index.html.erb:3
  Rendered blog/index.html.erb within layouts/application (Duration: 63.3ms | Allocations: 970)
[Webpacker] Everything's up-to-date. Nothing to do
  Rendered layout layouts/application.html.erb (Duration: 86.0ms | Allocations: 4968)
Completed 200 OK in 90ms (Views: 84.3ms | ActiveRecord: 4.2ms | Allocations: 5424)


Started GET "/blogs/2" for ::1 at 2021-06-09 14:07:22 -0700
Processing by BlogController#page1 as HTML
  Parameters: {"id"=>"2"}
  [1m[36mBlog Load (41.2ms)[0m  [1m[34mSELECT "blogs".* FROM "blogs" WHERE "blogs"."id" = $1 LIMIT $2[0m  [["id", 2], ["LIMIT", 1]]
  ↳ app/controllers/blog_controller.rb:6:in `page1'
  Rendering layout layouts/application.html.erb
  Rendering blog/page1.html.erb within layouts/application
  Rendered blog/page1.html.erb within layouts/application (Duration: 0.5ms | Allocations: 75)
[Webpacker] Everything's up-to-date. Nothing to do
  Rendered layout layouts/application.html.erb (Duration: 17.7ms | Allocations: 3479)
Completed 200 OK in 96ms (Views: 19.0ms | ActiveRecord: 41.2ms | Allocations: 5205)


Started GET "/index" for ::1 at 2021-06-09 14:07:22 -0700
Processing by BlogController#index as HTML
  Rendering layout layouts/application.html.erb
  Rendering blog/index.html.erb within layouts/application
  [1m[36mBlog Load (55.1ms)[0m  [1m[34mSELECT "blogs".* FROM "blogs"[0m
  ↳ app/views/blog/index.html.erb:3
  Rendered blog/index.html.erb within layouts/application (Duration: 70.4ms | Allocations: 1555)
[Webpacker] Everything's up-to-date. Nothing to do
  Rendered layout layouts/application.html.erb (Duration: 89.6ms | Allocations: 4959)
Completed 200 OK in 100ms (Views: 41.6ms | ActiveRecord: 55.1ms | Allocations: 5415)


Started GET "/blogs/3" for ::1 at 2021-06-09 14:07:23 -0700
Processing by BlogController#page1 as HTML
  Parameters: {"id"=>"3"}
  [1m[36mBlog Load (14.1ms)[0m  [1m[34mSELECT "blogs".* FROM "blogs" WHERE "blogs"."id" = $1 LIMIT $2[0m  [["id", 3], ["LIMIT", 1]]
  ↳ app/controllers/blog_controller.rb:6:in `page1'
  Rendering layout layouts/application.html.erb
  Rendering blog/page1.html.erb within layouts/application
  Rendered blog/page1.html.erb within layouts/application (Duration: 0.8ms | Allocations: 75)
[Webpacker] Everything's up-to-date. Nothing to do
  Rendered layout layouts/application.html.erb (Duration: 33.6ms | Allocations: 4071)
Completed 200 OK in 65ms (Views: 35.1ms | ActiveRecord: 14.1ms | Allocations: 5203)


Started GET "/index" for ::1 at 2021-06-09 14:07:25 -0700
Processing by BlogController#index as HTML
  Rendering layout layouts/application.html.erb
  Rendering blog/index.html.erb within layouts/application
  [1m[36mBlog Load (3.5ms)[0m  [1m[34mSELECT "blogs".* FROM "blogs"[0m
  ↳ app/views/blog/index.html.erb:3
  Rendered blog/index.html.erb within layouts/application (Duration: 87.4ms | Allocations: 1556)
[Webpacker] Everything's up-to-date. Nothing to do
  Rendered layout layouts/application.html.erb (Duration: 100.3ms | Allocations: 4960)
Completed 200 OK in 103ms (Views: 97.9ms | ActiveRecord: 3.5ms | Allocations: 5416)


Started GET "/index" for ::1 at 2021-06-09 14:08:04 -0700
Processing by BlogController#index as HTML
  Rendering layout layouts/application.html.erb
  Rendering blog/index.html.erb within layouts/application
  [1m[36mBlog Load (2.9ms)[0m  [1m[34mSELECT "blogs".* FROM "blogs"[0m
  ↳ app/views/blog/index.html.erb:3
  Rendered blog/index.html.erb within layouts/application (Duration: 10.8ms | Allocations: 1113)
[Webpacker] Everything's up-to-date. Nothing to do
  Rendered layout layouts/application.html.erb (Duration: 55.7ms | Allocations: 4751)
Completed 200 OK in 64ms (Views: 58.9ms | ActiveRecord: 2.9ms | Allocations: 5970)


Started GET "/index" for ::1 at 2021-06-09 14:08:06 -0700
Processing by BlogController#index as HTML
  Rendering layout layouts/application.html.erb
  Rendering blog/index.html.erb within layouts/application
  [1m[36mBlog Load (2.2ms)[0m  [1m[34mSELECT "blogs".* FROM "blogs"[0m
  ↳ app/views/blog/index.html.erb:3
  Rendered blog/index.html.erb within layouts/application (Duration: 12.5ms | Allocations: 970)
[Webpacker] Everything's up-to-date. Nothing to do
  Rendered layout layouts/application.html.erb (Duration: 21.5ms | Allocations: 4382)
Completed 200 OK in 23ms (Views: 20.1ms | ActiveRecord: 2.2ms | Allocations: 4836)


Started GET "/blogs/1" for ::1 at 2021-06-09 14:08:10 -0700
Processing by BlogController#page1 as HTML
  Parameters: {"id"=>"1"}
  [1m[36mBlog Load (1.6ms)[0m  [1m[34mSELECT "blogs".* FROM "blogs" WHERE "blogs"."id" = $1 LIMIT $2[0m  [["id", 1], ["LIMIT", 1]]
  ↳ app/controllers/blog_controller.rb:6:in `page1'
  Rendering layout layouts/application.html.erb
  Rendering blog/page1.html.erb within layouts/application
  Rendered blog/page1.html.erb within layouts/application (Duration: 25.7ms | Allocations: 4175)
  Rendered layout layouts/application.html.erb (Duration: 26.3ms | Allocations: 4243)
Completed 500 Internal Server Error in 59ms (ActiveRecord: 1.6ms | Allocations: 5468)


  
ActionView::Template::Error (undefined local variable or method `blogs_path' for #<ActionView::Base:0x0000000000d9f8>
Did you mean?  blog_path):
    1: <%= @blog.title%>
    2: <%= @blog.content%>
    3: <p> 
    4: <%= link_to 'Home', blogs_path%>
    5: </p>
  
app/views/blog/page1.html.erb:4
Started GET "/index" for ::1 at 2021-06-09 14:08:13 -0700
Processing by BlogController#index as HTML
  Rendering layout layouts/application.html.erb
  Rendering blog/index.html.erb within layouts/application
  [1m[36mBlog Load (1.7ms)[0m  [1m[34mSELECT "blogs".* FROM "blogs"[0m
  ↳ app/views/blog/index.html.erb:3
  Rendered blog/index.html.erb within layouts/application (Duration: 60.7ms | Allocations: 1528)
[Webpacker] Everything's up-to-date. Nothing to do
  Rendered layout layouts/application.html.erb (Duration: 80.9ms | Allocations: 4940)
Completed 200 OK in 86ms (Views: 82.5ms | ActiveRecord: 1.7ms | Allocations: 5426)


Started GET "/blogs/2" for ::1 at 2021-06-09 14:08:15 -0700
Processing by BlogController#page1 as HTML
  Parameters: {"id"=>"2"}
  [1m[36mBlog Load (7.4ms)[0m  [1m[34mSELECT "blogs".* FROM "blogs" WHERE "blogs"."id" = $1 LIMIT $2[0m  [["id", 2], ["LIMIT", 1]]
  ↳ app/controllers/blog_controller.rb:6:in `page1'
  Rendering layout layouts/application.html.erb
  Rendering blog/page1.html.erb within layouts/application
  Rendered blog/page1.html.erb within layouts/application (Duration: 25.6ms | Allocations: 4045)
  Rendered layout layouts/application.html.erb (Duration: 26.6ms | Allocations: 4113)
Completed 500 Internal Server Error in 139ms (ActiveRecord: 7.4ms | Allocations: 5803)


  
ActionView::Template::Error (undefined local variable or method `blogs_path' for #<ActionView::Base:0x0000000000de80>
Did you mean?  blog_path):
    1: <%= @blog.title%>
    2: <%= @blog.content%>
    3: <p> 
    4: <%= link_to 'Home', blogs_path%>
    5: </p>
  
app/views/blog/page1.html.erb:4
Started GET "/blogs/2" for ::1 at 2021-06-09 14:08:32 -0700
Processing by BlogController#page1 as HTML
  Parameters: {"id"=>"2"}
  [1m[36mBlog Load (1.9ms)[0m  [1m[34mSELECT "blogs".* FROM "blogs" WHERE "blogs"."id" = $1 LIMIT $2[0m  [["id", 2], ["LIMIT", 1]]
  ↳ app/controllers/blog_controller.rb:6:in `page1'
  Rendering layout layouts/application.html.erb
  Rendering blog/page1.html.erb within layouts/application
  Rendered blog/page1.html.erb within layouts/application (Duration: 1.3ms | Allocations: 205)
[Webpacker] Everything's up-to-date. Nothing to do
  Rendered layout layouts/application.html.erb (Duration: 13.6ms | Allocations: 3851)
Completed 200 OK in 26ms (Views: 18.3ms | ActiveRecord: 1.9ms | Allocations: 5745)


Started GET "/index" for ::1 at 2021-06-09 14:08:33 -0700
Processing by BlogController#index as HTML
  Rendering layout layouts/application.html.erb
  Rendering blog/index.html.erb within layouts/application
  [1m[36mBlog Load (1.7ms)[0m  [1m[34mSELECT "blogs".* FROM "blogs"[0m
  ↳ app/views/blog/index.html.erb:3
  Rendered blog/index.html.erb within layouts/application (Duration: 68.2ms | Allocations: 1681)
[Webpacker] Everything's up-to-date. Nothing to do
  Rendered layout layouts/application.html.erb (Duration: 86.6ms | Allocations: 5085)
Completed 200 OK in 92ms (Views: 87.1ms | ActiveRecord: 1.7ms | Allocations: 5669)


Started GET "/blogs/1" for ::1 at 2021-06-09 14:08:34 -0700
Processing by BlogController#page1 as HTML
  Parameters: {"id"=>"1"}
  [1m[36mBlog Load (1.8ms)[0m  [1m[34mSELECT "blogs".* FROM "blogs" WHERE "blogs"."id" = $1 LIMIT $2[0m  [["id", 1], ["LIMIT", 1]]
  ↳ app/controllers/blog_controller.rb:6:in `page1'
  Rendering layout layouts/application.html.erb
  Rendering blog/page1.html.erb within layouts/application
  Rendered blog/page1.html.erb within layouts/application (Duration: 0.6ms | Allocations: 75)
[Webpacker] Everything's up-to-date. Nothing to do
  Rendered layout layouts/application.html.erb (Duration: 32.0ms | Allocations: 3479)
Completed 200 OK in 49ms (Views: 33.5ms | ActiveRecord: 1.8ms | Allocations: 4640)


Started GET "/index" for ::1 at 2021-06-09 14:08:35 -0700
Processing by BlogController#index as HTML
  Rendering layout layouts/application.html.erb
  Rendering blog/index.html.erb within layouts/application
  [1m[36mBlog Load (2.2ms)[0m  [1m[34mSELECT "blogs".* FROM "blogs"[0m
  ↳ app/views/blog/index.html.erb:3
  Rendered blog/index.html.erb within layouts/application (Duration: 21.4ms | Allocations: 970)
[Webpacker] Everything's up-to-date. Nothing to do
  Rendered layout layouts/application.html.erb (Duration: 56.5ms | Allocations: 4968)
Completed 200 OK in 61ms (Views: 56.8ms | ActiveRecord: 2.2ms | Allocations: 5424)


Started GET "/index" for ::1 at 2021-06-09 14:21:27 -0700
Processing by BlogController#index as HTML
  Rendering layout layouts/application.html.erb
  Rendering blog/index.html.erb within layouts/application
  [1m[36mBlog Load (3.7ms)[0m  [1m[34mSELECT "blogs".* FROM "blogs"[0m
  ↳ app/views/blog/index.html.erb:3
  Rendered blog/index.html.erb within layouts/application (Duration: 137.6ms | Allocations: 6549)
[Webpacker] Everything's up-to-date. Nothing to do
  Rendered layout layouts/application.html.erb (Duration: 164.8ms | Allocations: 10174)
Completed 200 OK in 185ms (Views: 172.8ms | ActiveRecord: 61.4ms | Allocations: 11835)


Started GET "/blogs/1" for ::1 at 2021-06-09 14:21:30 -0700
Processing by BlogController#page1 as HTML
  Parameters: {"id"=>"1"}
  [1m[36mBlog Load (3.8ms)[0m  [1m[34mSELECT "blogs".* FROM "blogs" WHERE "blogs"."id" = $1 LIMIT $2[0m  [["id", 1], ["LIMIT", 1]]
  ↳ app/controllers/blog_controller.rb:6:in `page1'
  Rendering layout layouts/application.html.erb
  Rendering blog/page1.html.erb within layouts/application
  Rendered blog/page1.html.erb within layouts/application (Duration: 7.5ms | Allocations: 651)
[Webpacker] Everything's up-to-date. Nothing to do
  Rendered layout layouts/application.html.erb (Duration: 42.9ms | Allocations: 4166)
Completed 200 OK in 105ms (Views: 44.4ms | ActiveRecord: 8.2ms | Allocations: 5753)


Started GET "/index" for ::1 at 2021-06-09 14:21:31 -0700
Processing by BlogController#index as HTML
  Rendering layout layouts/application.html.erb
  Rendering blog/index.html.erb within layouts/application
  [1m[36mBlog Load (5.3ms)[0m  [1m[34mSELECT "blogs".* FROM "blogs"[0m
  ↳ app/views/blog/index.html.erb:3
  Rendered blog/index.html.erb within layouts/application (Duration: 52.5ms | Allocations: 1557)
[Webpacker] Everything's up-to-date. Nothing to do
  Rendered layout layouts/application.html.erb (Duration: 72.5ms | Allocations: 4961)
Completed 200 OK in 76ms (Views: 68.8ms | ActiveRecord: 5.3ms | Allocations: 5417)


Started GET "/blogs/2" for ::1 at 2021-06-09 14:21:32 -0700
Processing by BlogController#page1 as HTML
  Parameters: {"id"=>"2"}
  [1m[36mBlog Load (4.4ms)[0m  [1m[34mSELECT "blogs".* FROM "blogs" WHERE "blogs"."id" = $1 LIMIT $2[0m  [["id", 2], ["LIMIT", 1]]
  ↳ app/controllers/blog_controller.rb:6:in `page1'
  Rendering layout layouts/application.html.erb
  Rendering blog/page1.html.erb within layouts/application
  Rendered blog/page1.html.erb within layouts/application (Duration: 0.6ms | Allocations: 75)
[Webpacker] Everything's up-to-date. Nothing to do
  Rendered layout layouts/application.html.erb (Duration: 26.0ms | Allocations: 4080)
Completed 200 OK in 101ms (Views: 28.0ms | ActiveRecord: 4.4ms | Allocations: 5212)


Started GET "/index" for ::1 at 2021-06-09 14:21:32 -0700
Processing by BlogController#index as HTML
  Rendering layout layouts/application.html.erb
  Rendering blog/index.html.erb within layouts/application
  [1m[36mBlog Load (96.2ms)[0m  [1m[34mSELECT "blogs".* FROM "blogs"[0m
  ↳ app/views/blog/index.html.erb:3
  Rendered blog/index.html.erb within layouts/application (Duration: 150.5ms | Allocations: 1549)
[Webpacker] Everything's up-to-date. Nothing to do
  Rendered layout layouts/application.html.erb (Duration: 177.7ms | Allocations: 4953)
Completed 200 OK in 183ms (Views: 85.1ms | ActiveRecord: 96.2ms | Allocations: 5409)


Started GET "/index" for ::1 at 2021-06-09 14:25:06 -0700
Processing by BlogController#index as HTML
  Rendering layout layouts/application.html.erb
  Rendering blog/index.html.erb within layouts/application
  [1m[36mBlog Load (2.6ms)[0m  [1m[34mSELECT "blogs".* FROM "blogs"[0m
  ↳ app/views/blog/index.html.erb:3
  Rendered blog/index.html.erb within layouts/application (Duration: 52.2ms | Allocations: 5103)
  Rendered layout layouts/application.html.erb (Duration: 53.1ms | Allocations: 5172)
Completed 500 Internal Server Error in 68ms (ActiveRecord: 2.6ms | Allocations: 6361)


  
ActionView::Template::Error (undefined local variable or method `post_path' for #<ActionView::Base:0x0000000000f208>
Did you mean?  font_path):
    4:     <li>
    5:     <%= link_to blog.title, blog_path(blog) %>
    6:     </li>
    7:     <%= link_to 'post new blog', post_path %> 
    8: <% end %>
  
app/views/blog/index.html.erb:7
app/views/blog/index.html.erb:3
Started GET "/index" for ::1 at 2021-06-09 14:28:10 -0700
Processing by BlogController#index as HTML
  Rendering layout layouts/application.html.erb
  Rendering blog/index.html.erb within layouts/application
  [1m[36mBlog Load (2.0ms)[0m  [1m[34mSELECT "blogs".* FROM "blogs"[0m
  ↳ app/views/blog/index.html.erb:3
  Rendered blog/index.html.erb within layouts/application (Duration: 94.3ms | Allocations: 4145)
[Webpacker] Everything's up-to-date. Nothing to do
  Rendered layout layouts/application.html.erb (Duration: 139.1ms | Allocations: 7771)
Completed 200 OK in 161ms (Views: 90.0ms | ActiveRecord: 58.3ms | Allocations: 8823)


Started GET "/post" for ::1 at 2021-06-09 14:28:13 -0700
Processing by BlogController#create as HTML
Completed 500 Internal Server Error in 19ms (ActiveRecord: 0.0ms | Allocations: 3051)


  
NameError (undefined local variable or method `param' for #<BlogController:0x000000000103d8>
Did you mean?  params
               params=):
  
app/controllers/blog_controller.rb:14:in `blog_params'
app/controllers/blog_controller.rb:10:in `create'
Started GET "/index" for ::1 at 2021-06-09 14:28:15 -0700
Processing by BlogController#index as HTML
  Rendering layout layouts/application.html.erb
  Rendering blog/index.html.erb within layouts/application
  [1m[36mBlog Load (5.7ms)[0m  [1m[34mSELECT "blogs".* FROM "blogs"[0m
  ↳ app/views/blog/index.html.erb:3
  Rendered blog/index.html.erb within layouts/application (Duration: 103.1ms | Allocations: 1614)
[Webpacker] Everything's up-to-date. Nothing to do
  Rendered layout layouts/application.html.erb (Duration: 153.7ms | Allocations: 5026)
Completed 200 OK in 159ms (Views: 151.6ms | ActiveRecord: 5.7ms | Allocations: 5479)


Started GET "/post" for ::1 at 2021-06-09 14:42:02 -0700
Processing by BlogController#create as HTML
Completed 500 Internal Server Error in 42ms (Allocations: 3051)


  
NameError (undefined local variable or method `param' for #<BlogController:0x00000000010748>
Did you mean?  params
               params=):
  
app/controllers/blog_controller.rb:14:in `blog_params'
app/controllers/blog_controller.rb:10:in `create'
Started GET "/index" for ::1 at 2021-06-09 14:42:04 -0700
Processing by BlogController#index as HTML
  Rendering layout layouts/application.html.erb
  Rendering blog/index.html.erb within layouts/application
  [1m[36mBlog Load (2.7ms)[0m  [1m[34mSELECT "blogs".* FROM "blogs"[0m
  ↳ app/views/blog/index.html.erb:3
  Rendered blog/index.html.erb within layouts/application (Duration: 180.6ms | Allocations: 4903)
[Webpacker] Everything's up-to-date. Nothing to do
  Rendered layout layouts/application.html.erb (Duration: 215.0ms | Allocations: 8327)
Completed 200 OK in 221ms (Views: 218.6ms | ActiveRecord: 96.3ms | Allocations: 8778)


Started GET "/post" for ::1 at 2021-06-09 14:42:08 -0700
Processing by BlogController#create as HTML
Completed 500 Internal Server Error in 13ms (ActiveRecord: 0.0ms | Allocations: 3042)


  
NameError (undefined local variable or method `param' for #<BlogController:0x00000000010b80>
Did you mean?  params
               params=):
  
app/controllers/blog_controller.rb:14:in `blog_params'
app/controllers/blog_controller.rb:10:in `create'
Started GET "/index" for ::1 at 2021-06-09 14:42:12 -0700
Processing by BlogController#index as HTML
  Rendering layout layouts/application.html.erb
  Rendering blog/index.html.erb within layouts/application
  [1m[36mBlog Load (39.2ms)[0m  [1m[34mSELECT "blogs".* FROM "blogs"[0m
  ↳ app/views/blog/index.html.erb:3
  Rendered blog/index.html.erb within layouts/application (Duration: 76.2ms | Allocations: 1582)
[Webpacker] Everything's up-to-date. Nothing to do
  Rendered layout layouts/application.html.erb (Duration: 94.8ms | Allocations: 4994)
Completed 200 OK in 101ms (Views: 60.7ms | ActiveRecord: 39.2ms | Allocations: 5478)


Started GET "/post" for ::1 at 2021-06-09 14:42:13 -0700
Processing by BlogController#create as HTML
Completed 500 Internal Server Error in 20ms (ActiveRecord: 0.0ms | Allocations: 3042)


  
NameError (undefined local variable or method `param' for #<BlogController:0x00000000010ec8>
Did you mean?  params
               params=):
  
app/controllers/blog_controller.rb:14:in `blog_params'
app/controllers/blog_controller.rb:10:in `create'
Started GET "/post" for ::1 at 2021-06-09 14:42:41 -0700
Processing by BlogController#create as HTML
Completed 400 Bad Request in 11ms (ActiveRecord: 0.0ms | Allocations: 961)


  
ActionController::ParameterMissing (param is missing or the value is empty: blog
Did you mean?  action
               controller):
  
app/controllers/blog_controller.rb:14:in `blog_params'
app/controllers/blog_controller.rb:10:in `create'
Started GET "/index" for ::1 at 2021-06-09 14:43:02 -0700
Processing by BlogController#index as HTML
  Rendering layout layouts/application.html.erb
  Rendering blog/index.html.erb within layouts/application
  [1m[36mBlog Load (147.5ms)[0m  [1m[34mSELECT "blogs".* FROM "blogs"[0m
  ↳ app/views/blog/index.html.erb:3
  Rendered blog/index.html.erb within layouts/application (Duration: 273.8ms | Allocations: 4204)
[Webpacker] Everything's up-to-date. Nothing to do
  Rendered layout layouts/application.html.erb (Duration: 300.1ms | Allocations: 7679)
Completed 200 OK in 306ms (Views: 96.1ms | ActiveRecord: 207.2ms | Allocations: 8380)


Started GET "/post" for ::1 at 2021-06-09 14:43:06 -0700
Processing by BlogController#create as HTML
Completed 400 Bad Request in 2ms (ActiveRecord: 0.0ms | Allocations: 602)


  
ActionController::ParameterMissing (param is missing or the value is empty: blog
Did you mean?  action
               controller):
  
app/controllers/blog_controller.rb:14:in `blog_params'
app/controllers/blog_controller.rb:10:in `create'
Started GET "/" for ::1 at 2021-06-09 14:43:41 -0700
Processing by Rails::WelcomeController#index as HTML
  Rendering /Users/learnacademy/.rvm/gems/ruby-3.0.0/gems/railties-6.1.3.2/lib/rails/templates/rails/welcome/index.html.erb
  Rendered /Users/learnacademy/.rvm/gems/ruby-3.0.0/gems/railties-6.1.3.2/lib/rails/templates/rails/welcome/index.html.erb (Duration: 166.3ms | Allocations: 220)
Completed 200 OK in 355ms (Views: 197.3ms | ActiveRecord: 0.0ms | Allocations: 983)


Started GET "/index" for ::1 at 2021-06-09 14:43:48 -0700
Processing by BlogController#index as HTML
  Rendering layout layouts/application.html.erb
  Rendering blog/index.html.erb within layouts/application
  [1m[36mBlog Load (4.1ms)[0m  [1m[34mSELECT "blogs".* FROM "blogs"[0m
  ↳ app/views/blog/index.html.erb:3
  Rendered blog/index.html.erb within layouts/application (Duration: 222.1ms | Allocations: 3940)
[Webpacker] Everything's up-to-date. Nothing to do
  Rendered layout layouts/application.html.erb (Duration: 276.8ms | Allocations: 7415)
Completed 200 OK in 311ms (Views: 194.8ms | ActiveRecord: 90.1ms | Allocations: 8467)


Started GET "/post" for ::1 at 2021-06-09 14:43:50 -0700
Processing by BlogController#create as HTML
Completed 500 Internal Server Error in 56ms (ActiveRecord: 0.0ms | Allocations: 3115)


  
NameError (undefined local variable or method `blog_params' for #<BlogController:0x000000000134e8>
Did you mean?  blog_path):
  
app/controllers/blog_controller.rb:10:in `create'
Started GET "/index" for ::1 at 2021-06-09 14:45:24 -0700
Processing by BlogController#index as HTML
  Rendering layout layouts/application.html.erb
  Rendering blog/index.html.erb within layouts/application
  [1m[36mBlog Load (28.1ms)[0m  [1m[34mSELECT "blogs".* FROM "blogs"[0m
  ↳ app/views/blog/index.html.erb:3
  Rendered blog/index.html.erb within layouts/application (Duration: 48.7ms | Allocations: 3938)
[Webpacker] Everything's up-to-date. Nothing to do
  Rendered layout layouts/application.html.erb (Duration: 67.3ms | Allocations: 7404)
Completed 200 OK in 75ms (Views: 33.6ms | ActiveRecord: 36.2ms | Allocations: 8456)


Started GET "/post" for ::1 at 2021-06-09 14:45:30 -0700
Processing by BlogController#create as HTML
Completed 400 Bad Request in 1ms (ActiveRecord: 0.0ms | Allocations: 608)


  
ActionController::ParameterMissing (param is missing or the value is empty: blog
Did you mean?  action
               controller):
  
app/controllers/blog_controller.rb:14:in `blog_params'
app/controllers/blog_controller.rb:10:in `create'
Started GET "/index" for ::1 at 2021-06-09 14:45:47 -0700
Processing by BlogController#index as HTML
  Rendering layout layouts/application.html.erb
  Rendering blog/index.html.erb within layouts/application
  [1m[36mBlog Load (8.6ms)[0m  [1m[34mSELECT "blogs".* FROM "blogs"[0m
  ↳ app/views/blog/index.html.erb:3
  Rendered blog/index.html.erb within layouts/application (Duration: 21.8ms | Allocations: 1025)
[Webpacker] Everything's up-to-date. Nothing to do
  Rendered layout layouts/application.html.erb (Duration: 54.8ms | Allocations: 4437)
Completed 200 OK in 62ms (Views: 48.7ms | ActiveRecord: 8.6ms | Allocations: 4984)


Started GET "/blogs/1" for ::1 at 2021-06-09 14:46:08 -0700
Processing by BlogController#page1 as HTML
  Parameters: {"id"=>"1"}
  [1m[36mBlog Load (1.8ms)[0m  [1m[34mSELECT "blogs".* FROM "blogs" WHERE "blogs"."id" = $1 LIMIT $2[0m  [["id", 1], ["LIMIT", 1]]
  ↳ app/controllers/blog_controller.rb:6:in `page1'
  Rendering layout layouts/application.html.erb
  Rendering blog/page1.html.erb within layouts/application
  Rendered blog/page1.html.erb within layouts/application (Duration: 3.3ms | Allocations: 189)
[Webpacker] Everything's up-to-date. Nothing to do
  Rendered layout layouts/application.html.erb (Duration: 39.3ms | Allocations: 3593)
Completed 200 OK in 139ms (Views: 41.6ms | ActiveRecord: 36.7ms | Allocations: 5744)


Started GET "/index" for ::1 at 2021-06-09 14:46:09 -0700
Processing by BlogController#index as HTML
  Rendering layout layouts/application.html.erb
  Rendering blog/index.html.erb within layouts/application
  [1m[36mBlog Load (4.4ms)[0m  [1m[34mSELECT "blogs".* FROM "blogs"[0m
  ↳ app/views/blog/index.html.erb:3
  Rendered blog/index.html.erb within layouts/application (Duration: 22.9ms | Allocations: 1024)
[Webpacker] Everything's up-to-date. Nothing to do
  Rendered layout layouts/application.html.erb (Duration: 61.1ms | Allocations: 4428)
Completed 200 OK in 68ms (Views: 61.1ms | ActiveRecord: 4.4ms | Allocations: 4884)


Started GET "/post" for ::1 at 2021-06-09 14:46:11 -0700
Processing by BlogController#create as HTML
Completed 400 Bad Request in 13ms (ActiveRecord: 0.0ms | Allocations: 602)


  
ActionController::ParameterMissing (param is missing or the value is empty: blog
Did you mean?  action
               controller):
  
app/controllers/blog_controller.rb:14:in `blog_params'
app/controllers/blog_controller.rb:10:in `create'
Started GET "/post" for ::1 at 2021-06-09 14:53:48 -0700
  
ActionController::RoutingError (No route matches [GET] "/post"):
  
Started GET "/index" for ::1 at 2021-06-09 14:53:57 -0700
Processing by BlogController#index as HTML
  Rendering layout layouts/application.html.erb
  Rendering blog/index.html.erb within layouts/application
  [1m[36mBlog Load (2.7ms)[0m  [1m[34mSELECT "blogs".* FROM "blogs"[0m
  ↳ app/views/blog/index.html.erb:3
  Rendered blog/index.html.erb within layouts/application (Duration: 327.2ms | Allocations: 10548)
  Rendered layout layouts/application.html.erb (Duration: 328.1ms | Allocations: 10617)
Completed 500 Internal Server Error in 360ms (ActiveRecord: 103.5ms | Allocations: 12245)


  
ActionView::Template::Error (undefined local variable or method `post_path' for #<ActionView::Base:0x00000000015f18>
Did you mean?  font_path):
    4:     <li>
    5:     <%= link_to blog.title, blog_path(blog) %>
    6:     </li>
    7:     <%= link_to 'post new blog', post_path %> 
    8: <% end %>
  
app/views/blog/index.html.erb:7
app/views/blog/index.html.erb:3
Started GET "/index" for ::1 at 2021-06-09 14:55:44 -0700
Processing by BlogController#index as HTML
  Rendering layout layouts/application.html.erb
  Rendering blog/index.html.erb within layouts/application
  [1m[36mBlog Load (2.3ms)[0m  [1m[34mSELECT "blogs".* FROM "blogs"[0m
  ↳ app/views/blog/index.html.erb:3
  Rendered blog/index.html.erb within layouts/application (Duration: 120.4ms | Allocations: 4282)
[Webpacker] Everything's up-to-date. Nothing to do
  Rendered layout layouts/application.html.erb (Duration: 151.8ms | Allocations: 7907)
Completed 200 OK in 171ms (Views: 63.8ms | ActiveRecord: 94.6ms | Allocations: 9570)


Started GET "/blogs/new" for ::1 at 2021-06-09 14:55:46 -0700
Processing by BlogController#show as HTML
  Parameters: {"id"=>"new"}
  [1m[36mBlog Load (3.6ms)[0m  [1m[34mSELECT "blogs".* FROM "blogs" WHERE "blogs"."id" = $1 LIMIT $2[0m  [["id", nil], ["LIMIT", 1]]
  ↳ app/controllers/blog_controller.rb:6:in `show'
Completed 404 Not Found in 23ms (ActiveRecord: 5.1ms | Allocations: 1552)


  
ActiveRecord::RecordNotFound (Couldn't find Blog with 'id'=new):
  
app/controllers/blog_controller.rb:6:in `show'
Started GET "/blogs/new" for ::1 at 2021-06-09 14:56:58 -0700
Processing by BlogController#new as HTML
  Rendering layout layouts/application.html.erb
  Rendering blog/new.html.erb within layouts/application
  Rendered blog/new.html.erb within layouts/application (Duration: 3.9ms | Allocations: 1148)
  Rendered layout layouts/application.html.erb (Duration: 6.3ms | Allocations: 1218)
Completed 500 Internal Server Error in 88ms (ActiveRecord: 54.7ms | Allocations: 5162)


  
ActionView::SyntaxErrorInTemplate (Encountered a syntax error while rendering template: check <%= form_with model:@blog, local:true do |form|%>
    <%= form.label :title%>
    <%= form.text_field :title%>
    <%= form.label :content%>
    <%= form.text_field :content%>
end
<%= link_to 'Home', index_path%>
):
1:    <%= form_with model:@blog, local:true do |form|%>
2:        <%= form.label :title%>
3:        <%= form.text_field :title%>
4:        <%= form.label :content%>
5:        <%= form.text_field :content%>
6:    end
7:    <%= link_to 'Home', index_path%>
  
app/views/blog/new.html.erb:9: syntax error, unexpected end-of-input, expecting `end'
app/views/blog/new.html.erb:9: syntax error, unexpected end-of-input, expecting `end'
app/views/blog/new.html.erb:9: syntax error, unexpected end-of-input, expecting `end'
app/views/blog/new.html.erb:9: syntax error, unexpected end-of-input, expecting `end'
app/views/blog/new.html.erb:9: syntax error, unexpected end-of-input, expecting `end'
app/views/blog/new.html.erb:9: syntax error, unexpected end-of-input, expecting `end'
Started GET "/blogs/new" for ::1 at 2021-06-09 14:58:51 -0700
Processing by BlogController#new as HTML
  Rendering layout layouts/application.html.erb
  Rendering blog/new.html.erb within layouts/application
  Rendered blog/new.html.erb within layouts/application (Duration: 5.6ms | Allocations: 1133)
  Rendered layout layouts/application.html.erb (Duration: 6.7ms | Allocations: 1203)
Completed 500 Internal Server Error in 105ms (ActiveRecord: 36.6ms | Allocations: 5001)


  
ActionView::SyntaxErrorInTemplate (Encountered a syntax error while rendering template: check <%= form_with model:@blog, local:true do |form|%>
    <%= form.label :title%>
    <%= form.text_field :title%>
    <%= form.label :content%>
    <%= form.text_field :content%>
end
<%= link_to 'Home', index_path%>
):
1:    <%= form_with model:@blog, local:true do |form|%>
2:        <%= form.label :title%>
3:        <%= form.text_field :title%>
4:        <%= form.label :content%>
5:        <%= form.text_field :content%>
6:    end
7:    <%= link_to 'Home', index_path%>
  
app/views/blog/new.html.erb:9: syntax error, unexpected end-of-input, expecting `end'
app/views/blog/new.html.erb:9: syntax error, unexpected end-of-input, expecting `end'
app/views/blog/new.html.erb:9: syntax error, unexpected end-of-input, expecting `end'
app/views/blog/new.html.erb:9: syntax error, unexpected end-of-input, expecting `end'
app/views/blog/new.html.erb:9: syntax error, unexpected end-of-input, expecting `end'
app/views/blog/new.html.erb:9: syntax error, unexpected end-of-input, expecting `end'
Started GET "/blogs/new" for ::1 at 2021-06-09 14:59:00 -0700
Processing by BlogController#new as HTML
  Rendering layout layouts/application.html.erb
  Rendering blog/new.html.erb within layouts/application
  Rendered blog/new.html.erb within layouts/application (Duration: 0.9ms | Allocations: 1149)
  Rendered layout layouts/application.html.erb (Duration: 1.2ms | Allocations: 1218)
Completed 500 Internal Server Error in 4ms (ActiveRecord: 0.0ms | Allocations: 1637)


  
ActionView::SyntaxErrorInTemplate (Encountered a syntax error while rendering template: check <%= form_with model:@blog, local:true do |form|%>
    <%= form.label :title%>
    <%= form.text_field :title%>
    <%= form.label :content%>
    <%= form.text_field :content%>
end
<%= link_to 'Home', index_path%>
):
1:    <%= form_with model:@blog, local:true do |form|%>
2:        <%= form.label :title%>
3:        <%= form.text_field :title%>
4:        <%= form.label :content%>
5:        <%= form.text_field :content%>
6:    end
7:    <%= link_to 'Home', index_path%>
  
app/views/blog/new.html.erb:9: syntax error, unexpected end-of-input, expecting `end'
app/views/blog/new.html.erb:9: syntax error, unexpected end-of-input, expecting `end'
app/views/blog/new.html.erb:9: syntax error, unexpected end-of-input, expecting `end'
app/views/blog/new.html.erb:9: syntax error, unexpected end-of-input, expecting `end'
app/views/blog/new.html.erb:9: syntax error, unexpected end-of-input, expecting `end'
app/views/blog/new.html.erb:9: syntax error, unexpected end-of-input, expecting `end'
Started GET "/blogs/new" for ::1 at 2021-06-09 15:01:33 -0700
Processing by BlogController#new as HTML
  Rendering layout layouts/application.html.erb
  Rendering blog/new.html.erb within layouts/application
  Rendered blog/new.html.erb within layouts/application (Duration: 81.3ms | Allocations: 7530)
[Webpacker] Everything's up-to-date. Nothing to do
  Rendered layout layouts/application.html.erb (Duration: 146.5ms | Allocations: 11062)
Completed 200 OK in 158ms (Views: 153.8ms | ActiveRecord: 0.0ms | Allocations: 12284)


Started GET "/index" for ::1 at 2021-06-09 15:01:39 -0700
Processing by BlogController#index as HTML
  Rendering layout layouts/application.html.erb
  Rendering blog/index.html.erb within layouts/application
  [1m[36mBlog Load (1.9ms)[0m  [1m[34mSELECT "blogs".* FROM "blogs"[0m
  ↳ app/views/blog/index.html.erb:3
  Rendered blog/index.html.erb within layouts/application (Duration: 37.4ms | Allocations: 1214)
[Webpacker] Everything's up-to-date. Nothing to do
  Rendered layout layouts/application.html.erb (Duration: 56.1ms | Allocations: 4618)
Completed 200 OK in 62ms (Views: 56.8ms | ActiveRecord: 1.9ms | Allocations: 5241)


Started GET "/blogs/1" for ::1 at 2021-06-09 15:01:40 -0700
Processing by BlogController#show as HTML
  Parameters: {"id"=>"1"}
  [1m[36mBlog Load (2.4ms)[0m  [1m[34mSELECT "blogs".* FROM "blogs" WHERE "blogs"."id" = $1 LIMIT $2[0m  [["id", 1], ["LIMIT", 1]]
  ↳ app/controllers/blog_controller.rb:6:in `show'
  Rendering layout layouts/application.html.erb
  Rendering blog/show.html.erb within layouts/application
  Rendered blog/show.html.erb within layouts/application (Duration: 3.1ms | Allocations: 222)
[Webpacker] Everything's up-to-date. Nothing to do
  Rendered layout layouts/application.html.erb (Duration: 23.3ms | Allocations: 4178)
Completed 200 OK in 46ms (Views: 25.2ms | ActiveRecord: 2.4ms | Allocations: 5567)


Started GET "/index" for ::1 at 2021-06-09 15:01:41 -0700
Processing by BlogController#index as HTML
  Rendering layout layouts/application.html.erb
  Rendering blog/index.html.erb within layouts/application
  [1m[36mBlog Load (4.7ms)[0m  [1m[34mSELECT "blogs".* FROM "blogs"[0m
  ↳ app/views/blog/index.html.erb:3
  Rendered blog/index.html.erb within layouts/application (Duration: 17.8ms | Allocations: 1024)
[Webpacker] Everything's up-to-date. Nothing to do
  Rendered layout layouts/application.html.erb (Duration: 63.4ms | Allocations: 5019)
Completed 200 OK in 66ms (Views: 59.9ms | ActiveRecord: 4.7ms | Allocations: 5475)


Started GET "/blogs/2" for ::1 at 2021-06-09 15:01:42 -0700
Processing by BlogController#show as HTML
  Parameters: {"id"=>"2"}
  [1m[36mBlog Load (6.0ms)[0m  [1m[34mSELECT "blogs".* FROM "blogs" WHERE "blogs"."id" = $1 LIMIT $2[0m  [["id", 2], ["LIMIT", 1]]
  ↳ app/controllers/blog_controller.rb:6:in `show'
  Rendering layout layouts/application.html.erb
  Rendering blog/show.html.erb within layouts/application
  Rendered blog/show.html.erb within layouts/application (Duration: 2.1ms | Allocations: 75)
[Webpacker] Everything's up-to-date. Nothing to do
  Rendered layout layouts/application.html.erb (Duration: 35.6ms | Allocations: 4029)
Completed 200 OK in 53ms (Views: 38.2ms | ActiveRecord: 6.0ms | Allocations: 5190)


Started GET "/index" for ::1 at 2021-06-09 15:01:43 -0700
Processing by BlogController#index as HTML
  Rendering layout layouts/application.html.erb
  Rendering blog/index.html.erb within layouts/application
  [1m[36mBlog Load (1.2ms)[0m  [1m[34mSELECT "blogs".* FROM "blogs"[0m
  ↳ app/views/blog/index.html.erb:3
  Rendered blog/index.html.erb within layouts/application (Duration: 4.8ms | Allocations: 1024)
[Webpacker] Everything's up-to-date. Nothing to do
  Rendered layout layouts/application.html.erb (Duration: 42.2ms | Allocations: 5019)
Completed 200 OK in 45ms (Views: 41.8ms | ActiveRecord: 1.2ms | Allocations: 5475)


Started GET "/blogs/3" for ::1 at 2021-06-09 15:01:43 -0700
Processing by BlogController#show as HTML
  Parameters: {"id"=>"3"}
  [1m[36mBlog Load (8.4ms)[0m  [1m[34mSELECT "blogs".* FROM "blogs" WHERE "blogs"."id" = $1 LIMIT $2[0m  [["id", 3], ["LIMIT", 1]]
  ↳ app/controllers/blog_controller.rb:6:in `show'
  Rendering layout layouts/application.html.erb
  Rendering blog/show.html.erb within layouts/application
  Rendered blog/show.html.erb within layouts/application (Duration: 0.6ms | Allocations: 75)
[Webpacker] Everything's up-to-date. Nothing to do
  Rendered layout layouts/application.html.erb (Duration: 17.3ms | Allocations: 3479)
Completed 200 OK in 59ms (Views: 18.8ms | ActiveRecord: 8.4ms | Allocations: 5202)


Started GET "/index" for ::1 at 2021-06-09 15:01:45 -0700
Processing by BlogController#index as HTML
  Rendering layout layouts/application.html.erb
  Rendering blog/index.html.erb within layouts/application
  [1m[36mBlog Load (1.7ms)[0m  [1m[34mSELECT "blogs".* FROM "blogs"[0m
  ↳ app/views/blog/index.html.erb:3
  Rendered blog/index.html.erb within layouts/application (Duration: 16.6ms | Allocations: 1024)
[Webpacker] Everything's up-to-date. Nothing to do
  Rendered layout layouts/application.html.erb (Duration: 71.3ms | Allocations: 5017)
Completed 200 OK in 74ms (Views: 71.1ms | ActiveRecord: 1.7ms | Allocations: 5473)


Started GET "/blogs/new" for ::1 at 2021-06-09 15:01:47 -0700
Processing by BlogController#new as HTML
  Rendering layout layouts/application.html.erb
  Rendering blog/new.html.erb within layouts/application
  Rendered blog/new.html.erb within layouts/application (Duration: 4.0ms | Allocations: 557)
[Webpacker] Everything's up-to-date. Nothing to do
  Rendered layout layouts/application.html.erb (Duration: 53.6ms | Allocations: 4435)
Completed 200 OK in 59ms (Views: 57.0ms | ActiveRecord: 0.0ms | Allocations: 4894)


Started GET "/index" for ::1 at 2021-06-09 15:01:52 -0700
Processing by BlogController#index as HTML
  Rendering layout layouts/application.html.erb
  Rendering blog/index.html.erb within layouts/application
  [1m[36mBlog Load (1.6ms)[0m  [1m[34mSELECT "blogs".* FROM "blogs"[0m
  ↳ app/views/blog/index.html.erb:3
  Rendered blog/index.html.erb within layouts/application (Duration: 10.7ms | Allocations: 1024)
[Webpacker] Everything's up-to-date. Nothing to do
  Rendered layout layouts/application.html.erb (Duration: 30.7ms | Allocations: 4434)
Completed 200 OK in 34ms (Views: 31.2ms | ActiveRecord: 1.6ms | Allocations: 4890)


Started GET "/index" for ::1 at 2021-06-09 15:02:47 -0700
Processing by BlogController#index as HTML
  Rendering layout layouts/application.html.erb
  Rendering blog/index.html.erb within layouts/application
  [1m[36mBlog Load (27.0ms)[0m  [1m[34mSELECT "blogs".* FROM "blogs"[0m
  ↳ app/views/blog/index.html.erb:3
  Rendered blog/index.html.erb within layouts/application (Duration: 33.8ms | Allocations: 1156)
[Webpacker] Everything's up-to-date. Nothing to do
  Rendered layout layouts/application.html.erb (Duration: 61.6ms | Allocations: 4800)
Completed 200 OK in 85ms (Views: 54.5ms | ActiveRecord: 27.0ms | Allocations: 6020)


Started GET "/blogs/new" for ::1 at 2021-06-09 15:02:50 -0700
Processing by BlogController#new as HTML
  Rendering layout layouts/application.html.erb
  Rendering blog/new.html.erb within layouts/application
  Rendered blog/new.html.erb within layouts/application (Duration: 10.2ms | Allocations: 751)
[Webpacker] Everything's up-to-date. Nothing to do
  Rendered layout layouts/application.html.erb (Duration: 42.9ms | Allocations: 4741)
Completed 200 OK in 47ms (Views: 45.1ms | ActiveRecord: 0.0ms | Allocations: 5327)


Started GET "/index" for ::1 at 2021-06-09 15:02:52 -0700
Processing by BlogController#index as HTML
  Rendering layout layouts/application.html.erb
  Rendering blog/index.html.erb within layouts/application
  [1m[36mBlog Load (3.9ms)[0m  [1m[34mSELECT "blogs".* FROM "blogs"[0m
  ↳ app/views/blog/index.html.erb:3
  Rendered blog/index.html.erb within layouts/application (Duration: 100.7ms | Allocations: 1588)
[Webpacker] Everything's up-to-date. Nothing to do
  Rendered layout layouts/application.html.erb (Duration: 129.3ms | Allocations: 4992)
Completed 200 OK in 134ms (Views: 128.3ms | ActiveRecord: 3.9ms | Allocations: 5448)


Started GET "/blogs/1" for ::1 at 2021-06-09 15:02:52 -0700
Processing by BlogController#show as HTML
  Parameters: {"id"=>"1"}
  [1m[36mBlog Load (2.1ms)[0m  [1m[34mSELECT "blogs".* FROM "blogs" WHERE "blogs"."id" = $1 LIMIT $2[0m  [["id", 1], ["LIMIT", 1]]
  ↳ app/controllers/blog_controller.rb:6:in `show'
  Rendering layout layouts/application.html.erb
  Rendering blog/show.html.erb within layouts/application
  Rendered blog/show.html.erb within layouts/application (Duration: 3.4ms | Allocations: 184)
[Webpacker] Everything's up-to-date. Nothing to do
  Rendered layout layouts/application.html.erb (Duration: 23.9ms | Allocations: 3588)
Completed 200 OK in 77ms (Views: 26.6ms | ActiveRecord: 2.1ms | Allocations: 5436)


Started GET "/index" for ::1 at 2021-06-09 15:02:53 -0700
Processing by BlogController#index as HTML
  Rendering layout layouts/application.html.erb
  Rendering blog/index.html.erb within layouts/application
  [1m[36mBlog Load (92.3ms)[0m  [1m[34mSELECT "blogs".* FROM "blogs"[0m
  ↳ app/views/blog/index.html.erb:3
  Rendered blog/index.html.erb within layouts/application (Duration: 108.7ms | Allocations: 1577)
[Webpacker] Everything's up-to-date. Nothing to do
  Rendered layout layouts/application.html.erb (Duration: 123.8ms | Allocations: 4981)
Completed 200 OK in 127ms (Views: 32.8ms | ActiveRecord: 92.3ms | Allocations: 5437)


Started GET "/blogs/2" for ::1 at 2021-06-09 15:02:54 -0700
Processing by BlogController#show as HTML
  Parameters: {"id"=>"2"}
  [1m[36mBlog Load (1.4ms)[0m  [1m[34mSELECT "blogs".* FROM "blogs" WHERE "blogs"."id" = $1 LIMIT $2[0m  [["id", 2], ["LIMIT", 1]]
  ↳ app/controllers/blog_controller.rb:6:in `show'
  Rendering layout layouts/application.html.erb
  Rendering blog/show.html.erb within layouts/application
  Rendered blog/show.html.erb within layouts/application (Duration: 0.6ms | Allocations: 75)
[Webpacker] Everything's up-to-date. Nothing to do
  Rendered layout layouts/application.html.erb (Duration: 20.6ms | Allocations: 3479)
Completed 200 OK in 76ms (Views: 22.0ms | ActiveRecord: 1.4ms | Allocations: 5194)


Started GET "/index" for ::1 at 2021-06-09 15:02:55 -0700
Processing by BlogController#index as HTML
  Rendering layout layouts/application.html.erb
  Rendering blog/index.html.erb within layouts/application
  [1m[36mBlog Load (3.4ms)[0m  [1m[34mSELECT "blogs".* FROM "blogs"[0m
  ↳ app/views/blog/index.html.erb:3
  Rendered blog/index.html.erb within layouts/application (Duration: 41.3ms | Allocations: 991)
[Webpacker] Everything's up-to-date. Nothing to do
  Rendered layout layouts/application.html.erb (Duration: 124.2ms | Allocations: 4982)
Completed 200 OK in 129ms (Views: 122.8ms | ActiveRecord: 3.4ms | Allocations: 5438)


Started GET "/index" for ::1 at 2021-06-09 15:06:01 -0700
Processing by BlogController#index as HTML
  Rendering layout layouts/application.html.erb
  Rendering blog/index.html.erb within layouts/application
  [1m[36mBlog Load (18.5ms)[0m  [1m[34mSELECT "blogs".* FROM "blogs"[0m
  ↳ app/views/blog/index.html.erb:3
  Rendered blog/index.html.erb within layouts/application (Duration: 57.7ms | Allocations: 1151)
[Webpacker] Everything's up-to-date. Nothing to do
  Rendered layout layouts/application.html.erb (Duration: 109.5ms | Allocations: 4789)
Completed 200 OK in 138ms (Views: 109.2ms | ActiveRecord: 18.5ms | Allocations: 6004)


Started GET "/blogs/new" for ::1 at 2021-06-09 15:06:05 -0700
Processing by BlogController#new as HTML
  Rendering layout layouts/application.html.erb
  Rendering blog/new.html.erb within layouts/application
  Rendered blog/new.html.erb within layouts/application (Duration: 11.0ms | Allocations: 810)
[Webpacker] Everything's up-to-date. Nothing to do
  Rendered layout layouts/application.html.erb (Duration: 51.2ms | Allocations: 4793)
Completed 200 OK in 79ms (Views: 52.6ms | ActiveRecord: 0.0ms | Allocations: 5380)


Started GET "/index" for ::1 at 2021-06-09 15:06:06 -0700
Processing by BlogController#index as HTML
  Rendering layout layouts/application.html.erb
  Rendering blog/index.html.erb within layouts/application
  [1m[36mBlog Load (2.6ms)[0m  [1m[34mSELECT "blogs".* FROM "blogs"[0m
  ↳ app/views/blog/index.html.erb:3
  Rendered blog/index.html.erb within layouts/application (Duration: 78.3ms | Allocations: 1563)
[Webpacker] Everything's up-to-date. Nothing to do
  Rendered layout layouts/application.html.erb (Duration: 101.8ms | Allocations: 4973)
Completed 200 OK in 110ms (Views: 101.0ms | ActiveRecord: 2.6ms | Allocations: 5429)


Started GET "/blogs/new" for ::1 at 2021-06-09 15:06:07 -0700
Processing by BlogController#new as HTML
  Rendering layout layouts/application.html.erb
  Rendering blog/new.html.erb within layouts/application
  Rendered blog/new.html.erb within layouts/application (Duration: 3.4ms | Allocations: 581)
[Webpacker] Everything's up-to-date. Nothing to do
  Rendered layout layouts/application.html.erb (Duration: 42.3ms | Allocations: 4562)
Completed 200 OK in 53ms (Views: 50.5ms | ActiveRecord: 0.0ms | Allocations: 5021)


Started GET "/index" for ::1 at 2021-06-09 15:06:08 -0700
Processing by BlogController#index as HTML
  Rendering layout layouts/application.html.erb
  Rendering blog/index.html.erb within layouts/application
  [1m[36mBlog Load (2.9ms)[0m  [1m[34mSELECT "blogs".* FROM "blogs"[0m
  ↳ app/views/blog/index.html.erb:3
  Rendered blog/index.html.erb within layouts/application (Duration: 78.4ms | Allocations: 1571)
[Webpacker] Everything's up-to-date. Nothing to do
  Rendered layout layouts/application.html.erb (Duration: 96.3ms | Allocations: 4981)
Completed 200 OK in 99ms (Views: 95.0ms | ActiveRecord: 2.9ms | Allocations: 5437)


Started GET "/blogs/1" for ::1 at 2021-06-09 15:06:08 -0700
Processing by BlogController#show as HTML
  Parameters: {"id"=>"1"}
  [1m[36mBlog Load (2.3ms)[0m  [1m[34mSELECT "blogs".* FROM "blogs" WHERE "blogs"."id" = $1 LIMIT $2[0m  [["id", 1], ["LIMIT", 1]]
  ↳ app/controllers/blog_controller.rb:6:in `show'
  Rendering layout layouts/application.html.erb
  Rendering blog/show.html.erb within layouts/application
  Rendered blog/show.html.erb within layouts/application (Duration: 2.5ms | Allocations: 185)
[Webpacker] Everything's up-to-date. Nothing to do
  Rendered layout layouts/application.html.erb (Duration: 20.2ms | Allocations: 3589)
Completed 200 OK in 29ms (Views: 21.3ms | ActiveRecord: 2.3ms | Allocations: 4848)


Started GET "/index" for ::1 at 2021-06-09 15:06:09 -0700
Processing by BlogController#index as HTML
  Rendering layout layouts/application.html.erb
  Rendering blog/index.html.erb within layouts/application
  [1m[36mBlog Load (12.7ms)[0m  [1m[34mSELECT "blogs".* FROM "blogs"[0m
  ↳ app/views/blog/index.html.erb:3
  Rendered blog/index.html.erb within layouts/application (Duration: 35.6ms | Allocations: 988)
[Webpacker] Everything's up-to-date. Nothing to do
  Rendered layout layouts/application.html.erb (Duration: 81.2ms | Allocations: 4980)
Completed 200 OK in 85ms (Views: 69.9ms | ActiveRecord: 12.7ms | Allocations: 5436)


Started GET "/blogs/2" for ::1 at 2021-06-09 15:06:10 -0700
Processing by BlogController#show as HTML
  Parameters: {"id"=>"2"}
  [1m[36mBlog Load (38.5ms)[0m  [1m[34mSELECT "blogs".* FROM "blogs" WHERE "blogs"."id" = $1 LIMIT $2[0m  [["id", 2], ["LIMIT", 1]]
  ↳ app/controllers/blog_controller.rb:6:in `show'
  Rendering layout layouts/application.html.erb
  Rendering blog/show.html.erb within layouts/application
  Rendered blog/show.html.erb within layouts/application (Duration: 0.9ms | Allocations: 75)
[Webpacker] Everything's up-to-date. Nothing to do
  Rendered layout layouts/application.html.erb (Duration: 32.1ms | Allocations: 3479)
Completed 200 OK in 185ms (Views: 33.7ms | ActiveRecord: 38.5ms | Allocations: 5200)


Started GET "/index" for ::1 at 2021-06-09 15:06:11 -0700
Processing by BlogController#index as HTML
  Rendering layout layouts/application.html.erb
  Rendering blog/index.html.erb within layouts/application
  [1m[36mBlog Load (45.7ms)[0m  [1m[34mSELECT "blogs".* FROM "blogs"[0m
  ↳ app/views/blog/index.html.erb:3
  Rendered blog/index.html.erb within layouts/application (Duration: 68.9ms | Allocations: 1464)
[Webpacker] Everything's up-to-date. Nothing to do
  Rendered layout layouts/application.html.erb (Duration: 111.6ms | Allocations: 4975)
Completed 200 OK in 116ms (Views: 67.2ms | ActiveRecord: 45.7ms | Allocations: 5431)


Started GET "/blogs/3" for ::1 at 2021-06-09 15:06:11 -0700
Processing by BlogController#show as HTML
  Parameters: {"id"=>"3"}
  [1m[36mBlog Load (2.5ms)[0m  [1m[34mSELECT "blogs".* FROM "blogs" WHERE "blogs"."id" = $1 LIMIT $2[0m  [["id", 3], ["LIMIT", 1]]
  ↳ app/controllers/blog_controller.rb:6:in `show'
  Rendering layout layouts/application.html.erb
  Rendering blog/show.html.erb within layouts/application
  Rendered blog/show.html.erb within layouts/application (Duration: 0.6ms | Allocations: 75)
[Webpacker] Everything's up-to-date. Nothing to do
  Rendered layout layouts/application.html.erb (Duration: 16.4ms | Allocations: 3479)
Completed 200 OK in 38ms (Views: 23.5ms | ActiveRecord: 2.5ms | Allocations: 4611)


Started GET "/index" for ::1 at 2021-06-09 15:06:12 -0700
Processing by BlogController#index as HTML
  Rendering layout layouts/application.html.erb
  Rendering blog/index.html.erb within layouts/application
  [1m[36mBlog Load (7.5ms)[0m  [1m[34mSELECT "blogs".* FROM "blogs"[0m
  ↳ app/views/blog/index.html.erb:3
  Rendered blog/index.html.erb within layouts/application (Duration: 240.8ms | Allocations: 1580)
[Webpacker] Everything's up-to-date. Nothing to do
  Rendered layout layouts/application.html.erb (Duration: 276.2ms | Allocations: 4984)
Completed 200 OK in 293ms (Views: 274.1ms | ActiveRecord: 7.5ms | Allocations: 5440)


Started GET "/blogs/new" for ::1 at 2021-06-09 15:06:13 -0700
Processing by BlogController#new as HTML
  Rendering layout layouts/application.html.erb
  Rendering blog/new.html.erb within layouts/application
  Rendered blog/new.html.erb within layouts/application (Duration: 3.8ms | Allocations: 581)
[Webpacker] Everything's up-to-date. Nothing to do
  Rendered layout layouts/application.html.erb (Duration: 25.1ms | Allocations: 3973)
Completed 200 OK in 30ms (Views: 27.9ms | ActiveRecord: 0.0ms | Allocations: 4431)


Started GET "/index" for ::1 at 2021-06-09 15:06:14 -0700
Processing by BlogController#index as HTML
  Rendering layout layouts/application.html.erb
  Rendering blog/index.html.erb within layouts/application
  [1m[36mBlog Load (27.5ms)[0m  [1m[34mSELECT "blogs".* FROM "blogs"[0m
  ↳ app/views/blog/index.html.erb:3
  Rendered blog/index.html.erb within layouts/application (Duration: 74.0ms | Allocations: 988)
[Webpacker] Everything's up-to-date. Nothing to do
  Rendered layout layouts/application.html.erb (Duration: 95.1ms | Allocations: 4400)
Completed 200 OK in 101ms (Views: 70.0ms | ActiveRecord: 27.5ms | Allocations: 4857)


Started GET "/index" for ::1 at 2021-06-09 15:07:20 -0700
Processing by BlogController#index as HTML
  Rendering layout layouts/application.html.erb
  Rendering blog/index.html.erb within layouts/application
  [1m[36mBlog Load (2.5ms)[0m  [1m[34mSELECT "blogs".* FROM "blogs"[0m
  ↳ app/views/blog/index.html.erb:3
  Rendered blog/index.html.erb within layouts/application (Duration: 11.2ms | Allocations: 988)
[Webpacker] Everything's up-to-date. Nothing to do
  Rendered layout layouts/application.html.erb (Duration: 37.8ms | Allocations: 4398)
Completed 200 OK in 41ms (Views: 36.9ms | ActiveRecord: 2.5ms | Allocations: 4851)


Started GET "/blogs/new" for ::1 at 2021-06-09 15:07:22 -0700
Processing by BlogController#new as HTML
  Rendering layout layouts/application.html.erb
  Rendering blog/new.html.erb within layouts/application
  Rendered blog/new.html.erb within layouts/application (Duration: 13.7ms | Allocations: 581)
[Webpacker] Everything's up-to-date. Nothing to do
  Rendered layout layouts/application.html.erb (Duration: 39.9ms | Allocations: 3975)
Completed 200 OK in 44ms (Views: 41.9ms | ActiveRecord: 0.0ms | Allocations: 4434)


Started GET "/index" for ::1 at 2021-06-09 15:07:23 -0700
Processing by BlogController#index as HTML
  Rendering layout layouts/application.html.erb
  Rendering blog/index.html.erb within layouts/application
  [1m[36mBlog Load (38.1ms)[0m  [1m[34mSELECT "blogs".* FROM "blogs"[0m
  ↳ app/views/blog/index.html.erb:3
  Rendered blog/index.html.erb within layouts/application (Duration: 84.9ms | Allocations: 988)
[Webpacker] Everything's up-to-date. Nothing to do
  Rendered layout layouts/application.html.erb (Duration: 106.7ms | Allocations: 4398)
Completed 200 OK in 109ms (Views: 69.6ms | ActiveRecord: 38.1ms | Allocations: 4854)


Started GET "/blogs/1" for ::1 at 2021-06-09 15:07:24 -0700
Processing by BlogController#show as HTML
  Parameters: {"id"=>"1"}
  [1m[36mBlog Load (2.5ms)[0m  [1m[34mSELECT "blogs".* FROM "blogs" WHERE "blogs"."id" = $1 LIMIT $2[0m  [["id", 1], ["LIMIT", 1]]
  ↳ app/controllers/blog_controller.rb:6:in `show'
  Rendering layout layouts/application.html.erb
  Rendering blog/show.html.erb within layouts/application
  Rendered blog/show.html.erb within layouts/application (Duration: 0.9ms | Allocations: 75)
[Webpacker] Everything's up-to-date. Nothing to do
  Rendered layout layouts/application.html.erb (Duration: 24.2ms | Allocations: 3479)
Completed 200 OK in 47ms (Views: 25.9ms | ActiveRecord: 2.5ms | Allocations: 4611)


Started GET "/index" for ::1 at 2021-06-09 15:07:26 -0700
Processing by BlogController#index as HTML
  Rendering layout layouts/application.html.erb
  Rendering blog/index.html.erb within layouts/application
  [1m[36mBlog Load (1.6ms)[0m  [1m[34mSELECT "blogs".* FROM "blogs"[0m
  ↳ app/views/blog/index.html.erb:3
  Rendered blog/index.html.erb within layouts/application (Duration: 67.4ms | Allocations: 1582)
[Webpacker] Everything's up-to-date. Nothing to do
  Rendered layout layouts/application.html.erb (Duration: 80.8ms | Allocations: 4986)
Completed 200 OK in 83ms (Views: 80.4ms | ActiveRecord: 1.6ms | Allocations: 5442)


Started GET "/blogs/new" for ::1 at 2021-06-09 15:07:27 -0700
Processing by BlogController#new as HTML
  Rendering layout layouts/application.html.erb
  Rendering blog/new.html.erb within layouts/application
  Rendered blog/new.html.erb within layouts/application (Duration: 7.4ms | Allocations: 581)
[Webpacker] Everything's up-to-date. Nothing to do
  Rendered layout layouts/application.html.erb (Duration: 59.8ms | Allocations: 4566)
Completed 200 OK in 63ms (Views: 61.5ms | ActiveRecord: 0.0ms | Allocations: 5024)


Started POST "/blogs" for ::1 at 2021-06-09 15:07:29 -0700
Processing by BlogController#create as HTML
  Parameters: {"authenticity_token"=>"[FILTERED]", "blog"=>{"title"=>"", "content"=>""}, "commit"=>"ADD BLOG"}
  [1m[36mTRANSACTION (18.6ms)[0m  [1m[35mBEGIN[0m
  ↳ app/controllers/blog_controller.rb:12:in `create'
  [1m[36mBlog Create (7.1ms)[0m  [1m[32mINSERT INTO "blogs" ("title", "content", "created_at", "updated_at") VALUES ($1, $2, $3, $4) RETURNING "id"[0m  [["title", ""], ["content", ""], ["created_at", "2021-06-09 22:07:29.598120"], ["updated_at", "2021-06-09 22:07:29.598120"]]
  ↳ app/controllers/blog_controller.rb:12:in `create'
  [1m[36mTRANSACTION (5.3ms)[0m  [1m[35mCOMMIT[0m
  ↳ app/controllers/blog_controller.rb:12:in `create'
No template found for BlogController#create, rendering head :no_content
Completed 204 No Content in 78ms (ActiveRecord: 31.0ms | Allocations: 4357)


Started GET "/index" for ::1 at 2021-06-09 15:07:33 -0700
Processing by BlogController#index as HTML
  Rendering layout layouts/application.html.erb
  Rendering blog/index.html.erb within layouts/application
  [1m[36mBlog Load (83.8ms)[0m  [1m[34mSELECT "blogs".* FROM "blogs"[0m
  ↳ app/views/blog/index.html.erb:3
  Rendered blog/index.html.erb within layouts/application (Duration: 99.2ms | Allocations: 1020)
[Webpacker] Everything's up-to-date. Nothing to do
  Rendered layout layouts/application.html.erb (Duration: 118.7ms | Allocations: 4424)
Completed 200 OK in 122ms (Views: 36.8ms | ActiveRecord: 83.8ms | Allocations: 4880)


Started GET "/blogs/2" for ::1 at 2021-06-09 15:07:34 -0700
Processing by BlogController#show as HTML
  Parameters: {"id"=>"2"}
  [1m[36mBlog Load (3.0ms)[0m  [1m[34mSELECT "blogs".* FROM "blogs" WHERE "blogs"."id" = $1 LIMIT $2[0m  [["id", 2], ["LIMIT", 1]]
  ↳ app/controllers/blog_controller.rb:6:in `show'
  Rendering layout layouts/application.html.erb
  Rendering blog/show.html.erb within layouts/application
  Rendered blog/show.html.erb within layouts/application (Duration: 1.5ms | Allocations: 75)
[Webpacker] Everything's up-to-date. Nothing to do
  Rendered layout layouts/application.html.erb (Duration: 23.8ms | Allocations: 3479)
Completed 200 OK in 59ms (Views: 25.9ms | ActiveRecord: 3.0ms | Allocations: 4611)


Started GET "/index" for ::1 at 2021-06-09 15:07:35 -0700
Processing by BlogController#index as HTML
  Rendering layout layouts/application.html.erb
  Rendering blog/index.html.erb within layouts/application
  [1m[36mBlog Load (9.5ms)[0m  [1m[34mSELECT "blogs".* FROM "blogs"[0m
  ↳ app/views/blog/index.html.erb:3
  Rendered blog/index.html.erb within layouts/application (Duration: 70.0ms | Allocations: 1020)
[Webpacker] Everything's up-to-date. Nothing to do
  Rendered layout layouts/application.html.erb (Duration: 119.7ms | Allocations: 4424)
Completed 200 OK in 129ms (Views: 117.8ms | ActiveRecord: 9.5ms | Allocations: 4880)


Started GET "/blogs/new" for ::1 at 2021-06-09 15:07:36 -0700
Processing by BlogController#new as HTML
  Rendering layout layouts/application.html.erb
  Rendering blog/new.html.erb within layouts/application
  Rendered blog/new.html.erb within layouts/application (Duration: 4.3ms | Allocations: 581)
[Webpacker] Everything's up-to-date. Nothing to do
  Rendered layout layouts/application.html.erb (Duration: 56.3ms | Allocations: 3981)
Completed 200 OK in 60ms (Views: 58.1ms | ActiveRecord: 0.0ms | Allocations: 4440)


Started POST "/blogs" for ::1 at 2021-06-09 15:07:37 -0700
Processing by BlogController#create as HTML
  Parameters: {"authenticity_token"=>"[FILTERED]", "blog"=>{"title"=>"", "content"=>""}, "commit"=>"ADD BLOG"}
  [1m[36mTRANSACTION (1.5ms)[0m  [1m[35mBEGIN[0m
  ↳ app/controllers/blog_controller.rb:12:in `create'
  [1m[36mBlog Create (26.2ms)[0m  [1m[32mINSERT INTO "blogs" ("title", "content", "created_at", "updated_at") VALUES ($1, $2, $3, $4) RETURNING "id"[0m  [["title", ""], ["content", ""], ["created_at", "2021-06-09 22:07:37.445163"], ["updated_at", "2021-06-09 22:07:37.445163"]]
  ↳ app/controllers/blog_controller.rb:12:in `create'
  [1m[36mTRANSACTION (3.2ms)[0m  [1m[35mCOMMIT[0m
  ↳ app/controllers/blog_controller.rb:12:in `create'
No template found for BlogController#create, rendering head :no_content
Completed 204 No Content in 102ms (ActiveRecord: 30.9ms | Allocations: 2573)


Started GET "/blogs/new" for ::1 at 2021-06-09 15:07:46 -0700
Processing by BlogController#new as HTML
  Rendering layout layouts/application.html.erb
  Rendering blog/new.html.erb within layouts/application
  Rendered blog/new.html.erb within layouts/application (Duration: 4.1ms | Allocations: 581)
[Webpacker] Everything's up-to-date. Nothing to do
  Rendered layout layouts/application.html.erb (Duration: 21.9ms | Allocations: 3981)
Completed 200 OK in 24ms (Views: 22.8ms | ActiveRecord: 0.0ms | Allocations: 4436)


Started GET "/blogs/new" for ::1 at 2021-06-09 15:09:24 -0700
Processing by BlogController#new as HTML
  Rendering layout layouts/application.html.erb
  Rendering blog/new.html.erb within layouts/application
  Rendered blog/new.html.erb within layouts/application (Duration: 4.9ms | Allocations: 827)
[Webpacker] Everything's up-to-date. Nothing to do
  Rendered layout layouts/application.html.erb (Duration: 26.1ms | Allocations: 4456)
Completed 200 OK in 37ms (Views: 34.9ms | ActiveRecord: 0.0ms | Allocations: 5678)


Started POST "/blogs" for ::1 at 2021-06-09 15:09:40 -0700
Processing by BlogController#create as HTML
  Parameters: {"authenticity_token"=>"[FILTERED]", "blog"=>{"title"=>"hiii", "content"=>"hello"}, "commit"=>"ADD BLOG"}
  [1m[36mTRANSACTION (3.2ms)[0m  [1m[35mBEGIN[0m
  ↳ app/controllers/blog_controller.rb:12:in `create'
  [1m[36mBlog Create (3.1ms)[0m  [1m[32mINSERT INTO "blogs" ("title", "content", "created_at", "updated_at") VALUES ($1, $2, $3, $4) RETURNING "id"[0m  [["title", "hiii"], ["content", "hello"], ["created_at", "2021-06-09 22:09:41.022119"], ["updated_at", "2021-06-09 22:09:41.022119"]]
  ↳ app/controllers/blog_controller.rb:12:in `create'
  [1m[36mTRANSACTION (4.8ms)[0m  [1m[35mCOMMIT[0m
  ↳ app/controllers/blog_controller.rb:12:in `create'
No template found for BlogController#create, rendering head :no_content
Completed 204 No Content in 63ms (ActiveRecord: 11.1ms | Allocations: 3767)


Started GET "/blogs/new" for ::1 at 2021-06-09 15:12:43 -0700
Processing by BlogController#new as HTML
  Rendering layout layouts/application.html.erb
  Rendering blog/new.html.erb within layouts/application
  Rendered blog/new.html.erb within layouts/application (Duration: 3.5ms | Allocations: 715)
[Webpacker] Everything's up-to-date. Nothing to do
  Rendered layout layouts/application.html.erb (Duration: 26.0ms | Allocations: 4144)
Completed 200 OK in 90ms (Views: 29.0ms | ActiveRecord: 40.8ms | Allocations: 7973)


Started GET "/blogs/index" for ::1 at 2021-06-09 15:13:41 -0700
Processing by BlogController#show as HTML
  Parameters: {"id"=>"index"}
  [1m[36mBlog Load (1.6ms)[0m  [1m[34mSELECT "blogs".* FROM "blogs" WHERE "blogs"."id" = $1 LIMIT $2[0m  [["id", nil], ["LIMIT", 1]]
  ↳ app/controllers/blog_controller.rb:6:in `show'
Completed 404 Not Found in 16ms (ActiveRecord: 1.6ms | Allocations: 1438)


  
ActiveRecord::RecordNotFound (Couldn't find Blog with 'id'=index):
  
app/controllers/blog_controller.rb:6:in `show'
Started GET "/index" for ::1 at 2021-06-09 15:13:51 -0700
Processing by BlogController#index as HTML
  Rendering layout layouts/application.html.erb
  Rendering blog/index.html.erb within layouts/application
  [1m[36mBlog Load (5.8ms)[0m  [1m[34mSELECT "blogs".* FROM "blogs"[0m
  ↳ app/views/blog/index.html.erb:3
  Rendered blog/index.html.erb within layouts/application (Duration: 90.9ms | Allocations: 1261)
[Webpacker] Everything's up-to-date. Nothing to do
  Rendered layout layouts/application.html.erb (Duration: 133.1ms | Allocations: 4673)
Completed 200 OK in 139ms (Views: 130.0ms | ActiveRecord: 5.8ms | Allocations: 5255)


Started GET "/blogs/6" for ::1 at 2021-06-09 15:13:59 -0700
Processing by BlogController#show as HTML
  Parameters: {"id"=>"6"}
  [1m[36mBlog Load (0.9ms)[0m  [1m[34mSELECT "blogs".* FROM "blogs" WHERE "blogs"."id" = $1 LIMIT $2[0m  [["id", 6], ["LIMIT", 1]]
  ↳ app/controllers/blog_controller.rb:6:in `show'
  Rendering layout layouts/application.html.erb
  Rendering blog/show.html.erb within layouts/application
  Rendered blog/show.html.erb within layouts/application (Duration: 2.6ms | Allocations: 185)
[Webpacker] Everything's up-to-date. Nothing to do
  Rendered layout layouts/application.html.erb (Duration: 42.7ms | Allocations: 3589)
Completed 200 OK in 52ms (Views: 44.6ms | ActiveRecord: 0.9ms | Allocations: 4848)


Started GET "/index" for ::1 at 2021-06-09 15:14:00 -0700
Processing by BlogController#index as HTML
  Rendering layout layouts/application.html.erb
  Rendering blog/index.html.erb within layouts/application
  [1m[36mBlog Load (2.4ms)[0m  [1m[34mSELECT "blogs".* FROM "blogs"[0m
  ↳ app/views/blog/index.html.erb:3
  Rendered blog/index.html.erb within layouts/application (Duration: 166.6ms | Allocations: 1679)
[Webpacker] Everything's up-to-date. Nothing to do
  Rendered layout layouts/application.html.erb (Duration: 194.6ms | Allocations: 5086)
Completed 200 OK in 198ms (Views: 193.8ms | ActiveRecord: 2.4ms | Allocations: 5543)


Started GET "/blogs/6" for ::1 at 2021-06-09 15:14:02 -0700
Processing by BlogController#show as HTML
  Parameters: {"id"=>"6"}
  [1m[36mBlog Load (69.8ms)[0m  [1m[34mSELECT "blogs".* FROM "blogs" WHERE "blogs"."id" = $1 LIMIT $2[0m  [["id", 6], ["LIMIT", 1]]
  ↳ app/controllers/blog_controller.rb:6:in `show'
  Rendering layout layouts/application.html.erb
  Rendering blog/show.html.erb within layouts/application
  Rendered blog/show.html.erb within layouts/application (Duration: 1.1ms | Allocations: 75)
[Webpacker] Everything's up-to-date. Nothing to do
  Rendered layout layouts/application.html.erb (Duration: 41.4ms | Allocations: 3479)
Completed 200 OK in 138ms (Views: 43.5ms | ActiveRecord: 69.8ms | Allocations: 5190)


Started GET "/blogs/new" for ::1 at 2021-06-09 15:14:26 -0700
Processing by BlogController#new as HTML
  Rendering layout layouts/application.html.erb
  Rendering blog/new.html.erb within layouts/application
  Rendered blog/new.html.erb within layouts/application (Duration: 3.2ms | Allocations: 581)
[Webpacker] Everything's up-to-date. Nothing to do
  Rendered layout layouts/application.html.erb (Duration: 65.4ms | Allocations: 4573)
Completed 200 OK in 68ms (Views: 66.9ms | ActiveRecord: 0.0ms | Allocations: 5031)


Started POST "/blogs" for ::1 at 2021-06-09 15:14:53 -0700
Processing by BlogController#create as HTML
  Parameters: {"authenticity_token"=>"[FILTERED]", "blog"=>{"title"=>"whatever", "content"=>"As a user, I can visit a page that takes a number and displays that number cubed As a user, I can visit a page that takes 2 numbers and displays whether or not the first number is evenly divisible by the second As a user, I can visit a page that takes in a string and displays how many characters are in the string As a user, I can visit a page that takes a string and displays whether it is a palindrome As a user, I can visit a page that takes a noun, verb, adjective, adverb, and uses them to display a short silly story"}, "commit"=>"ADD BLOG"}
  [1m[36mTRANSACTION (2.4ms)[0m  [1m[35mBEGIN[0m
  ↳ app/controllers/blog_controller.rb:12:in `create'
  [1m[36mBlog Create (2.5ms)[0m  [1m[32mINSERT INTO "blogs" ("title", "content", "created_at", "updated_at") VALUES ($1, $2, $3, $4) RETURNING "id"[0m  [["title", "whatever"], ["content", "As a user, I can visit a page that takes a number and displays that number cubed As a user, I can visit a page that takes 2 numbers and displays whether or not the first number is evenly divisible by the second As a user, I can visit a page that takes in a string and displays how many characters are in the string As a user, I can visit a page that takes a string and displays whether it is a palindrome As a user, I can visit a page that takes a noun, verb, adjective, adverb, and uses them to display a short silly story"], ["created_at", "2021-06-09 22:14:53.128965"], ["updated_at", "2021-06-09 22:14:53.128965"]]
  ↳ app/controllers/blog_controller.rb:12:in `create'
  [1m[36mTRANSACTION (25.6ms)[0m  [1m[35mCOMMIT[0m
  ↳ app/controllers/blog_controller.rb:12:in `create'
Completed 500 Internal Server Error in 42ms (ActiveRecord: 30.5ms | Allocations: 3176)


  
ActionController::UrlGenerationError (No route matches {:action=>"show", :controller=>"blog"}, missing required keys: [:id]
Did you mean?  blog_url
               blogs_url
               blogs_path
               new_blog_url):
  
app/controllers/blog_controller.rb:14:in `create'
Started GET "/blogs" for ::1 at 2021-06-09 15:15:45 -0700
  
ActionController::RoutingError (No route matches [GET] "/blogs"):
  
Started GET "/blogs/new" for ::1 at 2021-06-09 15:15:50 -0700
Processing by BlogController#new as HTML
  Rendering layout layouts/application.html.erb
  Rendering blog/new.html.erb within layouts/application
  Rendered blog/new.html.erb within layouts/application (Duration: 2.6ms | Allocations: 715)
[Webpacker] Everything's up-to-date. Nothing to do
  Rendered layout layouts/application.html.erb (Duration: 50.4ms | Allocations: 4173)
Completed 200 OK in 127ms (Views: 53.0ms | ActiveRecord: 51.7ms | Allocations: 8003)


Started POST "/blogs" for ::1 at 2021-06-09 15:15:52 -0700
Processing by BlogController#create as HTML
  Parameters: {"authenticity_token"=>"[FILTERED]", "blog"=>{"title"=>"whatever", "content"=>"As a user, I can visit a page that takes a number and displays that number cubed As a user, I can visit a page that takes 2 numbers and displays whether or not the first number is evenly divisible by the second As a user, I can visit a page that takes in a string and displays how many characters are in the string As a user, I can visit a page that takes a string and displays whether it is a palindrome As a user, I can visit a page that takes a noun, verb, adjective, adverb, and uses them to display a short silly story"}, "commit"=>"ADD BLOG"}
  [1m[36mTRANSACTION (3.7ms)[0m  [1m[35mBEGIN[0m
  ↳ app/controllers/blog_controller.rb:12:in `create'
  [1m[36mBlog Create (135.7ms)[0m  [1m[32mINSERT INTO "blogs" ("title", "content", "created_at", "updated_at") VALUES ($1, $2, $3, $4) RETURNING "id"[0m  [["title", "whatever"], ["content", "As a user, I can visit a page that takes a number and displays that number cubed As a user, I can visit a page that takes 2 numbers and displays whether or not the first number is evenly divisible by the second As a user, I can visit a page that takes in a string and displays how many characters are in the string As a user, I can visit a page that takes a string and displays whether it is a palindrome As a user, I can visit a page that takes a noun, verb, adjective, adverb, and uses them to display a short silly story"], ["created_at", "2021-06-09 22:15:52.172391"], ["updated_at", "2021-06-09 22:15:52.172391"]]
  ↳ app/controllers/blog_controller.rb:12:in `create'
  [1m[36mTRANSACTION (2.2ms)[0m  [1m[35mCOMMIT[0m
  ↳ app/controllers/blog_controller.rb:12:in `create'
Redirected to http://localhost:3000/index
Completed 302 Found in 457ms (ActiveRecord: 141.6ms | Allocations: 2682)


Started GET "/index" for ::1 at 2021-06-09 15:15:52 -0700
Processing by BlogController#index as HTML
  Rendering layout layouts/application.html.erb
  Rendering blog/index.html.erb within layouts/application
  [1m[36mBlog Load (2.0ms)[0m  [1m[34mSELECT "blogs".* FROM "blogs"[0m
  ↳ app/views/blog/index.html.erb:3
  Rendered blog/index.html.erb within layouts/application (Duration: 20.9ms | Allocations: 1204)
[Webpacker] Everything's up-to-date. Nothing to do
  Rendered layout layouts/application.html.erb (Duration: 36.8ms | Allocations: 4614)
Completed 200 OK in 39ms (Views: 35.6ms | ActiveRecord: 2.0ms | Allocations: 5088)


Started GET "/blogs/7" for ::1 at 2021-06-09 15:15:54 -0700
Processing by BlogController#show as HTML
  Parameters: {"id"=>"7"}
  [1m[36mBlog Load (25.9ms)[0m  [1m[34mSELECT "blogs".* FROM "blogs" WHERE "blogs"."id" = $1 LIMIT $2[0m  [["id", 7], ["LIMIT", 1]]
  ↳ app/controllers/blog_controller.rb:6:in `show'
  Rendering layout layouts/application.html.erb
  Rendering blog/show.html.erb within layouts/application
  Rendered blog/show.html.erb within layouts/application (Duration: 0.6ms | Allocations: 78)
[Webpacker] Everything's up-to-date. Nothing to do
  Rendered layout layouts/application.html.erb (Duration: 49.1ms | Allocations: 3482)
Completed 200 OK in 124ms (Views: 50.6ms | ActiveRecord: 25.9ms | Allocations: 5348)


Started GET "/index" for ::1 at 2021-06-09 15:17:17 -0700
Processing by BlogController#index as HTML
  Rendering layout layouts/application.html.erb
  Rendering blog/index.html.erb within layouts/application
  [1m[36mBlog Load (9.4ms)[0m  [1m[34mSELECT "blogs".* FROM "blogs"[0m
  ↳ app/views/blog/index.html.erb:3
  Rendered blog/index.html.erb within layouts/application (Duration: 57.5ms | Allocations: 1745)
[Webpacker] Everything's up-to-date. Nothing to do
  Rendered layout layouts/application.html.erb (Duration: 89.2ms | Allocations: 5149)
Completed 200 OK in 94ms (Views: 81.3ms | ActiveRecord: 9.4ms | Allocations: 5605)


Started GET "/blogs/2" for ::1 at 2021-06-09 15:17:19 -0700
Processing by BlogController#show as HTML
  Parameters: {"id"=>"2"}
  [1m[36mBlog Load (1.8ms)[0m  [1m[34mSELECT "blogs".* FROM "blogs" WHERE "blogs"."id" = $1 LIMIT $2[0m  [["id", 2], ["LIMIT", 1]]
  ↳ app/controllers/blog_controller.rb:6:in `show'
  Rendering layout layouts/application.html.erb
  Rendering blog/show.html.erb within layouts/application
  Rendered blog/show.html.erb within layouts/application (Duration: 0.5ms | Allocations: 75)
[Webpacker] Everything's up-to-date. Nothing to do
  Rendered layout layouts/application.html.erb (Duration: 17.2ms | Allocations: 3479)
Completed 200 OK in 225ms (Views: 19.0ms | ActiveRecord: 1.8ms | Allocations: 5196)


Started GET "/index" for ::1 at 2021-06-09 15:17:21 -0700
Processing by BlogController#index as HTML
  Rendering layout layouts/application.html.erb
  Rendering blog/index.html.erb within layouts/application
  [1m[36mBlog Load (20.2ms)[0m  [1m[34mSELECT "blogs".* FROM "blogs"[0m
  ↳ app/views/blog/index.html.erb:3
  Rendered blog/index.html.erb within layouts/application (Duration: 45.0ms | Allocations: 1147)
[Webpacker] Everything's up-to-date. Nothing to do
  Rendered layout layouts/application.html.erb (Duration: 77.2ms | Allocations: 5150)
Completed 200 OK in 80ms (Views: 58.4ms | ActiveRecord: 20.2ms | Allocations: 5606)


Started GET "/blogs/8" for ::1 at 2021-06-09 15:17:23 -0700
Processing by BlogController#show as HTML
  Parameters: {"id"=>"8"}
  [1m[36mBlog Load (3.1ms)[0m  [1m[34mSELECT "blogs".* FROM "blogs" WHERE "blogs"."id" = $1 LIMIT $2[0m  [["id", 8], ["LIMIT", 1]]
  ↳ app/controllers/blog_controller.rb:6:in `show'
  Rendering layout layouts/application.html.erb
  Rendering blog/show.html.erb within layouts/application
  Rendered blog/show.html.erb within layouts/application (Duration: 0.5ms | Allocations: 77)
[Webpacker] Everything's up-to-date. Nothing to do
  Rendered layout layouts/application.html.erb (Duration: 18.2ms | Allocations: 3481)
Completed 200 OK in 176ms (Views: 19.8ms | ActiveRecord: 3.1ms | Allocations: 5198)


Started GET "/index" for ::1 at 2021-06-09 15:17:25 -0700
Processing by BlogController#index as HTML
  Rendering layout layouts/application.html.erb
  Rendering blog/index.html.erb within layouts/application
  [1m[36mBlog Load (1.5ms)[0m  [1m[34mSELECT "blogs".* FROM "blogs"[0m
  ↳ app/views/blog/index.html.erb:3
  Rendered blog/index.html.erb within layouts/application (Duration: 26.8ms | Allocations: 1147)
[Webpacker] Everything's up-to-date. Nothing to do
  Rendered layout layouts/application.html.erb (Duration: 71.8ms | Allocations: 5128)
Completed 200 OK in 80ms (Views: 72.5ms | ActiveRecord: 1.5ms | Allocations: 5584)


Started GET "/blogs/new" for ::1 at 2021-06-09 15:17:26 -0700
Processing by BlogController#new as HTML
  Rendering layout layouts/application.html.erb
  Rendering blog/new.html.erb within layouts/application
  Rendered blog/new.html.erb within layouts/application (Duration: 7.7ms | Allocations: 581)
[Webpacker] Everything's up-to-date. Nothing to do
  Rendered layout layouts/application.html.erb (Duration: 58.4ms | Allocations: 4567)
Completed 200 OK in 64ms (Views: 59.7ms | ActiveRecord: 0.0ms | Allocations: 5025)


Started POST "/blogs" for ::1 at 2021-06-09 15:17:44 -0700
Processing by BlogController#create as HTML
  Parameters: {"authenticity_token"=>"[FILTERED]", "blog"=>{"title"=>"iadjafaiejfoaje", "content"=>"dfniodsfjsdfjpoasjfpjaojfgojeojfiogejargjapeorjviojaevaep"}, "commit"=>"ADD BLOG"}
  [1m[36mTRANSACTION (1.5ms)[0m  [1m[35mBEGIN[0m
  ↳ app/controllers/blog_controller.rb:12:in `create'
  [1m[36mBlog Create (4.2ms)[0m  [1m[32mINSERT INTO "blogs" ("title", "content", "created_at", "updated_at") VALUES ($1, $2, $3, $4) RETURNING "id"[0m  [["title", "iadjafaiejfoaje"], ["content", "dfniodsfjsdfjpoasjfpjaojfgojeojfiogejargjapeorjviojaevaep"], ["created_at", "2021-06-09 22:17:44.261172"], ["updated_at", "2021-06-09 22:17:44.261172"]]
  ↳ app/controllers/blog_controller.rb:12:in `create'
  [1m[36mTRANSACTION (3.4ms)[0m  [1m[35mCOMMIT[0m
  ↳ app/controllers/blog_controller.rb:12:in `create'
Redirected to http://localhost:3000/index
Completed 302 Found in 45ms (ActiveRecord: 9.1ms | Allocations: 2547)


Started GET "/index" for ::1 at 2021-06-09 15:17:44 -0700
Processing by BlogController#index as HTML
  Rendering layout layouts/application.html.erb
  Rendering blog/index.html.erb within layouts/application
  [1m[36mBlog Load (3.9ms)[0m  [1m[34mSELECT "blogs".* FROM "blogs"[0m
  ↳ app/views/blog/index.html.erb:3
  Rendered blog/index.html.erb within layouts/application (Duration: 13.0ms | Allocations: 1179)
[Webpacker] Everything's up-to-date. Nothing to do
  Rendered layout layouts/application.html.erb (Duration: 39.0ms | Allocations: 4591)
Completed 200 OK in 44ms (Views: 39.0ms | ActiveRecord: 3.9ms | Allocations: 5044)


Started GET "/blogs/9" for ::1 at 2021-06-09 15:17:47 -0700
Processing by BlogController#show as HTML
  Parameters: {"id"=>"9"}
  [1m[36mBlog Load (1.7ms)[0m  [1m[34mSELECT "blogs".* FROM "blogs" WHERE "blogs"."id" = $1 LIMIT $2[0m  [["id", 9], ["LIMIT", 1]]
  ↳ app/controllers/blog_controller.rb:6:in `show'
  Rendering layout layouts/application.html.erb
  Rendering blog/show.html.erb within layouts/application
  Rendered blog/show.html.erb within layouts/application (Duration: 0.4ms | Allocations: 76)
[Webpacker] Everything's up-to-date. Nothing to do
  Rendered layout layouts/application.html.erb (Duration: 17.2ms | Allocations: 3486)
Completed 200 OK in 97ms (Views: 18.1ms | ActiveRecord: 1.7ms | Allocations: 5217)


