  [1m[35m (678.6ms)[0m  [1m[35mCREATE DATABASE "controller_kevin_diego_development" ENCODING = 'unicode'[0m
  [1m[35m (332.8ms)[0m  [1m[35mCREATE DATABASE "controller_kevin_diego_test" ENCODING = 'unicode'[0m
  [1m[35m (36.0ms)[0m  [1m[35mCREATE TABLE "schema_migrations" ("version" character varying NOT NULL PRIMARY KEY)[0m
  [1m[35m (32.6ms)[0m  [1m[35mCREATE TABLE "ar_internal_metadata" ("key" character varying NOT NULL PRIMARY KEY, "value" character varying, "created_at" timestamp(6) NOT NULL, "updated_at" timestamp(6) NOT NULL)[0m
  [1m[35m (0.2ms)[0m  [1m[34mSELECT pg_try_advisory_lock(7702485932533074585)[0m
  [1m[35m (2.0ms)[0m  [1m[34mSELECT "schema_migrations"."version" FROM "schema_migrations" ORDER BY "schema_migrations"."version" ASC[0m
  [1m[36mActiveRecord::InternalMetadata Load (0.6ms)[0m  [1m[34mSELECT "ar_internal_metadata".* FROM "ar_internal_metadata" WHERE "ar_internal_metadata"."key" = $1 LIMIT $2[0m  [["key", "environment"], ["LIMIT", 1]]
  [1m[36mTRANSACTION (0.2ms)[0m  [1m[35mBEGIN[0m
  [1m[36mActiveRecord::InternalMetadata Create (2.5ms)[0m  [1m[32mINSERT INTO "ar_internal_metadata" ("key", "value", "created_at", "updated_at") VALUES ($1, $2, $3, $4) RETURNING "key"[0m  [["key", "environment"], ["value", "development"], ["created_at", "2021-06-09 16:25:21.668775"], ["updated_at", "2021-06-09 16:25:21.668775"]]
  [1m[36mTRANSACTION (0.5ms)[0m  [1m[35mCOMMIT[0m
  [1m[35m (22.0ms)[0m  [1m[34mSELECT pg_advisory_unlock(7702485932533074585)[0m
  [1m[35m (0.6ms)[0m  [1m[34mSELECT "schema_migrations"."version" FROM "schema_migrations" ORDER BY "schema_migrations"."version" ASC[0m
Started GET "/" for ::1 at 2021-06-09 09:25:45 -0700
  [1m[35m (2.1ms)[0m  [1m[34mSELECT "schema_migrations"."version" FROM "schema_migrations" ORDER BY "schema_migrations"."version" ASC[0m
Processing by Rails::WelcomeController#index as HTML
  Rendering /Users/learnacademy/.rvm/gems/ruby-3.0.0/gems/railties-6.1.3.2/lib/rails/templates/rails/welcome/index.html.erb
  Rendered /Users/learnacademy/.rvm/gems/ruby-3.0.0/gems/railties-6.1.3.2/lib/rails/templates/rails/welcome/index.html.erb (Duration: 14.0ms | Allocations: 522)
Completed 200 OK in 50ms (Views: 26.9ms | ActiveRecord: 0.0ms | Allocations: 4212)


Started GET "/" for ::1 at 2021-06-09 09:26:01 -0700
Processing by Rails::WelcomeController#index as HTML
  Rendering /Users/learnacademy/.rvm/gems/ruby-3.0.0/gems/railties-6.1.3.2/lib/rails/templates/rails/welcome/index.html.erb
  Rendered /Users/learnacademy/.rvm/gems/ruby-3.0.0/gems/railties-6.1.3.2/lib/rails/templates/rails/welcome/index.html.erb (Duration: 7.2ms | Allocations: 219)
Completed 200 OK in 11ms (Views: 9.8ms | ActiveRecord: 0.0ms | Allocations: 953)


  [1m[35m (0.3ms)[0m  [1m[34mSELECT pg_try_advisory_lock(7702485932533074585)[0m
  [1m[35m (1.1ms)[0m  [1m[34mSELECT "schema_migrations"."version" FROM "schema_migrations" ORDER BY "schema_migrations"."version" ASC[0m
  [1m[36mActiveRecord::InternalMetadata Load (0.7ms)[0m  [1m[34mSELECT "ar_internal_metadata".* FROM "ar_internal_metadata" WHERE "ar_internal_metadata"."key" = $1 LIMIT $2[0m  [["key", "environment"], ["LIMIT", 1]]
  [1m[35m (23.1ms)[0m  [1m[34mSELECT pg_advisory_unlock(7702485932533074585)[0m
  [1m[35m (1.6ms)[0m  [1m[34mSELECT "schema_migrations"."version" FROM "schema_migrations" ORDER BY "schema_migrations"."version" ASC[0m
Started GET "/" for ::1 at 2021-06-09 09:29:17 -0700
  [1m[35m (1.7ms)[0m  [1m[34mSELECT "schema_migrations"."version" FROM "schema_migrations" ORDER BY "schema_migrations"."version" ASC[0m
Processing by Rails::WelcomeController#index as HTML
  Rendering /Users/learnacademy/.rvm/gems/ruby-3.0.0/gems/railties-6.1.3.2/lib/rails/templates/rails/welcome/index.html.erb
  Rendered /Users/learnacademy/.rvm/gems/ruby-3.0.0/gems/railties-6.1.3.2/lib/rails/templates/rails/welcome/index.html.erb (Duration: 10.9ms | Allocations: 415)
Completed 200 OK in 33ms (Views: 15.5ms | ActiveRecord: 0.0ms | Allocations: 3083)


Started GET "/" for ::1 at 2021-06-09 09:30:47 -0700
Processing by Rails::WelcomeController#index as HTML
  Rendering /Users/learnacademy/.rvm/gems/ruby-3.0.0/gems/railties-6.1.3.2/lib/rails/templates/rails/welcome/index.html.erb
  Rendered /Users/learnacademy/.rvm/gems/ruby-3.0.0/gems/railties-6.1.3.2/lib/rails/templates/rails/welcome/index.html.erb (Duration: 12.2ms | Allocations: 222)
Completed 200 OK in 16ms (Views: 13.9ms | ActiveRecord: 0.0ms | Allocations: 957)


Started GET "/" for ::1 at 2021-06-09 09:43:34 -0700
Processing by Rails::WelcomeController#index as HTML
  Rendering /Users/learnacademy/.rvm/gems/ruby-3.0.0/gems/railties-6.1.3.2/lib/rails/templates/rails/welcome/index.html.erb
  Rendered /Users/learnacademy/.rvm/gems/ruby-3.0.0/gems/railties-6.1.3.2/lib/rails/templates/rails/welcome/index.html.erb (Duration: 7.3ms | Allocations: 220)
Completed 200 OK in 11ms (Views: 8.5ms | Allocations: 952)


Started GET "/random" for ::1 at 2021-06-09 09:44:22 -0700
  
ActionController::RoutingError (No route matches [GET] "/random"):
  
Started GET "/random?name=Learn" for ::1 at 2021-06-09 09:46:30 -0700
  
ActionController::RoutingError (No route matches [GET] "/random"):
  
Started GET "/random" for ::1 at 2021-06-09 09:46:36 -0700
  
ActionController::RoutingError (No route matches [GET] "/random"):
  
Started GET "/random" for ::1 at 2021-06-09 09:46:42 -0700
  
ActionController::RoutingError (No route matches [GET] "/random"):
  
Started GET "/random" for ::1 at 2021-06-09 09:47:51 -0700
  
ActionController::RoutingError (No route matches [GET] "/random"):
  
Started GET "/random" for ::1 at 2021-06-09 09:48:34 -0700
Processing by CubedController#random as HTML
Completed 500 Internal Server Error in 2ms (Allocations: 1190)


  
NoMethodError (undefined method `to_i=' for nil:NilClass
Did you mean?  to_d):
  
app/controllers/cubed_controller.rb:3:in `random'
Started GET "/random" for ::1 at 2021-06-09 09:49:04 -0700
Processing by CubedController#random as HTML
  Rendering layout layouts/application.html.erb
  Rendering cubed/random.html.erb within layouts/application
  Rendered cubed/random.html.erb within layouts/application (Duration: 0.7ms | Allocations: 128)
[Webpacker] Compiling...
[Webpacker] Compiled all packs in /Users/learnacademy/Desktop/rails_challenges/controller_kevin_diego/public/packs
[Webpacker] Though the "loose" option was set to "false" in your @babel/preset-env config, it will not be used for @babel/plugin-proposal-private-methods since the "loose" mode option was set to "true" for @babel/plugin-proposal-class-properties.
The "loose" option must be the same for @babel/plugin-proposal-class-properties, @babel/plugin-proposal-private-methods and @babel/plugin-proposal-private-property-in-object (when they are enabled): you can silence this warning by explicitly adding
	["@babel/plugin-proposal-private-methods", { "loose": true }]
to the "plugins" section of your Babel config.
Though the "loose" option was set to "false" in your @babel/preset-env config, it will not be used for @babel/plugin-proposal-private-methods since the "loose" mode option was set to "true" for @babel/plugin-proposal-class-properties.
The "loose" option must be the same for @babel/plugin-proposal-class-properties, @babel/plugin-proposal-private-methods and @babel/plugin-proposal-private-property-in-object (when they are enabled): you can silence this warning by explicitly adding
	["@babel/plugin-proposal-private-methods", { "loose": true }]
to the "plugins" section of your Babel config.
Though the "loose" option was set to "false" in your @babel/preset-env config, it will not be used for @babel/plugin-proposal-private-methods since the "loose" mode option was set to "true" for @babel/plugin-proposal-class-properties.
The "loose" option must be the same for @babel/plugin-proposal-class-properties, @babel/plugin-proposal-private-methods and @babel/plugin-proposal-private-property-in-object (when they are enabled): you can silence this warning by explicitly adding
	["@babel/plugin-proposal-private-methods", { "loose": true }]
to the "plugins" section of your Babel config.
Though the "loose" option was set to "false" in your @babel/preset-env config, it will not be used for @babel/plugin-proposal-private-methods since the "loose" mode option was set to "true" for @babel/plugin-proposal-class-properties.
The "loose" option must be the same for @babel/plugin-proposal-class-properties, @babel/plugin-proposal-private-methods and @babel/plugin-proposal-private-property-in-object (when they are enabled): you can silence this warning by explicitly adding
	["@babel/plugin-proposal-private-methods", { "loose": true }]
to the "plugins" section of your Babel config.
Though the "loose" option was set to "false" in your @babel/preset-env config, it will not be used for @babel/plugin-proposal-private-methods since the "loose" mode option was set to "true" for @babel/plugin-proposal-class-properties.
The "loose" option must be the same for @babel/plugin-proposal-class-properties, @babel/plugin-proposal-private-methods and @babel/plugin-proposal-private-property-in-object (when they are enabled): you can silence this warning by explicitly adding
	["@babel/plugin-proposal-private-methods", { "loose": true }]
to the "plugins" section of your Babel config.
Though the "loose" option was set to "false" in your @babel/preset-env config, it will not be used for @babel/plugin-proposal-private-methods since the "loose" mode option was set to "true" for @babel/plugin-proposal-class-properties.
The "loose" option must be the same for @babel/plugin-proposal-class-properties, @babel/plugin-proposal-private-methods and @babel/plugin-proposal-private-property-in-object (when they are enabled): you can silence this warning by explicitly adding
	["@babel/plugin-proposal-private-methods", { "loose": true }]
to the "plugins" section of your Babel config.

[Webpacker] Hash: e332c6419728fac579d5
Version: webpack 4.46.0
Time: 3033ms
Built at: 06/09/2021 9:49:11 AM
                                     Asset       Size       Chunks                         Chunk Names
    js/application-f826770d917d8a37c1d8.js    125 KiB  application  [emitted] [immutable]  application
js/application-f826770d917d8a37c1d8.js.map    139 KiB  application  [emitted] [dev]        application
                             manifest.json  364 bytes               [emitted]              
Entrypoint application = js/application-f826770d917d8a37c1d8.js js/application-f826770d917d8a37c1d8.js.map
[./app/javascript/channels sync recursive _channel\.js$] ./app/javascript/channels sync _channel\.js$ 160 bytes {application} [built]
[./app/javascript/channels/index.js] 211 bytes {application} [built]
[./app/javascript/packs/application.js] 492 bytes {application} [built]
[./node_modules/webpack/buildin/module.js] (webpack)/buildin/module.js 552 bytes {application} [built]
    + 3 hidden modules

  Rendered layout layouts/application.html.erb (Duration: 7172.5ms | Allocations: 14651)
Completed 200 OK in 7178ms (Views: 7175.4ms | Allocations: 15842)


Started GET "/random" for ::1 at 2021-06-09 09:49:35 -0700
Processing by CubedController#random as HTML
  Rendering layout layouts/application.html.erb
  Rendering cubed/random.html.erb within layouts/application
  Rendered cubed/random.html.erb within layouts/application (Duration: 0.7ms | Allocations: 125)
[Webpacker] Everything's up-to-date. Nothing to do
  Rendered layout layouts/application.html.erb (Duration: 15.0ms | Allocations: 3767)
Completed 200 OK in 21ms (Views: 19.6ms | Allocations: 4998)


Started GET "/random" for ::1 at 2021-06-09 09:50:42 -0700
Processing by CubedController#random as HTML
  Rendering layout layouts/application.html.erb
  Rendering cubed/random.html.erb within layouts/application
  Rendered cubed/random.html.erb within layouts/application (Duration: 0.4ms | Allocations: 128)
[Webpacker] Everything's up-to-date. Nothing to do
  Rendered layout layouts/application.html.erb (Duration: 8.5ms | Allocations: 3758)
Completed 200 OK in 12ms (Views: 11.1ms | Allocations: 5001)


Started GET "/random" for ::1 at 2021-06-09 09:50:57 -0700
Processing by CubedController#random as HTML
  Rendering layout layouts/application.html.erb
  Rendering cubed/random.html.erb within layouts/application
  Rendered cubed/random.html.erb within layouts/application (Duration: 0.1ms | Allocations: 42)
[Webpacker] Everything's up-to-date. Nothing to do
  Rendered layout layouts/application.html.erb (Duration: 7.1ms | Allocations: 3513)
Completed 200 OK in 9ms (Views: 8.4ms | Allocations: 4139)


Started GET "/random" for ::1 at 2021-06-09 09:51:48 -0700
Processing by CubedController#random as HTML
  Rendering layout layouts/application.html.erb
  Rendering cubed/random.html.erb within layouts/application
  Rendered cubed/random.html.erb within layouts/application (Duration: 0.2ms | Allocations: 42)
[Webpacker] Everything's up-to-date. Nothing to do
  Rendered layout layouts/application.html.erb (Duration: 9.4ms | Allocations: 3497)
Completed 200 OK in 11ms (Views: 10.3ms | Allocations: 4124)


Started GET "/random" for ::1 at 2021-06-09 09:55:02 -0700
Processing by CubedController#random as HTML
DEPRECATION WARNING: Rendering actions with '.' in the name is deprecated: cubed/random.html.erb (called from random at /Users/learnacademy/Desktop/rails_challenges/controller_kevin_diego/app/controllers/cubed_controller.rb:8)
  Rendering layout layouts/application.html.erb
  Rendering cubed/random.html.erb within layouts/application
  Rendered cubed/random.html.erb within layouts/application (Duration: 0.5ms | Allocations: 123)
[Webpacker] Everything's up-to-date. Nothing to do
  Rendered layout layouts/application.html.erb (Duration: 8.1ms | Allocations: 3556)
Completed 200 OK in 12ms (Views: 10.9ms | Allocations: 4508)


Started GET "/random" for ::1 at 2021-06-09 09:55:05 -0700
Processing by CubedController#random as HTML
  Rendering layout layouts/application.html.erb
  Rendering cubed/random.html.erb within layouts/application
  Rendered cubed/random.html.erb within layouts/application (Duration: 0.2ms | Allocations: 38)
[Webpacker] Everything's up-to-date. Nothing to do
  Rendered layout layouts/application.html.erb (Duration: 7.4ms | Allocations: 3423)
Completed 200 OK in 9ms (Views: 8.2ms | Allocations: 3848)


Started GET "/random" for ::1 at 2021-06-09 09:55:23 -0700
  
SyntaxError (/Users/learnacademy/Desktop/rails_challenges/controller_kevin_diego/app/controllers/cubed_controller.rb:3: syntax error, unexpected integer literal, expecting literal content or terminator or tSTRING_DBEG or tSTRING_DVAR
    if params[:10].to_i.even?
               ^~
/Users/learnacademy/Desktop/rails_challenges/controller_kevin_diego/app/controllers/cubed_controller.rb:5: else without rescue is useless
    else
    ^~~~
/Users/learnacademy/Desktop/rails_challenges/controller_kevin_diego/app/controllers/cubed_controller.rb:10: syntax error, unexpected `end', expecting end-of-input):
  
app/controllers/cubed_controller.rb:3: syntax error, unexpected integer literal, expecting literal content or terminator or tSTRING_DBEG or tSTRING_DVAR
app/controllers/cubed_controller.rb:5: else without rescue is useless
app/controllers/cubed_controller.rb:10: syntax error, unexpected `end', expecting end-of-input
app/controllers/cubed_controller.rb:3: syntax error, unexpected integer literal, expecting literal content or terminator or tSTRING_DBEG or tSTRING_DVAR
app/controllers/cubed_controller.rb:5: else without rescue is useless
app/controllers/cubed_controller.rb:10: syntax error, unexpected `end', expecting end-of-input
app/controllers/cubed_controller.rb:3: syntax error, unexpected integer literal, expecting literal content or terminator or tSTRING_DBEG or tSTRING_DVAR
app/controllers/cubed_controller.rb:5: else without rescue is useless
app/controllers/cubed_controller.rb:10: syntax error, unexpected `end', expecting end-of-input
Started GET "/random" for ::1 at 2021-06-09 09:55:44 -0700
Processing by CubedController#random as HTML
  Rendering layout layouts/application.html.erb
  Rendering cubed/random.html.erb within layouts/application
  Rendered cubed/random.html.erb within layouts/application (Duration: 0.1ms | Allocations: 42)
[Webpacker] Everything's up-to-date. Nothing to do
  Rendered layout layouts/application.html.erb (Duration: 12.2ms | Allocations: 3480)
Completed 200 OK in 15ms (Views: 13.3ms | Allocations: 4093)


