  [1m[35m (798.0ms)[0m  [1m[35mCREATE DATABASE "c_r_v_development" ENCODING = 'unicode'[0m
  [1m[35m (320.1ms)[0m  [1m[35mCREATE DATABASE "c_r_v_test" ENCODING = 'unicode'[0m
  [1m[35m (109.5ms)[0m  [1m[35mCREATE TABLE "schema_migrations" ("version" character varying NOT NULL PRIMARY KEY)[0m
  [1m[35m (34.2ms)[0m  [1m[35mCREATE TABLE "ar_internal_metadata" ("key" character varying NOT NULL PRIMARY KEY, "value" character varying, "created_at" timestamp(6) NOT NULL, "updated_at" timestamp(6) NOT NULL)[0m
  [1m[35m (5.0ms)[0m  [1m[34mSELECT pg_try_advisory_lock(4953691425471378345)[0m
  [1m[35m (28.1ms)[0m  [1m[34mSELECT "schema_migrations"."version" FROM "schema_migrations" ORDER BY "schema_migrations"."version" ASC[0m
  [1m[36mActiveRecord::InternalMetadata Load (1.9ms)[0m  [1m[34mSELECT "ar_internal_metadata".* FROM "ar_internal_metadata" WHERE "ar_internal_metadata"."key" = $1 LIMIT $2[0m  [["key", "environment"], ["LIMIT", 1]]
  [1m[36mTRANSACTION (2.5ms)[0m  [1m[35mBEGIN[0m
  [1m[36mActiveRecord::InternalMetadata Create (30.9ms)[0m  [1m[32mINSERT INTO "ar_internal_metadata" ("key", "value", "created_at", "updated_at") VALUES ($1, $2, $3, $4) RETURNING "key"[0m  [["key", "environment"], ["value", "development"], ["created_at", "2021-06-08 21:50:02.223782"], ["updated_at", "2021-06-08 21:50:02.223782"]]
  [1m[36mTRANSACTION (19.5ms)[0m  [1m[35mCOMMIT[0m
  [1m[35m (0.7ms)[0m  [1m[34mSELECT pg_advisory_unlock(4953691425471378345)[0m
  [1m[35m (1.5ms)[0m  [1m[34mSELECT "schema_migrations"."version" FROM "schema_migrations" ORDER BY "schema_migrations"."version" ASC[0m
Started GET "/team" for ::1 at 2021-06-08 15:13:27 -0700
  [1m[35m (1.7ms)[0m  [1m[34mSELECT "schema_migrations"."version" FROM "schema_migrations" ORDER BY "schema_migrations"."version" ASC[0m
Processing by MainController#team as HTML
  Rendering html template
  Rendered html template (Duration: 0.3ms | Allocations: 57)
Completed 200 OK in 75ms (Views: 27.4ms | ActiveRecord: 0.0ms | Allocations: 3194)


Started GET "/team" for ::1 at 2021-06-08 15:15:41 -0700
Processing by MainController#team as HTML
  Rendering html template
  Rendered html template (Duration: 0.2ms | Allocations: 28)
Completed 200 OK in 6ms (Views: 4.4ms | ActiveRecord: 0.0ms | Allocations: 510)


Started GET "/team" for ::1 at 2021-06-08 15:16:25 -0700
Processing by MainController#team as HTML
  Rendering html template
  Rendered html template (Duration: 0.2ms | Allocations: 28)
Completed 200 OK in 2ms (Views: 1.6ms | ActiveRecord: 0.0ms | Allocations: 511)


Started GET "/ttile" for ::1 at 2021-06-08 15:16:34 -0700
  
ActionController::RoutingError (No route matches [GET] "/ttile"):
  
Started GET "/title" for ::1 at 2021-06-08 15:16:52 -0700
Processing by MainController#title as HTML
  Rendering html template
  Rendered html template (Duration: 0.3ms | Allocations: 27)
Completed 200 OK in 4ms (Views: 2.8ms | ActiveRecord: 0.0ms | Allocations: 324)


Started GET "/" for ::1 at 2021-06-08 15:18:17 -0700
Processing by MainController#title as HTML
  Rendering html template
  Rendered html template (Duration: 0.2ms | Allocations: 27)
Completed 200 OK in 3ms (Views: 1.9ms | ActiveRecord: 0.0ms | Allocations: 508)


Started GET "/" for ::1 at 2021-06-08 15:18:20 -0700
Processing by MainController#title as HTML
  Rendering html template
  Rendered html template (Duration: 0.2ms | Allocations: 28)
Completed 200 OK in 2ms (Views: 1.1ms | ActiveRecord: 0.0ms | Allocations: 327)


Started GET "/" for ::1 at 2021-06-08 15:19:06 -0700
  
ArgumentError (Invalid route name, already in use: 'root' 
You may have defined two routes with the same name using the `:as` option, or you may be overriding a route already defined by a resource with the same naming. For the latter, you can restrict the routes created with `resources` as explained here: 
https://guides.rubyonrails.org/routing.html#restricting-the-routes-created):
  
config/routes.rb:6:in `block in <main>'
config/routes.rb:1:in `<main>'
Started GET "/" for ::1 at 2021-06-08 15:21:57 -0700
  
ArgumentError (Invalid route name, already in use: 'root' 
You may have defined two routes with the same name using the `:as` option, or you may be overriding a route already defined by a resource with the same naming. For the latter, you can restrict the routes created with `resources` as explained here: 
https://guides.rubyonrails.org/routing.html#restricting-the-routes-created):
  
config/routes.rb:6:in `block in <main>'
config/routes.rb:1:in `<main>'
Started GET "/" for ::1 at 2021-06-08 15:23:14 -0700
Processing by MainController#team as HTML
  Rendering html template
  Rendered html template (Duration: 0.1ms | Allocations: 27)
Completed 200 OK in 5ms (Views: 2.6ms | ActiveRecord: 0.0ms | Allocations: 512)


Started GET "/" for ::1 at 2021-06-08 15:32:55 -0700
Processing by MainController#team as HTML
  Rendering html template
  Rendered html template (Duration: 0.3ms | Allocations: 28)
Completed 200 OK in 7ms (Views: 3.5ms | Allocations: 525)


Started GET "/" for ::1 at 2021-06-08 15:33:03 -0700
Processing by MainController#team as HTML
  Rendering html template
  Rendered html template (Duration: 0.1ms | Allocations: 27)
Completed 200 OK in 2ms (Views: 1.4ms | Allocations: 321)


Started GET "/" for ::1 at 2021-06-08 15:33:38 -0700
Processing by MainController#title as HTML
  Rendering html template
  Rendered html template (Duration: 0.3ms | Allocations: 27)
Completed 200 OK in 3ms (Views: 2.1ms | Allocations: 505)


Started GET "/" for ::1 at 2021-06-08 15:33:52 -0700
Processing by MainController#list as HTML
DEPRECATION WARNING: Rendering actions with '.' in the name is deprecated: main/list.html.erb (called from list at /Users/learnacademy/Desktop/rails_challenges/c_r_v/app/controllers/main_controller.rb:10)
DEPRECATION WARNING: Rendering actions with '.' in the name is deprecated: main/list.html.erb (called from list at /Users/learnacademy/Desktop/rails_challenges/c_r_v/app/controllers/main_controller.rb:10)
DEPRECATION WARNING: Rendering actions with '.' in the name is deprecated: main/list.html.erb (called from list at /Users/learnacademy/Desktop/rails_challenges/c_r_v/app/controllers/main_controller.rb:10)
DEPRECATION WARNING: Rendering actions with '.' in the name is deprecated: application/list.html.erb (called from list at /Users/learnacademy/Desktop/rails_challenges/c_r_v/app/controllers/main_controller.rb:10)
DEPRECATION WARNING: Rendering actions with '.' in the name is deprecated: application/list.html.erb (called from list at /Users/learnacademy/Desktop/rails_challenges/c_r_v/app/controllers/main_controller.rb:10)
DEPRECATION WARNING: Rendering actions with '.' in the name is deprecated: application/list.html.erb (called from list at /Users/learnacademy/Desktop/rails_challenges/c_r_v/app/controllers/main_controller.rb:10)
Completed 500 Internal Server Error in 20ms (Allocations: 2526)


  
ActionView::MissingTemplate (Missing template main/list.html.erb, application/list.html.erb with {:locale=>[:en], :formats=>[:html], :variants=>[], :handlers=>[:raw, :erb, :html, :builder, :ruby, :jbuilder]}. Searched in:
  * "/Users/learnacademy/Desktop/rails_challenges/c_r_v/app/views"
  * "/Users/learnacademy/.rvm/gems/ruby-3.0.0/gems/actiontext-6.1.3.2/app/views"
  * "/Users/learnacademy/.rvm/gems/ruby-3.0.0/gems/actionmailbox-6.1.3.2/app/views"
):
  
app/controllers/main_controller.rb:10:in `list'
Started GET "/" for ::1 at 2021-06-08 15:34:07 -0700
Processing by MainController#list as HTML
Completed 500 Internal Server Error in 2ms (Allocations: 773)


  
ActionView::MissingTemplate (Missing template main/list.html.erb, application/list.html.erb with {:locale=>[:en], :formats=>[:html], :variants=>[], :handlers=>[:raw, :erb, :html, :builder, :ruby, :jbuilder]}. Searched in:
  * "/Users/learnacademy/Desktop/rails_challenges/c_r_v/app/views"
  * "/Users/learnacademy/.rvm/gems/ruby-3.0.0/gems/actiontext-6.1.3.2/app/views"
  * "/Users/learnacademy/.rvm/gems/ruby-3.0.0/gems/actionmailbox-6.1.3.2/app/views"
):
  
app/controllers/main_controller.rb:10:in `list'
Started GET "/" for ::1 at 2021-06-08 15:34:10 -0700
Processing by MainController#list as HTML
Completed 500 Internal Server Error in 2ms (Allocations: 770)


  
ActionView::MissingTemplate (Missing template main/list.html.erb, application/list.html.erb with {:locale=>[:en], :formats=>[:html], :variants=>[], :handlers=>[:raw, :erb, :html, :builder, :ruby, :jbuilder]}. Searched in:
  * "/Users/learnacademy/Desktop/rails_challenges/c_r_v/app/views"
  * "/Users/learnacademy/.rvm/gems/ruby-3.0.0/gems/actiontext-6.1.3.2/app/views"
  * "/Users/learnacademy/.rvm/gems/ruby-3.0.0/gems/actionmailbox-6.1.3.2/app/views"
):
  
app/controllers/main_controller.rb:10:in `list'
Started GET "/" for ::1 at 2021-06-08 15:34:23 -0700
Processing by MainController#team as HTML
  Rendering html template
  Rendered html template (Duration: 0.1ms | Allocations: 27)
Completed 200 OK in 2ms (Views: 1.8ms | Allocations: 506)


  [1m[35m (31.2ms)[0m  [1m[35mCREATE DATABASE "c_r_v_development" ENCODING = 'unicode'[0m
  [1m[35m (26.5ms)[0m  [1m[35mCREATE DATABASE "c_r_v_test" ENCODING = 'unicode'[0m
